TN:
SF:/Users/nikita/Projects/GitHub/s21_Containers/src/array/s21_array.tpp
FN:104,_ZN3s215arrayINS0_IiLm1EEELm2EE4backEv
FN:104,_ZN3s215arrayIiLm2EE4backEv
FN:109,_ZNK3s215arrayINS0_IiLm1EEELm2EE4backEv
FN:109,_ZNK3s215arrayIiLm2EE4backEv
FN:114,_ZN3s215arrayIiLm2EE4dataEv
FN:119,_ZNK3s215arrayINS0_IiLm1EEELm2EE4dataEv
FN:119,_ZNK3s215arrayIiLm2EE4dataEv
FN:12,_ZN3s215arrayINS0_IiLm1EEELm3EEC1ERKS2_
FN:12,_ZN3s215arrayINS0_IiLm1EEELm3EEC2ERKS2_
FN:12,_ZN3s215arrayIiLm3EEC1ERKS1_
FN:12,_ZN3s215arrayIiLm3EEC2ERKS1_
FN:124,_ZNK3s215arrayINS0_IiLm1EEELm0EE5emptyEv
FN:124,_ZNK3s215arrayIiLm0EE5emptyEv
FN:129,_ZNK3s215arrayINS0_IiLm1EEELm3EE4sizeEv
FN:129,_ZNK3s215arrayIiLm3EE4sizeEv
FN:134,_ZNK3s215arrayINS0_IiLm1EEELm3EE8max_sizeEv
FN:134,_ZNK3s215arrayIiLm3EE8max_sizeEv
FN:139,_ZN3s215arrayINS0_IiLm1EEELm2EE4fillERKS1_
FN:139,_ZN3s215arrayIiLm3EE4fillERKi
FN:146,_ZN3s215arrayIiLm3EE4swapERS1_
FN:153,_ZN3s215arrayIiLm3EE5beginEv
FN:158,_ZN3s215arrayIiLm3EE3endEv
FN:163,_ZNK3s215arrayIiLm3EE6cbeginEv
FN:168,_ZNK3s215arrayIiLm3EE4cendEv
FN:173,_ZN3s21eqINS_5arrayIiLm1EEELm2EEEbRKNS1_IT_XT0_EEES6_
FN:173,_ZN3s21eqIiLm1EEEbRKNS_5arrayIT_XT0_EEES5_
FN:173,_ZN3s21eqIiLm3EEEbRKNS_5arrayIT_XT0_EEES5_
FN:187,_ZN3s21neINS_5arrayIiLm1EEELm2EEEbRKNS1_IT_XT0_EEES6_
FN:187,_ZN3s21neIiLm1EEEbRKNS_5arrayIT_XT0_EEES5_
FN:187,_ZN3s21neIiLm3EEEbRKNS_5arrayIT_XT0_EEES5_
FN:19,_ZN3s215arrayINS0_IiLm1EEELm2EEC1ESt16initializer_listIS1_E
FN:19,_ZN3s215arrayINS0_IiLm1EEELm2EEC2ESt16initializer_listIS1_E
FN:19,_ZN3s215arrayINS0_IiLm1EEELm3EEC1ESt16initializer_listIS1_E
FN:19,_ZN3s215arrayINS0_IiLm1EEELm3EEC2ESt16initializer_listIS1_E
FN:19,_ZN3s215arrayIiLm1EEC1ESt16initializer_listIiE
FN:19,_ZN3s215arrayIiLm1EEC2ESt16initializer_listIiE
FN:19,_ZN3s215arrayIiLm2EEC1ESt16initializer_listIiE
FN:19,_ZN3s215arrayIiLm2EEC2ESt16initializer_listIiE
FN:19,_ZN3s215arrayIiLm3EEC1ESt16initializer_listIiE
FN:19,_ZN3s215arrayIiLm3EEC2ESt16initializer_listIiE
FN:29,_ZN3s215arrayINS0_IiLm1EEELm3EEC1EOS2_
FN:29,_ZN3s215arrayINS0_IiLm1EEELm3EEC2EOS2_
FN:29,_ZN3s215arrayIiLm3EEC1EOS1_
FN:29,_ZN3s215arrayIiLm3EEC2EOS1_
FN:36,_ZN3s215arrayIiLm1EEaSERKS1_
FN:46,_ZN3s215arrayIiLm1EEaSEOS1_
FN:56,_ZN3s215arrayIiLm1EEaSESt16initializer_listIiE
FN:68,_ZN3s215arrayINS0_IiLm1EEELm2EE2atEm
FN:68,_ZN3s215arrayIiLm2EE2atEm
FN:76,_ZNK3s215arrayINS0_IiLm1EEELm2EE2atEm
FN:76,_ZNK3s215arrayIiLm2EE2atEm
FN:84,_ZN3s215arrayINS0_IiLm1EEELm2EEixEm
FN:84,_ZN3s215arrayIiLm2EEixEm
FN:89,_ZNK3s215arrayINS0_IiLm1EEELm2EEixEm
FN:89,_ZNK3s215arrayINS0_IiLm1EEELm3EEixEm
FN:89,_ZNK3s215arrayIiLm1EEixEm
FN:89,_ZNK3s215arrayIiLm2EEixEm
FN:89,_ZNK3s215arrayIiLm3EEixEm
FN:9,_ZN3s215arrayINS0_IiLm1EEELm0EEC1Ev
FN:9,_ZN3s215arrayINS0_IiLm1EEELm0EEC2Ev
FN:9,_ZN3s215arrayIiLm0EEC1Ev
FN:9,_ZN3s215arrayIiLm0EEC2Ev
FN:9,_ZN3s215arrayIiLm1EEC1Ev
FN:9,_ZN3s215arrayIiLm1EEC2Ev
FN:94,_ZN3s215arrayINS0_IiLm1EEELm2EE5frontEv
FN:94,_ZN3s215arrayIiLm2EE5frontEv
FN:99,_ZNK3s215arrayINS0_IiLm1EEELm2EE5frontEv
FN:99,_ZNK3s215arrayIiLm2EE5frontEv
FNDA:2,_ZN3s215arrayINS0_IiLm1EEELm2EE4backEv
FNDA:1,_ZN3s215arrayIiLm2EE4backEv
FNDA:1,_ZNK3s215arrayINS0_IiLm1EEELm2EE4backEv
FNDA:2,_ZNK3s215arrayIiLm2EE4backEv
FNDA:1,_ZN3s215arrayIiLm2EE4dataEv
FNDA:1,_ZNK3s215arrayINS0_IiLm1EEELm2EE4dataEv
FNDA:1,_ZNK3s215arrayIiLm2EE4dataEv
FNDA:1,_ZN3s215arrayINS0_IiLm1EEELm3EEC1ERKS2_
FNDA:1,_ZN3s215arrayINS0_IiLm1EEELm3EEC2ERKS2_
FNDA:1,_ZN3s215arrayIiLm3EEC1ERKS1_
FNDA:1,_ZN3s215arrayIiLm3EEC2ERKS1_
FNDA:1,_ZNK3s215arrayINS0_IiLm1EEELm0EE5emptyEv
FNDA:1,_ZNK3s215arrayIiLm0EE5emptyEv
FNDA:2,_ZNK3s215arrayINS0_IiLm1EEELm3EE4sizeEv
FNDA:2,_ZNK3s215arrayIiLm3EE4sizeEv
FNDA:1,_ZNK3s215arrayINS0_IiLm1EEELm3EE8max_sizeEv
FNDA:1,_ZNK3s215arrayIiLm3EE8max_sizeEv
FNDA:1,_ZN3s215arrayINS0_IiLm1EEELm2EE4fillERKS1_
FNDA:1,_ZN3s215arrayIiLm3EE4fillERKi
FNDA:1,_ZN3s215arrayIiLm3EE4swapERS1_
FNDA:1,_ZN3s215arrayIiLm3EE5beginEv
FNDA:1,_ZN3s215arrayIiLm3EE3endEv
FNDA:1,_ZNK3s215arrayIiLm3EE6cbeginEv
FNDA:1,_ZNK3s215arrayIiLm3EE4cendEv
FNDA:2,_ZN3s21eqINS_5arrayIiLm1EEELm2EEEbRKNS1_IT_XT0_EEES6_
FNDA:2,_ZN3s21eqIiLm1EEEbRKNS_5arrayIT_XT0_EEES5_
FNDA:2,_ZN3s21eqIiLm3EEEbRKNS_5arrayIT_XT0_EEES5_
FNDA:1,_ZN3s21neINS_5arrayIiLm1EEELm2EEEbRKNS1_IT_XT0_EEES6_
FNDA:2,_ZN3s21neIiLm1EEEbRKNS_5arrayIT_XT0_EEES5_
FNDA:1,_ZN3s21neIiLm3EEEbRKNS_5arrayIT_XT0_EEES5_
FNDA:6,_ZN3s215arrayINS0_IiLm1EEELm2EEC1ESt16initializer_listIS1_E
FNDA:6,_ZN3s215arrayINS0_IiLm1EEELm2EEC2ESt16initializer_listIS1_E
FNDA:3,_ZN3s215arrayINS0_IiLm1EEELm3EEC1ESt16initializer_listIS1_E
FNDA:3,_ZN3s215arrayINS0_IiLm1EEELm3EEC2ESt16initializer_listIS1_E
FNDA:22,_ZN3s215arrayIiLm1EEC1ESt16initializer_listIiE
FNDA:22,_ZN3s215arrayIiLm1EEC2ESt16initializer_listIiE
FNDA:4,_ZN3s215arrayIiLm2EEC1ESt16initializer_listIiE
FNDA:4,_ZN3s215arrayIiLm2EEC2ESt16initializer_listIiE
FNDA:6,_ZN3s215arrayIiLm3EEC1ESt16initializer_listIiE
FNDA:6,_ZN3s215arrayIiLm3EEC2ESt16initializer_listIiE
FNDA:1,_ZN3s215arrayINS0_IiLm1EEELm3EEC1EOS2_
FNDA:1,_ZN3s215arrayINS0_IiLm1EEELm3EEC2EOS2_
FNDA:1,_ZN3s215arrayIiLm3EEC1EOS1_
FNDA:1,_ZN3s215arrayIiLm3EEC2EOS1_
FNDA:26,_ZN3s215arrayIiLm1EEaSERKS1_
FNDA:3,_ZN3s215arrayIiLm1EEaSEOS1_
FNDA:4,_ZN3s215arrayIiLm1EEaSESt16initializer_listIiE
FNDA:3,_ZN3s215arrayINS0_IiLm1EEELm2EE2atEm
FNDA:3,_ZN3s215arrayIiLm2EE2atEm
FNDA:2,_ZNK3s215arrayINS0_IiLm1EEELm2EE2atEm
FNDA:2,_ZNK3s215arrayIiLm2EE2atEm
FNDA:2,_ZN3s215arrayINS0_IiLm1EEELm2EEixEm
FNDA:2,_ZN3s215arrayIiLm2EEixEm
FNDA:7,_ZNK3s215arrayINS0_IiLm1EEELm2EEixEm
FNDA:6,_ZNK3s215arrayINS0_IiLm1EEELm3EEixEm
FNDA:21,_ZNK3s215arrayIiLm1EEixEm
FNDA:5,_ZNK3s215arrayIiLm2EEixEm
FNDA:16,_ZNK3s215arrayIiLm3EEixEm
FNDA:1,_ZN3s215arrayINS0_IiLm1EEELm0EEC1Ev
FNDA:1,_ZN3s215arrayINS0_IiLm1EEELm0EEC2Ev
FNDA:1,_ZN3s215arrayIiLm0EEC1Ev
FNDA:1,_ZN3s215arrayIiLm0EEC2Ev
FNDA:27,_ZN3s215arrayIiLm1EEC1Ev
FNDA:27,_ZN3s215arrayIiLm1EEC2Ev
FNDA:2,_ZN3s215arrayINS0_IiLm1EEELm2EE5frontEv
FNDA:1,_ZN3s215arrayIiLm2EE5frontEv
FNDA:1,_ZNK3s215arrayINS0_IiLm1EEELm2EE5frontEv
FNDA:2,_ZNK3s215arrayIiLm2EE5frontEv
FNF:68
FNH:68
DA:9,87
DA:12,4
DA:13,8
DA:14,7
DA:15,15
DA:16,5
DA:19,82
DA:20,41
DA:22,110
DA:23,69
DA:24,69
DA:26,82
DA:29,4
DA:30,8
DA:31,6
DA:32,6
DA:33,4
DA:36,26
DA:37,26
DA:38,52
DA:39,26
DA:40,26
DA:41,26
DA:42,26
DA:46,3
DA:47,3
DA:48,6
DA:49,3
DA:50,77
DA:51,3
DA:52,3
DA:56,4
DA:57,4
DA:59,8
DA:60,4
DA:61,4
DA:64,4
DA:68,6
DA:69,6
DA:70,2
DA:72,4
DA:73,0
DA:76,4
DA:77,4
DA:78,2
DA:80,2
DA:81,0
DA:84,4
DA:85,4
DA:89,55
DA:90,55
DA:94,3
DA:95,3
DA:99,3
DA:100,3
DA:104,3
DA:105,3
DA:109,3
DA:110,3
DA:114,1
DA:115,1
DA:119,2
DA:120,2
DA:124,2
DA:125,2
DA:129,4
DA:130,4
DA:134,2
DA:135,2
DA:139,2
DA:140,7
DA:141,5
DA:142,5
DA:143,2
DA:146,1
DA:147,4
DA:148,3
DA:149,3
DA:150,1
DA:153,1
DA:154,1
DA:158,1
DA:159,1
DA:163,1
DA:164,1
DA:168,1
DA:169,1
DA:173,6
DA:174,6
DA:176,6
DA:177,6
DA:178,6
DA:179,6
DA:181,0
DA:183,6
DA:187,4
DA:188,4
LF:97
LH:94
end_of_record
TN:
SF:/Users/nikita/Projects/GitHub/s21_Containers/src/iterators/s21_list_iterators.tpp
FN:107,_ZNK3s214listINS0_IiEEE12ListIteratorneERKS3_
FN:107,_ZNK3s214listIiE12ListIteratorneERKS2_
FN:113,_ZNK3s214listINS0_IiEEE17ListConstIteratorneERKS3_
FN:113,_ZNK3s214listIiE17ListConstIteratorneERKS2_
FN:15,_ZN3s214listINS0_IiEEE12ListIteratorC1EPNS2_4NodeE
FN:15,_ZN3s214listINS0_IiEEE12ListIteratorC2EPNS2_4NodeE
FN:15,_ZN3s214listIiE12ListIteratorC1EPNS1_4NodeE
FN:15,_ZN3s214listIiE12ListIteratorC2EPNS1_4NodeE
FN:19,_ZN3s214listIiE12ListIteratorC1EPKNS1_4NodeE
FN:19,_ZN3s214listIiE12ListIteratorC2EPKNS1_4NodeE
FN:23,_ZN3s214listIiE12ListIteratorC1ERKS2_
FN:23,_ZN3s214listIiE12ListIteratorC2ERKS2_
FN:27,_ZN3s214listINS0_IiEEE17ListConstIteratorC1ERKS3_
FN:27,_ZN3s214listINS0_IiEEE17ListConstIteratorC2ERKS3_
FN:27,_ZN3s214listIiE17ListConstIteratorC1ERKS2_
FN:27,_ZN3s214listIiE17ListConstIteratorC2ERKS2_
FN:32,_ZN3s214listINS0_IiEEE17ListConstIteratorC1ERKNS2_12ListIteratorE
FN:32,_ZN3s214listINS0_IiEEE17ListConstIteratorC2ERKNS2_12ListIteratorE
FN:32,_ZN3s214listIiE17ListConstIteratorC1ERKNS1_12ListIteratorE
FN:32,_ZN3s214listIiE17ListConstIteratorC2ERKNS1_12ListIteratorE
FN:37,_ZN3s214listINS0_IiEEE17ListConstIteratorC1EPKNS2_4NodeE
FN:37,_ZN3s214listINS0_IiEEE17ListConstIteratorC2EPKNS2_4NodeE
FN:37,_ZN3s214listIiE17ListConstIteratorC1EPKNS1_4NodeE
FN:37,_ZN3s214listIiE17ListConstIteratorC2EPKNS1_4NodeE
FN:41,_ZN3s214listINS0_IiEEE12ListIteratoraSERKS3_
FN:41,_ZN3s214listIiE12ListIteratoraSERKS2_
FN:50,_ZN3s214listINS0_IiEEE17ListConstIteratoraSERKS3_
FN:50,_ZN3s214listIiE17ListConstIteratoraSERKS2_
FN:59,_ZN3s214listINS0_IiEEE12ListIteratordeEv
FN:59,_ZN3s214listIiE12ListIteratordeEv
FN:64,_ZNK3s214listINS0_IiEEE17ListConstIteratordeEv
FN:64,_ZNK3s214listIiE17ListConstIteratordeEv
FN:69,_ZN3s214listINS0_IiEEE12ListIteratorppEv
FN:69,_ZN3s214listIiE12ListIteratorppEv
FN:76,_ZN3s214listINS0_IiEEE17ListConstIteratorppEv
FN:76,_ZN3s214listIiE17ListConstIteratorppEv
FN:82,_ZN3s214listINS0_IiEEE12ListIteratormmEv
FN:82,_ZN3s214listIiE12ListIteratormmEv
FN:89,_ZN3s214listINS0_IiEEE17ListConstIteratormmEv
FN:89,_ZN3s214listIiE17ListConstIteratormmEv
FN:9,_ZN3s214listINS0_IiEEE12ListIteratorC1Ev
FN:9,_ZN3s214listINS0_IiEEE12ListIteratorC2Ev
FN:9,_ZN3s214listIiE12ListIteratorC1Ev
FN:9,_ZN3s214listIiE12ListIteratorC2Ev
FNDA:25,_ZNK3s214listINS0_IiEEE12ListIteratorneERKS3_
FNDA:25,_ZNK3s214listIiE12ListIteratorneERKS2_
FNDA:180,_ZNK3s214listINS0_IiEEE17ListConstIteratorneERKS3_
FNDA:1227,_ZNK3s214listIiE17ListConstIteratorneERKS2_
FNDA:91,_ZN3s214listINS0_IiEEE12ListIteratorC1EPNS2_4NodeE
FNDA:91,_ZN3s214listINS0_IiEEE12ListIteratorC2EPNS2_4NodeE
FNDA:708,_ZN3s214listIiE12ListIteratorC1EPNS1_4NodeE
FNDA:708,_ZN3s214listIiE12ListIteratorC2EPNS1_4NodeE
FNDA:2,_ZN3s214listIiE12ListIteratorC1EPKNS1_4NodeE
FNDA:2,_ZN3s214listIiE12ListIteratorC2EPKNS1_4NodeE
FNDA:151,_ZN3s214listIiE12ListIteratorC1ERKS2_
FNDA:151,_ZN3s214listIiE12ListIteratorC2ERKS2_
FNDA:11,_ZN3s214listINS0_IiEEE17ListConstIteratorC1ERKS3_
FNDA:11,_ZN3s214listINS0_IiEEE17ListConstIteratorC2ERKS3_
FNDA:88,_ZN3s214listIiE17ListConstIteratorC1ERKS2_
FNDA:88,_ZN3s214listIiE17ListConstIteratorC2ERKS2_
FNDA:15,_ZN3s214listINS0_IiEEE17ListConstIteratorC1ERKNS2_12ListIteratorE
FNDA:15,_ZN3s214listINS0_IiEEE17ListConstIteratorC2ERKNS2_12ListIteratorE
FNDA:15,_ZN3s214listIiE17ListConstIteratorC1ERKNS1_12ListIteratorE
FNDA:15,_ZN3s214listIiE17ListConstIteratorC2ERKNS1_12ListIteratorE
FNDA:113,_ZN3s214listINS0_IiEEE17ListConstIteratorC1EPKNS2_4NodeE
FNDA:113,_ZN3s214listINS0_IiEEE17ListConstIteratorC2EPKNS2_4NodeE
FNDA:1055,_ZN3s214listIiE17ListConstIteratorC1EPKNS1_4NodeE
FNDA:1055,_ZN3s214listIiE17ListConstIteratorC2EPKNS1_4NodeE
FNDA:11,_ZN3s214listINS0_IiEEE12ListIteratoraSERKS3_
FNDA:55,_ZN3s214listIiE12ListIteratoraSERKS2_
FNDA:6,_ZN3s214listINS0_IiEEE17ListConstIteratoraSERKS3_
FNDA:15,_ZN3s214listIiE17ListConstIteratoraSERKS2_
FNDA:22,_ZN3s214listINS0_IiEEE12ListIteratordeEv
FNDA:44,_ZN3s214listIiE12ListIteratordeEv
FNDA:149,_ZNK3s214listINS0_IiEEE17ListConstIteratordeEv
FNDA:851,_ZNK3s214listIiE17ListConstIteratordeEv
FNDA:19,_ZN3s214listINS0_IiEEE12ListIteratorppEv
FNDA:285,_ZN3s214listIiE12ListIteratorppEv
FNDA:148,_ZN3s214listINS0_IiEEE17ListConstIteratorppEv
FNDA:871,_ZN3s214listIiE17ListConstIteratorppEv
FNDA:28,_ZN3s214listINS0_IiEEE12ListIteratormmEv
FNDA:385,_ZN3s214listIiE12ListIteratormmEv
FNDA:13,_ZN3s214listINS0_IiEEE17ListConstIteratormmEv
FNDA:17,_ZN3s214listIiE17ListConstIteratormmEv
FNDA:1,_ZN3s214listINS0_IiEEE12ListIteratorC1Ev
FNDA:1,_ZN3s214listINS0_IiEEE12ListIteratorC2Ev
FNDA:1,_ZN3s214listIiE12ListIteratorC1Ev
FNDA:1,_ZN3s214listIiE12ListIteratorC2Ev
FNF:44
FNH:44
DA:9,4
DA:15,1598
DA:16,1598
DA:19,4
DA:20,4
DA:23,302
DA:24,302
DA:27,198
DA:29,198
DA:32,60
DA:34,60
DA:37,2336
DA:38,2336
DA:41,66
DA:43,66
DA:44,66
DA:45,66
DA:46,66
DA:50,21
DA:52,21
DA:53,21
DA:54,21
DA:55,21
DA:59,66
DA:60,66
DA:64,1000
DA:65,1000
DA:69,304
DA:70,304
DA:71,304
DA:76,1019
DA:77,1019
DA:78,1019
DA:82,413
DA:83,413
DA:84,413
DA:89,30
DA:90,30
DA:91,30
DA:107,50
DA:109,50
DA:113,1407
DA:115,1407
LF:43
LH:43
end_of_record
TN:
SF:/Users/nikita/Projects/GitHub/s21_Containers/src/iterators/s21_map_iterators.tpp
FN:15,_ZN3s213mapINSt3__112basic_stringIcNS1_11char_traitsIcEENS1_9allocatorIcEEEENS1_4listIiNS5_IiEEEEE11MapIteratorC1EPNSB_8BaseNodeE
FN:15,_ZN3s213mapINSt3__112basic_stringIcNS1_11char_traitsIcEENS1_9allocatorIcEEEENS1_4listIiNS5_IiEEEEE11MapIteratorC2EPNSB_8BaseNodeE
FN:15,_ZN3s213mapIiiE11MapIteratorC1EPNS1_8BaseNodeE
FN:15,_ZN3s213mapIiiE11MapIteratorC2EPNS1_8BaseNodeE
FN:152,_ZNK3s213mapINSt3__112basic_stringIcNS1_11char_traitsIcEENS1_9allocatorIcEEEENS1_4listIiNS5_IiEEEEE16ConstMapIteratorneERKSC_
FN:152,_ZNK3s213mapINSt3__14listIiNS1_9allocatorIiEEEENS1_12basic_stringIcNS1_11char_traitsIcEENS3_IcEEEEE16ConstMapIteratorneERKSC_
FN:152,_ZNK3s213mapIiiE16ConstMapIteratorneERKS2_
FN:18,_ZN3s213mapINSt3__112basic_stringIcNS1_11char_traitsIcEENS1_9allocatorIcEEEENS1_4listIiNS5_IiEEEEE16ConstMapIteratorC1EPNSB_8BaseNodeE
FN:18,_ZN3s213mapINSt3__112basic_stringIcNS1_11char_traitsIcEENS1_9allocatorIcEEEENS1_4listIiNS5_IiEEEEE16ConstMapIteratorC2EPNSB_8BaseNodeE
FN:18,_ZN3s213mapINSt3__14listIiNS1_9allocatorIiEEEENS1_12basic_stringIcNS1_11char_traitsIcEENS3_IcEEEEE16ConstMapIteratorC1EPNSB_8BaseNodeE
FN:18,_ZN3s213mapINSt3__14listIiNS1_9allocatorIiEEEENS1_12basic_stringIcNS1_11char_traitsIcEENS3_IcEEEEE16ConstMapIteratorC2EPNSB_8BaseNodeE
FN:18,_ZN3s213mapIiiE16ConstMapIteratorC1EPNS1_8BaseNodeE
FN:18,_ZN3s213mapIiiE16ConstMapIteratorC2EPNS1_8BaseNodeE
FN:27,_ZN3s213mapINSt3__112basic_stringIcNS1_11char_traitsIcEENS1_9allocatorIcEEEENS1_4listIiNS5_IiEEEEE11MapIteratorC1ERKSC_
FN:27,_ZN3s213mapINSt3__112basic_stringIcNS1_11char_traitsIcEENS1_9allocatorIcEEEENS1_4listIiNS5_IiEEEEE11MapIteratorC2ERKSC_
FN:27,_ZN3s213mapIiiE11MapIteratorC1ERKS2_
FN:27,_ZN3s213mapIiiE11MapIteratorC2ERKS2_
FN:56,_ZN3s213mapINSt3__112basic_stringIcNS1_11char_traitsIcEENS1_9allocatorIcEEEENS1_4listIiNS5_IiEEEEE16ConstMapIteratordeEv
FN:56,_ZN3s213mapINSt3__14listIiNS1_9allocatorIiEEEENS1_12basic_stringIcNS1_11char_traitsIcEENS3_IcEEEEE16ConstMapIteratordeEv
FN:56,_ZN3s213mapIiiE16ConstMapIteratordeEv
FN:80,_ZN3s213mapINSt3__112basic_stringIcNS1_11char_traitsIcEENS1_9allocatorIcEEEENS1_4listIiNS5_IiEEEEE16ConstMapIteratorppEv
FN:80,_ZN3s213mapINSt3__14listIiNS1_9allocatorIiEEEENS1_12basic_stringIcNS1_11char_traitsIcEENS3_IcEEEEE16ConstMapIteratorppEv
FN:80,_ZN3s213mapIiiE16ConstMapIteratorppEv
FNDA:26,_ZN3s213mapINSt3__112basic_stringIcNS1_11char_traitsIcEENS1_9allocatorIcEEEENS1_4listIiNS5_IiEEEEE11MapIteratorC1EPNSB_8BaseNodeE
FNDA:26,_ZN3s213mapINSt3__112basic_stringIcNS1_11char_traitsIcEENS1_9allocatorIcEEEENS1_4listIiNS5_IiEEEEE11MapIteratorC2EPNSB_8BaseNodeE
FNDA:51,_ZN3s213mapIiiE11MapIteratorC1EPNS1_8BaseNodeE
FNDA:51,_ZN3s213mapIiiE11MapIteratorC2EPNS1_8BaseNodeE
FNDA:44,_ZNK3s213mapINSt3__112basic_stringIcNS1_11char_traitsIcEENS1_9allocatorIcEEEENS1_4listIiNS5_IiEEEEE16ConstMapIteratorneERKSC_
FNDA:2,_ZNK3s213mapINSt3__14listIiNS1_9allocatorIiEEEENS1_12basic_stringIcNS1_11char_traitsIcEENS3_IcEEEEE16ConstMapIteratorneERKSC_
FNDA:85,_ZNK3s213mapIiiE16ConstMapIteratorneERKS2_
FNDA:34,_ZN3s213mapINSt3__112basic_stringIcNS1_11char_traitsIcEENS1_9allocatorIcEEEENS1_4listIiNS5_IiEEEEE16ConstMapIteratorC1EPNSB_8BaseNodeE
FNDA:34,_ZN3s213mapINSt3__112basic_stringIcNS1_11char_traitsIcEENS1_9allocatorIcEEEENS1_4listIiNS5_IiEEEEE16ConstMapIteratorC2EPNSB_8BaseNodeE
FNDA:4,_ZN3s213mapINSt3__14listIiNS1_9allocatorIiEEEENS1_12basic_stringIcNS1_11char_traitsIcEENS3_IcEEEEE16ConstMapIteratorC1EPNSB_8BaseNodeE
FNDA:4,_ZN3s213mapINSt3__14listIiNS1_9allocatorIiEEEENS1_12basic_stringIcNS1_11char_traitsIcEENS3_IcEEEEE16ConstMapIteratorC2EPNSB_8BaseNodeE
FNDA:72,_ZN3s213mapIiiE16ConstMapIteratorC1EPNS1_8BaseNodeE
FNDA:72,_ZN3s213mapIiiE16ConstMapIteratorC2EPNS1_8BaseNodeE
FNDA:26,_ZN3s213mapINSt3__112basic_stringIcNS1_11char_traitsIcEENS1_9allocatorIcEEEENS1_4listIiNS5_IiEEEEE11MapIteratorC1ERKSC_
FNDA:26,_ZN3s213mapINSt3__112basic_stringIcNS1_11char_traitsIcEENS1_9allocatorIcEEEENS1_4listIiNS5_IiEEEEE11MapIteratorC2ERKSC_
FNDA:51,_ZN3s213mapIiiE11MapIteratorC1ERKS2_
FNDA:51,_ZN3s213mapIiiE11MapIteratorC2ERKS2_
FNDA:54,_ZN3s213mapINSt3__112basic_stringIcNS1_11char_traitsIcEENS1_9allocatorIcEEEENS1_4listIiNS5_IiEEEEE16ConstMapIteratordeEv
FNDA:0,_ZN3s213mapINSt3__14listIiNS1_9allocatorIiEEEENS1_12basic_stringIcNS1_11char_traitsIcEENS3_IcEEEEE16ConstMapIteratordeEv
FNDA:98,_ZN3s213mapIiiE16ConstMapIteratordeEv
FNDA:32,_ZN3s213mapINSt3__112basic_stringIcNS1_11char_traitsIcEENS1_9allocatorIcEEEENS1_4listIiNS5_IiEEEEE16ConstMapIteratorppEv
FNDA:0,_ZN3s213mapINSt3__14listIiNS1_9allocatorIiEEEENS1_12basic_stringIcNS1_11char_traitsIcEENS3_IcEEEEE16ConstMapIteratorppEv
FNDA:56,_ZN3s213mapIiiE16ConstMapIteratorppEv
FNF:23
FNH:21
DA:15,154
DA:18,220
DA:27,154
DA:56,152
DA:57,152
DA:80,88
DA:81,88
DA:82,36
DA:83,36
DA:84,0
DA:86,36
DA:87,52
DA:88,88
DA:89,36
DA:90,36
DA:92,52
DA:95,88
DA:152,131
DA:153,131
LF:19
LH:18
end_of_record
TN:
SF:/Users/nikita/Projects/GitHub/s21_Containers/src/iterators/s21_seq_iterators.tpp
FN:113,_ZN3s2116SequenceIteratorIiEmIEl
FN:127,_ZN3s2116SequenceIteratorIiEplEl
FN:143,_ZN3s2116SequenceIteratorIiEmiEl
FN:15,_ZN3s2116SequenceIteratorINS_6vectorIiEEEC1EPS2_
FN:15,_ZN3s2116SequenceIteratorINS_6vectorIiEEEC2EPS2_
FN:15,_ZN3s2116SequenceIteratorIiEC1EPi
FN:15,_ZN3s2116SequenceIteratorIiEC2EPi
FN:166,_ZN3s2121ConstSequenceIteratorIiEmiERKS1_
FN:173,_ZNK3s2116SequenceIteratorIiEeqERKS1_
FN:18,_ZN3s2121ConstSequenceIteratorINS_6vectorIiEEEC1EPKS2_
FN:18,_ZN3s2121ConstSequenceIteratorINS_6vectorIiEEEC2EPKS2_
FN:18,_ZN3s2121ConstSequenceIteratorIiEC1EPKi
FN:18,_ZN3s2121ConstSequenceIteratorIiEC2EPKi
FN:191,_ZNK3s2121ConstSequenceIteratorINS_6vectorIiEEEneERKS3_
FN:191,_ZNK3s2121ConstSequenceIteratorIiEneERKS1_
FN:209,_ZNK3s2116SequenceIteratorIiEltERKS1_
FN:22,_ZN3s2116SequenceIteratorIiEC1ERKS1_
FN:22,_ZN3s2116SequenceIteratorIiEC2ERKS1_
FN:227,_ZNK3s2121ConstSequenceIteratorIiEgeERKS1_
FN:233,_ZNK3s2116SequenceIteratorIiEleERKS1_
FN:26,_ZN3s2121ConstSequenceIteratorINS_6vectorIiEEEC1ERKS3_
FN:26,_ZN3s2121ConstSequenceIteratorINS_6vectorIiEEEC2ERKS3_
FN:26,_ZN3s2121ConstSequenceIteratorIiEC1ERKS1_
FN:26,_ZN3s2121ConstSequenceIteratorIiEC2ERKS1_
FN:31,_ZN3s2116SequenceIteratorINS_6vectorIiEEED1Ev
FN:31,_ZN3s2116SequenceIteratorINS_6vectorIiEEED2Ev
FN:31,_ZN3s2116SequenceIteratorIiED1Ev
FN:31,_ZN3s2116SequenceIteratorIiED2Ev
FN:34,_ZN3s2121ConstSequenceIteratorINS_6vectorIiEEED1Ev
FN:34,_ZN3s2121ConstSequenceIteratorINS_6vectorIiEEED2Ev
FN:34,_ZN3s2121ConstSequenceIteratorIiED1Ev
FN:34,_ZN3s2121ConstSequenceIteratorIiED2Ev
FN:37,_ZN3s2116SequenceIteratorINS_6vectorIiEEEdeEv
FN:37,_ZN3s2116SequenceIteratorIiEdeEv
FN:42,_ZNK3s2121ConstSequenceIteratorINS_6vectorIiEEEdeEv
FN:42,_ZNK3s2121ConstSequenceIteratorIiEdeEv
FN:47,_ZN3s2116SequenceIteratorIiEppEv
FN:53,_ZN3s2121ConstSequenceIteratorINS_6vectorIiEEEppEv
FN:53,_ZN3s2121ConstSequenceIteratorIiEppEv
FN:73,_ZN3s2116SequenceIteratorINS_6vectorIiEEEmmEv
FN:73,_ZN3s2116SequenceIteratorIiEmmEv
FN:79,_ZN3s2121ConstSequenceIteratorINS_6vectorIiEEEmmEv
FN:79,_ZN3s2121ConstSequenceIteratorIiEmmEv
FN:9,_ZN3s2116SequenceIteratorIiEC1Ev
FN:9,_ZN3s2116SequenceIteratorIiEC2Ev
FN:99,_ZN3s2116SequenceIteratorIiEpLEl
FNDA:6,_ZN3s2116SequenceIteratorIiEmIEl
FNDA:7,_ZN3s2116SequenceIteratorIiEplEl
FNDA:6,_ZN3s2116SequenceIteratorIiEmiEl
FNDA:5,_ZN3s2116SequenceIteratorINS_6vectorIiEEEC1EPS2_
FNDA:5,_ZN3s2116SequenceIteratorINS_6vectorIiEEEC2EPS2_
FNDA:59,_ZN3s2116SequenceIteratorIiEC1EPi
FNDA:59,_ZN3s2116SequenceIteratorIiEC2EPi
FNDA:10,_ZN3s2121ConstSequenceIteratorIiEmiERKS1_
FNDA:1,_ZNK3s2116SequenceIteratorIiEeqERKS1_
FNDA:72,_ZN3s2121ConstSequenceIteratorINS_6vectorIiEEEC1EPKS2_
FNDA:72,_ZN3s2121ConstSequenceIteratorINS_6vectorIiEEEC2EPKS2_
FNDA:386,_ZN3s2121ConstSequenceIteratorIiEC1EPKi
FNDA:386,_ZN3s2121ConstSequenceIteratorIiEC2EPKi
FNDA:149,_ZNK3s2121ConstSequenceIteratorINS_6vectorIiEEEneERKS3_
FNDA:517,_ZNK3s2121ConstSequenceIteratorIiEneERKS1_
FNDA:21,_ZNK3s2116SequenceIteratorIiEltERKS1_
FNDA:3,_ZN3s2116SequenceIteratorIiEC1ERKS1_
FNDA:3,_ZN3s2116SequenceIteratorIiEC2ERKS1_
FNDA:4,_ZNK3s2121ConstSequenceIteratorIiEgeERKS1_
FNDA:9,_ZNK3s2116SequenceIteratorIiEleERKS1_
FNDA:4,_ZN3s2121ConstSequenceIteratorINS_6vectorIiEEEC1ERKS3_
FNDA:4,_ZN3s2121ConstSequenceIteratorINS_6vectorIiEEEC2ERKS3_
FNDA:13,_ZN3s2121ConstSequenceIteratorIiEC1ERKS1_
FNDA:13,_ZN3s2121ConstSequenceIteratorIiEC2ERKS1_
FNDA:5,_ZN3s2116SequenceIteratorINS_6vectorIiEEED1Ev
FNDA:5,_ZN3s2116SequenceIteratorINS_6vectorIiEEED2Ev
FNDA:66,_ZN3s2116SequenceIteratorIiED1Ev
FNDA:66,_ZN3s2116SequenceIteratorIiED2Ev
FNDA:76,_ZN3s2121ConstSequenceIteratorINS_6vectorIiEEED1Ev
FNDA:76,_ZN3s2121ConstSequenceIteratorINS_6vectorIiEEED2Ev
FNDA:399,_ZN3s2121ConstSequenceIteratorIiED1Ev
FNDA:399,_ZN3s2121ConstSequenceIteratorIiED2Ev
FNDA:5,_ZN3s2116SequenceIteratorINS_6vectorIiEEEdeEv
FNDA:44,_ZN3s2116SequenceIteratorIiEdeEv
FNDA:126,_ZNK3s2121ConstSequenceIteratorINS_6vectorIiEEEdeEv
FNDA:389,_ZNK3s2121ConstSequenceIteratorIiEdeEv
FNDA:15,_ZN3s2116SequenceIteratorIiEppEv
FNDA:131,_ZN3s2121ConstSequenceIteratorINS_6vectorIiEEEppEv
FNDA:399,_ZN3s2121ConstSequenceIteratorIiEppEv
FNDA:1,_ZN3s2116SequenceIteratorINS_6vectorIiEEEmmEv
FNDA:11,_ZN3s2116SequenceIteratorIiEmmEv
FNDA:1,_ZN3s2121ConstSequenceIteratorINS_6vectorIiEEEmmEv
FNDA:2,_ZN3s2121ConstSequenceIteratorIiEmmEv
FNDA:4,_ZN3s2116SequenceIteratorIiEC1Ev
FNDA:4,_ZN3s2116SequenceIteratorIiEC2Ev
FNDA:7,_ZN3s2116SequenceIteratorIiEpLEl
FNF:46
FNH:46
DA:9,8
DA:15,128
DA:18,916
DA:19,916
DA:22,6
DA:23,6
DA:26,34
DA:28,34
DA:31,142
DA:34,950
DA:37,49
DA:38,49
DA:42,515
DA:43,515
DA:47,15
DA:48,15
DA:49,15
DA:53,530
DA:54,530
DA:55,530
DA:73,12
DA:74,12
DA:75,12
DA:79,3
DA:80,3
DA:81,3
DA:99,7
DA:101,7
DA:102,7
DA:113,6
DA:115,6
DA:116,6
DA:127,7
DA:129,7
DA:130,7
DA:131,7
DA:132,7
DA:143,6
DA:145,6
DA:146,6
DA:147,6
DA:148,6
DA:166,10
DA:168,10
DA:169,10
DA:173,1
DA:175,1
DA:191,666
DA:193,666
DA:209,21
DA:211,21
DA:227,4
DA:229,4
DA:233,9
DA:235,9
LF:55
LH:55
end_of_record
TN:
SF:/Users/nikita/Projects/GitHub/s21_Containers/src/list/s21_list.tpp
FN:111,_ZN3s214listINS0_IiEEEaSESt16initializer_listIS1_E
FN:111,_ZN3s214listIiEaSESt16initializer_listIiE
FN:12,_ZN3s214listINS0_IiEEEC1ERKS2_
FN:12,_ZN3s214listINS0_IiEEEC2ERKS2_
FN:12,_ZN3s214listIiEC1ERKS1_
FN:12,_ZN3s214listIiEC2ERKS1_
FN:136,_ZN3s214listINS0_IiEEE5frontEv
FN:136,_ZN3s214listIiE5frontEv
FN:141,_ZNK3s214listINS0_IiEEE5frontEv
FN:141,_ZNK3s214listIiE5frontEv
FN:146,_ZN3s214listINS0_IiEEE4backEv
FN:146,_ZN3s214listIiE4backEv
FN:151,_ZNK3s214listINS0_IiEEE4backEv
FN:151,_ZNK3s214listIiE4backEv
FN:156,_ZN3s214listINS0_IiEEE3endEv
FN:156,_ZN3s214listIiE3endEv
FN:161,_ZN3s214listINS0_IiEEE5beginEv
FN:161,_ZN3s214listIiE5beginEv
FN:166,_ZNK3s214listINS0_IiEEE4cendEv
FN:166,_ZNK3s214listIiE4cendEv
FN:171,_ZNK3s214listINS0_IiEEE6cbeginEv
FN:171,_ZNK3s214listIiE6cbeginEv
FN:176,_ZNK3s214listINS0_IiEEE5emptyEv
FN:176,_ZNK3s214listIiE5emptyEv
FN:181,_ZNK3s214listINS0_IiEEE4sizeEv
FN:181,_ZNK3s214listIiE4sizeEv
FN:186,_ZNK3s214listINS0_IiEEE8max_sizeEv
FN:186,_ZNK3s214listIiE8max_sizeEv
FN:191,_ZN3s214listINS0_IiEEE5clearEv
FN:191,_ZN3s214listIiE5clearEv
FN:205,_ZN3s214listINS0_IiEEE6insertENS2_17ListConstIteratorERKS1_
FN:205,_ZN3s214listIiE6insertENS1_17ListConstIteratorERKi
FN:224,_ZN3s214listIiE6insertENS1_17ListConstIteratorEmRKi
FN:245,_ZN3s214listINS0_IiEEE6insertENS2_17ListConstIteratorEOS1_
FN:245,_ZN3s214listIiE6insertENS1_17ListConstIteratorEOi
FN:26,_ZN3s214listINS0_IiEEEC1ESt16initializer_listIS1_E
FN:26,_ZN3s214listINS0_IiEEEC2ESt16initializer_listIS1_E
FN:26,_ZN3s214listIiEC1ESt16initializer_listIiE
FN:26,_ZN3s214listIiEC2ESt16initializer_listIiE
FN:264,_ZN3s214listINS0_IiEEE5eraseENS2_17ListConstIteratorE
FN:264,_ZN3s214listIiE5eraseENS1_17ListConstIteratorE
FN:278,_ZN3s214listIiE5eraseENS1_17ListConstIteratorES2_
FN:288,_ZN3s214listINS0_IiEEE9push_backERKS1_
FN:288,_ZN3s214listIiE9push_backERKi
FN:310,_ZN3s214listINS0_IiEEE9push_backEOS1_
FN:310,_ZN3s214listIiE9push_backEOi
FN:328,_ZN3s214listINS0_IiEEE8pop_backEv
FN:328,_ZN3s214listIiE8pop_backEv
FN:341,_ZN3s214listINS0_IiEEE10push_frontERKS1_
FN:341,_ZN3s214listIiE10push_frontERKi
FN:361,_ZN3s214listINS0_IiEEE10push_frontEOS1_
FN:361,_ZN3s214listIiE10push_frontEOi
FN:377,_ZN3s214listINS0_IiEEE9pop_frontEv
FN:377,_ZN3s214listIiE9pop_frontEv
FN:388,_ZN3s214listINS0_IiEEE6resizeEmRKS1_
FN:388,_ZN3s214listIiE6resizeEmRKi
FN:40,_ZN3s214listINS0_IiEEEC1EOS2_
FN:40,_ZN3s214listINS0_IiEEEC2EOS2_
FN:40,_ZN3s214listIiEC1EOS1_
FN:40,_ZN3s214listIiEC2EOS1_
FN:440,_ZN3s214listINS0_IiEEE6resizeEm
FN:440,_ZN3s214listIiE6resizeEm
FN:445,_ZN3s214listINS0_IiEEE4swapERS2_
FN:445,_ZN3s214listIiE4swapERS1_
FN:477,_ZN3s214listIiE5mergeERS1_
FN:501,_ZN3s214listIiE5mergeEOS1_
FN:525,_ZN3s214listIiE6spliceENS1_17ListConstIteratorERS1_
FN:554,_ZN3s214listIiE6spliceENS1_17ListConstIteratorEOS1_
FN:56,_ZN3s214listINS0_IiEEED1Ev
FN:56,_ZN3s214listINS0_IiEEED2Ev
FN:56,_ZN3s214listIiED1Ev
FN:56,_ZN3s214listIiED2Ev
FN:583,_ZN3s214listIiE6spliceENS1_17ListConstIteratorERS1_S2_
FN:588,_ZN3s214listIiE6spliceENS1_17ListConstIteratorEOS1_S2_
FN:594,_ZN3s214listIiE6spliceENS1_17ListConstIteratorERS1_S2_S2_
FN:61,_ZN3s214listINS0_IiEEEaSERKS2_
FN:61,_ZN3s214listIiEaSERKS1_
FN:642,_ZN3s214listIiE6spliceENS1_17ListConstIteratorEOS1_S2_S2_
FN:693,_ZN3s214listINS0_IiEEE6removeERKS1_
FN:693,_ZN3s214listIiE6removeERKi
FN:703,_ZN3s214listINS0_IiEEE7reverseEv
FN:703,_ZN3s214listIiE7reverseEv
FN:721,_ZN3s214listINS0_IiEEE6uniqueEv
FN:721,_ZN3s214listIiE6uniqueEv
FN:737,_ZN3s214listIiE4sortEv
FN:773,_ZN3s21eqIiEEbRKNS_4listIT_EES5_
FN:88,_ZN3s214listIiEaSEOS1_
FN:9,_ZN3s214listINS0_IiEEEC1Ev
FN:9,_ZN3s214listINS0_IiEEEC2Ev
FN:9,_ZN3s214listIiEC1Ev
FN:9,_ZN3s214listIiEC2Ev
FNDA:6,_ZN3s214listINS0_IiEEEaSESt16initializer_listIS1_E
FNDA:22,_ZN3s214listIiEaSESt16initializer_listIiE
FNDA:3,_ZN3s214listINS0_IiEEEC1ERKS2_
FNDA:3,_ZN3s214listINS0_IiEEEC2ERKS2_
FNDA:96,_ZN3s214listIiEC1ERKS1_
FNDA:96,_ZN3s214listIiEC2ERKS1_
FNDA:1,_ZN3s214listINS0_IiEEE5frontEv
FNDA:11,_ZN3s214listIiE5frontEv
FNDA:1,_ZNK3s214listINS0_IiEEE5frontEv
FNDA:2,_ZNK3s214listIiE5frontEv
FNDA:1,_ZN3s214listINS0_IiEEE4backEv
FNDA:11,_ZN3s214listIiE4backEv
FNDA:1,_ZNK3s214listINS0_IiEEE4backEv
FNDA:2,_ZNK3s214listIiE4backEv
FNDA:46,_ZN3s214listINS0_IiEEE3endEv
FNDA:319,_ZN3s214listIiE3endEv
FNDA:26,_ZN3s214listINS0_IiEEE5beginEv
FNDA:370,_ZN3s214listIiE5beginEv
FNDA:66,_ZNK3s214listINS0_IiEEE4cendEv
FNDA:610,_ZNK3s214listIiE4cendEv
FNDA:47,_ZNK3s214listINS0_IiEEE6cbeginEv
FNDA:445,_ZNK3s214listIiE6cbeginEv
FNDA:5,_ZNK3s214listINS0_IiEEE5emptyEv
FNDA:17,_ZNK3s214listIiE5emptyEv
FNDA:150,_ZNK3s214listINS0_IiEEE4sizeEv
FNDA:1488,_ZNK3s214listIiE4sizeEv
FNDA:1,_ZNK3s214listINS0_IiEEE8max_sizeEv
FNDA:1,_ZNK3s214listIiE8max_sizeEv
FNDA:41,_ZN3s214listINS0_IiEEE5clearEv
FNDA:528,_ZN3s214listIiE5clearEv
FNDA:1,_ZN3s214listINS0_IiEEE6insertENS2_17ListConstIteratorERKS1_
FNDA:2,_ZN3s214listIiE6insertENS1_17ListConstIteratorERKi
FNDA:1,_ZN3s214listIiE6insertENS1_17ListConstIteratorEmRKi
FNDA:2,_ZN3s214listINS0_IiEEE6insertENS2_17ListConstIteratorEOS1_
FNDA:1,_ZN3s214listIiE6insertENS1_17ListConstIteratorEOi
FNDA:20,_ZN3s214listINS0_IiEEEC1ESt16initializer_listIS1_E
FNDA:20,_ZN3s214listINS0_IiEEEC2ESt16initializer_listIS1_E
FNDA:149,_ZN3s214listIiEC1ESt16initializer_listIiE
FNDA:149,_ZN3s214listIiEC2ESt16initializer_listIiE
FNDA:16,_ZN3s214listINS0_IiEEE5eraseENS2_17ListConstIteratorE
FNDA:16,_ZN3s214listIiE5eraseENS1_17ListConstIteratorE
FNDA:1,_ZN3s214listIiE5eraseENS1_17ListConstIteratorES2_
FNDA:97,_ZN3s214listINS0_IiEEE9push_backERKS1_
FNDA:602,_ZN3s214listIiE9push_backERKi
FNDA:1,_ZN3s214listINS0_IiEEE9push_backEOS1_
FNDA:4,_ZN3s214listIiE9push_backEOi
FNDA:3,_ZN3s214listINS0_IiEEE8pop_backEv
FNDA:6,_ZN3s214listIiE8pop_backEv
FNDA:2,_ZN3s214listINS0_IiEEE10push_frontERKS1_
FNDA:2,_ZN3s214listIiE10push_frontERKi
FNDA:1,_ZN3s214listINS0_IiEEE10push_frontEOS1_
FNDA:1,_ZN3s214listIiE10push_frontEOi
FNDA:3,_ZN3s214listINS0_IiEEE9pop_frontEv
FNDA:3,_ZN3s214listIiE9pop_frontEv
FNDA:6,_ZN3s214listINS0_IiEEE6resizeEmRKS1_
FNDA:6,_ZN3s214listIiE6resizeEmRKi
FNDA:2,_ZN3s214listINS0_IiEEEC1EOS2_
FNDA:2,_ZN3s214listINS0_IiEEEC2EOS2_
FNDA:3,_ZN3s214listIiEC1EOS1_
FNDA:3,_ZN3s214listIiEC2EOS1_
FNDA:2,_ZN3s214listINS0_IiEEE6resizeEm
FNDA:2,_ZN3s214listIiE6resizeEm
FNDA:2,_ZN3s214listINS0_IiEEE4swapERS2_
FNDA:5,_ZN3s214listIiE4swapERS1_
FNDA:13,_ZN3s214listIiE5mergeERS1_
FNDA:1,_ZN3s214listIiE5mergeEOS1_
FNDA:8,_ZN3s214listIiE6spliceENS1_17ListConstIteratorERS1_
FNDA:1,_ZN3s214listIiE6spliceENS1_17ListConstIteratorEOS1_
FNDA:32,_ZN3s214listINS0_IiEEED1Ev
FNDA:32,_ZN3s214listINS0_IiEEED2Ev
FNDA:390,_ZN3s214listIiED1Ev
FNDA:390,_ZN3s214listIiED2Ev
FNDA:4,_ZN3s214listIiE6spliceENS1_17ListConstIteratorERS1_S2_
FNDA:1,_ZN3s214listIiE6spliceENS1_17ListConstIteratorEOS1_S2_
FNDA:22,_ZN3s214listIiE6spliceENS1_17ListConstIteratorERS1_S2_S2_
FNDA:1,_ZN3s214listINS0_IiEEEaSERKS2_
FNDA:105,_ZN3s214listIiEaSERKS1_
FNDA:1,_ZN3s214listIiE6spliceENS1_17ListConstIteratorEOS1_S2_S2_
FNDA:4,_ZN3s214listINS0_IiEEE6removeERKS1_
FNDA:4,_ZN3s214listIiE6removeERKi
FNDA:3,_ZN3s214listINS0_IiEEE7reverseEv
FNDA:3,_ZN3s214listIiE7reverseEv
FNDA:3,_ZN3s214listINS0_IiEEE6uniqueEv
FNDA:3,_ZN3s214listIiE6uniqueEv
FNDA:11,_ZN3s214listIiE4sortEv
FNDA:26,_ZN3s21eqIiEEbRKNS_4listIT_EES5_
FNDA:9,_ZN3s214listIiEaSEOS1_
FNDA:7,_ZN3s214listINS0_IiEEEC1Ev
FNDA:7,_ZN3s214listINS0_IiEEEC2Ev
FNDA:142,_ZN3s214listIiEC1Ev
FNDA:142,_ZN3s214listIiEC2Ev
FNF:91
FNH:91
DA:9,298
DA:12,198
DA:13,198
DA:15,524
DA:16,262
DA:17,163
DA:18,163
DA:19,99
DA:20,0
DA:21,0
DA:22,0
DA:23,198
DA:26,338
DA:27,338
DA:29,677
DA:30,508
DA:33,169
DA:34,0
DA:35,0
DA:36,0
DA:37,338
DA:40,10
DA:41,10
DA:42,5
DA:43,5
DA:44,5
DA:46,5
DA:47,5
DA:48,5
DA:50,5
DA:51,5
DA:52,5
DA:53,10
DA:56,844
DA:57,422
DA:58,844
DA:61,106
DA:62,106
DA:63,106
DA:64,94
DA:66,94
DA:68,94
DA:70,94
DA:71,94
DA:73,94
DA:74,94
DA:76,94
DA:77,94
DA:78,94
DA:79,94
DA:80,12
DA:82,106
DA:84,106
DA:88,9
DA:89,9
DA:90,9
DA:92,9
DA:93,7
DA:95,7
DA:96,7
DA:98,7
DA:99,7
DA:101,7
DA:102,7
DA:103,7
DA:104,7
DA:105,9
DA:107,9
DA:111,28
DA:112,28
DA:113,21
DA:115,21
DA:117,21
DA:119,21
DA:120,21
DA:122,21
DA:123,21
DA:125,21
DA:126,21
DA:127,21
DA:128,21
DA:129,7
DA:132,28
DA:136,12
DA:137,12
DA:141,3
DA:142,3
DA:146,12
DA:147,12
DA:151,3
DA:152,3
DA:156,365
DA:157,365
DA:161,396
DA:162,396
DA:166,676
DA:167,676
DA:171,492
DA:172,492
DA:176,22
DA:177,22
DA:181,1638
DA:182,1638
DA:186,2
DA:187,2
DA:191,569
DA:192,569
DA:193,569
DA:194,1238
DA:195,669
DA:196,669
DA:197,669
DA:198,669
DA:199,569
DA:200,569
DA:201,569
DA:202,569
DA:205,3
DA:207,3
DA:209,3
DA:210,3
DA:211,3
DA:213,3
DA:214,3
DA:216,3
DA:218,3
DA:220,3
DA:224,1
DA:226,1
DA:229,3
DA:230,2
DA:231,2
DA:232,1
DA:233,0
DA:234,0
DA:235,0
DA:237,1
DA:239,1
DA:241,1
DA:242,1
DA:245,3
DA:247,3
DA:249,3
DA:250,3
DA:251,3
DA:253,3
DA:254,3
DA:256,3
DA:258,3
DA:260,3
DA:264,32
DA:265,32
DA:267,32
DA:268,32
DA:270,32
DA:272,32
DA:274,32
DA:278,1
DA:280,1
DA:281,0
DA:284,1
DA:288,699
DA:289,699
DA:292,699
DA:293,97
DA:294,0
DA:295,0
DA:297,699
DA:298,699
DA:299,699
DA:301,699
DA:302,699
DA:303,274
DA:304,274
DA:306,699
DA:307,699
DA:310,5
DA:311,5
DA:313,5
DA:315,5
DA:316,5
DA:317,5
DA:319,5
DA:320,5
DA:321,0
DA:322,0
DA:324,5
DA:325,5
DA:328,9
DA:329,9
DA:331,9
DA:333,9
DA:335,9
DA:337,9
DA:338,9
DA:341,4
DA:342,4
DA:345,4
DA:346,2
DA:347,0
DA:348,0
DA:350,4
DA:351,4
DA:353,4
DA:355,4
DA:357,4
DA:358,4
DA:361,2
DA:362,2
DA:364,2
DA:366,2
DA:367,2
DA:369,2
DA:371,2
DA:373,2
DA:374,2
DA:377,6
DA:378,6
DA:380,6
DA:382,6
DA:384,6
DA:385,6
DA:388,12
DA:389,12
DA:390,4
DA:391,12
DA:392,4
DA:395,27
DA:396,23
DA:397,23
DA:398,4
DA:399,0
DA:400,0
DA:401,0
DA:403,4
DA:404,4
DA:406,4
DA:407,4
DA:409,4
DA:410,4
DA:411,4
DA:413,4
DA:415,8
DA:416,2
DA:417,2
DA:418,2
DA:420,12
DA:421,10
DA:422,2
DA:423,2
DA:424,10
DA:425,6
DA:426,6
DA:427,2
DA:429,10
DA:432,2
DA:433,2
DA:435,2
DA:436,2
DA:437,12
DA:440,4
DA:441,4
DA:442,4
DA:445,7
DA:446,7
DA:447,7
DA:448,7
DA:449,7
DA:450,7
DA:452,7
DA:453,4
DA:454,4
DA:455,4
DA:456,4
DA:457,4
DA:458,3
DA:459,3
DA:462,7
DA:463,4
DA:464,4
DA:465,4
DA:466,4
DA:467,4
DA:468,3
DA:469,3
DA:472,7
DA:473,7
DA:474,7
DA:477,13
DA:478,13
DA:479,13
DA:480,22
DA:481,9
DA:483,26
DA:484,17
DA:487,9
DA:488,9
DA:489,9
DA:491,9
DA:494,13
DA:495,2
DA:496,2
DA:497,13
DA:498,13
DA:501,1
DA:502,1
DA:503,1
DA:504,6
DA:505,5
DA:507,13
DA:508,8
DA:511,5
DA:512,4
DA:513,4
DA:515,5
DA:518,1
DA:519,1
DA:520,1
DA:521,1
DA:522,1
DA:525,8
DA:526,8
DA:527,6
DA:528,6
DA:530,36
DA:531,30
DA:533,6
DA:535,6
DA:537,6
DA:538,6
DA:540,6
DA:542,6
DA:543,6
DA:545,6
DA:547,6
DA:548,6
DA:549,6
DA:550,6
DA:551,8
DA:554,1
DA:555,1
DA:556,1
DA:557,1
DA:559,2
DA:560,1
DA:562,1
DA:564,1
DA:566,1
DA:567,1
DA:569,1
DA:571,1
DA:572,1
DA:574,1
DA:576,1
DA:577,1
DA:578,1
DA:579,1
DA:580,1
DA:583,4
DA:584,4
DA:585,4
DA:588,1
DA:590,1
DA:591,1
DA:594,22
DA:596,22
DA:597,21
DA:599,21
DA:600,16
DA:601,52
DA:602,36
DA:603,36
DA:605,16
DA:607,21
DA:608,85
DA:609,64
DA:610,21
DA:611,21
DA:613,21
DA:614,40
DA:615,19
DA:616,21
DA:617,21
DA:619,21
DA:620,85
DA:621,64
DA:622,21
DA:623,21
DA:625,21
DA:626,21
DA:628,21
DA:629,21
DA:631,21
DA:632,21
DA:634,21
DA:635,16
DA:636,16
DA:637,16
DA:638,21
DA:639,22
DA:642,1
DA:644,1
DA:645,1
DA:647,1
DA:648,4
DA:649,3
DA:650,3
DA:653,4
DA:654,3
DA:655,3
DA:656,1
DA:658,1
DA:659,1
DA:660,0
DA:661,1
DA:662,1
DA:664,1
DA:665,3
DA:666,2
DA:667,1
DA:668,1
DA:670,1
DA:671,6
DA:672,5
DA:673,1
DA:674,1
DA:676,1
DA:677,1
DA:679,1
DA:680,1
DA:682,1
DA:683,1
DA:685,1
DA:686,1
DA:687,1
DA:688,1
DA:689,1
DA:690,1
DA:693,8
DA:694,38
DA:695,30
DA:696,14
DA:697,14
DA:698,14
DA:699,30
DA:700,8
DA:703,6
DA:704,6
DA:705,15
DA:706,9
DA:707,9
DA:708,9
DA:710,9
DA:711,9
DA:713,6
DA:714,4
DA:715,4
DA:716,4
DA:717,4
DA:718,6
DA:721,6
DA:722,6
DA:724,27
DA:725,21
DA:726,21
DA:728,21
DA:729,7
DA:730,7
DA:731,14
DA:734,6
DA:737,11
DA:738,11
DA:740,11
DA:741,25
DA:742,14
DA:743,14
DA:745,11
DA:746,11
DA:748,11
DA:749,11
DA:750,11
DA:751,10
DA:752,10
DA:753,10
DA:754,10
DA:755,10
DA:757,11
DA:758,11
DA:759,11
DA:761,11
DA:762,3
DA:763,3
DA:765,11
DA:766,4
DA:767,4
DA:769,11
DA:770,11
DA:773,26
DA:774,26
DA:776,26
DA:777,26
DA:779,37
DA:780,26
DA:781,15
DA:782,15
DA:784,11
DA:785,11
DA:788,26
DA:789,15
DA:790,15
DA:792,26
LF:511
LH:491
end_of_record
TN:
SF:/Users/nikita/Projects/GitHub/s21_Containers/src/map/s21_map.tpp
FN:100,_ZN3s213mapIiiEaSEOS1_
FN:130,_ZNK3s213mapINSt3__112basic_stringIcNS1_11char_traitsIcEENS1_9allocatorIcEEEENS1_4listIiNS5_IiEEEEE6cbeginEv
FN:130,_ZNK3s213mapINSt3__14listIiNS1_9allocatorIiEEEENS1_12basic_stringIcNS1_11char_traitsIcEENS3_IcEEEEE6cbeginEv
FN:130,_ZNK3s213mapIiiE6cbeginEv
FN:135,_ZNK3s213mapINSt3__112basic_stringIcNS1_11char_traitsIcEENS1_9allocatorIcEEEENS1_4listIiNS5_IiEEEEE4cendEv
FN:135,_ZNK3s213mapINSt3__14listIiNS1_9allocatorIiEEEENS1_12basic_stringIcNS1_11char_traitsIcEENS3_IcEEEEE4cendEv
FN:135,_ZNK3s213mapIiiE4cendEv
FN:140,_ZNK3s213mapINSt3__112basic_stringIcNS1_11char_traitsIcEENS1_9allocatorIcEEEENS1_4listIiNS5_IiEEEEE5emptyEv
FN:140,_ZNK3s213mapINSt3__14listIiNS1_9allocatorIiEEEENS1_12basic_stringIcNS1_11char_traitsIcEENS3_IcEEEEE5emptyEv
FN:140,_ZNK3s213mapIiiE5emptyEv
FN:145,_ZNK3s213mapINSt3__112basic_stringIcNS1_11char_traitsIcEENS1_9allocatorIcEEEENS1_4listIiNS5_IiEEEEE4sizeEv
FN:145,_ZNK3s213mapINSt3__14listIiNS1_9allocatorIiEEEENS1_12basic_stringIcNS1_11char_traitsIcEENS3_IcEEEEE4sizeEv
FN:145,_ZNK3s213mapIiiE4sizeEv
FN:150,_ZNK3s213mapINSt3__112basic_stringIcNS1_11char_traitsIcEENS1_9allocatorIcEEEENS1_4listIiNS5_IiEEEEE8max_sizeEv
FN:150,_ZNK3s213mapINSt3__14listIiNS1_9allocatorIiEEEENS1_12basic_stringIcNS1_11char_traitsIcEENS3_IcEEEEE8max_sizeEv
FN:150,_ZNK3s213mapIiiE8max_sizeEv
FN:155,_ZN3s213mapINSt3__112basic_stringIcNS1_11char_traitsIcEENS1_9allocatorIcEEEENS1_4listIiNS5_IiEEEEE10get_heightEPNSB_8BaseNodeE
FN:155,_ZN3s213mapIiiE10get_heightEPNS1_8BaseNodeE
FN:160,_ZN3s213mapINSt3__112basic_stringIcNS1_11char_traitsIcEENS1_9allocatorIcEEEENS1_4listIiNS5_IiEEEEE18get_balance_factorEPNSB_8BaseNodeE
FN:160,_ZN3s213mapIiiE18get_balance_factorEPNS1_8BaseNodeE
FN:165,_ZN3s213mapINSt3__112basic_stringIcNS1_11char_traitsIcEENS1_9allocatorIcEEEENS1_4listIiNS5_IiEEEEE11delete_nodeEPNSB_4NodeE
FN:165,_ZN3s213mapINSt3__14listIiNS1_9allocatorIiEEEENS1_12basic_stringIcNS1_11char_traitsIcEENS3_IcEEEEE11delete_nodeEPNSB_4NodeE
FN:165,_ZN3s213mapIiiE11delete_nodeEPNS1_4NodeE
FN:18,_ZN3s213mapINSt3__112basic_stringIcNS1_11char_traitsIcEENS1_9allocatorIcEEEENS1_4listIiNS5_IiEEEEE4NodeD1Ev
FN:18,_ZN3s213mapINSt3__112basic_stringIcNS1_11char_traitsIcEENS1_9allocatorIcEEEENS1_4listIiNS5_IiEEEEE4NodeD2Ev
FN:18,_ZN3s213mapINSt3__14listIiNS1_9allocatorIiEEEENS1_12basic_stringIcNS1_11char_traitsIcEENS3_IcEEEEE4NodeD1Ev
FN:18,_ZN3s213mapINSt3__14listIiNS1_9allocatorIiEEEENS1_12basic_stringIcNS1_11char_traitsIcEENS3_IcEEEEE4NodeD2Ev
FN:191,_ZN3s213mapINSt3__112basic_stringIcNS1_11char_traitsIcEENS1_9allocatorIcEEEENS1_4listIiNS5_IiEEEEE12rotate_rightEPNSB_8BaseNodeE
FN:191,_ZN3s213mapIiiE12rotate_rightEPNS1_8BaseNodeE
FN:217,_ZN3s213mapINSt3__112basic_stringIcNS1_11char_traitsIcEENS1_9allocatorIcEEEENS1_4listIiNS5_IiEEEEE11rotate_leftEPNSB_8BaseNodeE
FN:217,_ZN3s213mapIiiE11rotate_leftEPNS1_8BaseNodeE
FN:239,_ZN3s213mapINSt3__112basic_stringIcNS1_11char_traitsIcEENS1_9allocatorIcEEEENS1_4listIiNS5_IiEEEEE14insert_privateEPNSB_8BaseNodeERKNS1_4pairIKS7_SA_EE
FN:239,_ZN3s213mapIiiE14insert_privateEPNS1_8BaseNodeERKNSt3__14pairIKiiEE
FN:24,_ZN3s213mapINSt3__112basic_stringIcNS1_11char_traitsIcEENS1_9allocatorIcEEEENS1_4listIiNS5_IiEEEEE8BaseNodeC1Ev
FN:24,_ZN3s213mapINSt3__112basic_stringIcNS1_11char_traitsIcEENS1_9allocatorIcEEEENS1_4listIiNS5_IiEEEEE8BaseNodeC2Ev
FN:24,_ZN3s213mapINSt3__14listIiNS1_9allocatorIiEEEENS1_12basic_stringIcNS1_11char_traitsIcEENS3_IcEEEEE8BaseNodeC1Ev
FN:24,_ZN3s213mapINSt3__14listIiNS1_9allocatorIiEEEENS1_12basic_stringIcNS1_11char_traitsIcEENS3_IcEEEEE8BaseNodeC2Ev
FN:24,_ZN3s213mapIiiE8BaseNodeC1Ev
FN:24,_ZN3s213mapIiiE8BaseNodeC2Ev
FN:27,_ZN3s213mapINSt3__112basic_stringIcNS1_11char_traitsIcEENS1_9allocatorIcEEEENS1_4listIiNS5_IiEEEEE4NodeC1ERKNS1_4pairIKS7_SA_EE
FN:27,_ZN3s213mapINSt3__112basic_stringIcNS1_11char_traitsIcEENS1_9allocatorIcEEEENS1_4listIiNS5_IiEEEEE4NodeC2ERKNS1_4pairIKS7_SA_EE
FN:27,_ZN3s213mapIiiE4NodeC1ERKNSt3__14pairIKiiEE
FN:27,_ZN3s213mapIiiE4NodeC2ERKNSt3__14pairIKiiEE
FN:30,_ZN3s213mapINSt3__14listIiNS1_9allocatorIiEEEENS1_12basic_stringIcNS1_11char_traitsIcEENS3_IcEEEEEC1Ev
FN:30,_ZN3s213mapINSt3__14listIiNS1_9allocatorIiEEEENS1_12basic_stringIcNS1_11char_traitsIcEENS3_IcEEEEEC2Ev
FN:30,_ZN3s213mapIiiEC1Ev
FN:30,_ZN3s213mapIiiEC2Ev
FN:33,_ZN3s213mapINSt3__112basic_stringIcNS1_11char_traitsIcEENS1_9allocatorIcEEEENS1_4listIiNS5_IiEEEEEC1ERKSB_
FN:33,_ZN3s213mapINSt3__112basic_stringIcNS1_11char_traitsIcEENS1_9allocatorIcEEEENS1_4listIiNS5_IiEEEEEC2ERKSB_
FN:33,_ZN3s213mapIiiEC1ERKS1_
FN:33,_ZN3s213mapIiiEC2ERKS1_
FN:357,_ZN3s213mapINSt3__112basic_stringIcNS1_11char_traitsIcEENS1_9allocatorIcEEEENS1_4listIiNS5_IiEEEEE5clearEv
FN:357,_ZN3s213mapIiiE5clearEv
FN:364,_ZN3s213mapINSt3__112basic_stringIcNS1_11char_traitsIcEENS1_9allocatorIcEEEENS1_4listIiNS5_IiEEEEE6insertERKNS1_4pairIKS7_SA_EE
FN:364,_ZN3s213mapIiiE6insertERKNSt3__14pairIKiiEE
FN:45,_ZN3s213mapINSt3__112basic_stringIcNS1_11char_traitsIcEENS1_9allocatorIcEEEENS1_4listIiNS5_IiEEEEEC1ESt16initializer_listINS1_4pairIKS7_SA_EEE
FN:45,_ZN3s213mapINSt3__112basic_stringIcNS1_11char_traitsIcEENS1_9allocatorIcEEEENS1_4listIiNS5_IiEEEEEC2ESt16initializer_listINS1_4pairIKS7_SA_EEE
FN:45,_ZN3s213mapIiiEC1ESt16initializer_listINSt3__14pairIKiiEEE
FN:45,_ZN3s213mapIiiEC2ESt16initializer_listINSt3__14pairIKiiEEE
FN:57,_ZN3s213mapINSt3__112basic_stringIcNS1_11char_traitsIcEENS1_9allocatorIcEEEENS1_4listIiNS5_IiEEEEEC1EOSB_
FN:57,_ZN3s213mapINSt3__112basic_stringIcNS1_11char_traitsIcEENS1_9allocatorIcEEEENS1_4listIiNS5_IiEEEEEC2EOSB_
FN:57,_ZN3s213mapIiiEC1EOS1_
FN:57,_ZN3s213mapIiiEC2EOS1_
FN:70,_ZN3s213mapINSt3__112basic_stringIcNS1_11char_traitsIcEENS1_9allocatorIcEEEENS1_4listIiNS5_IiEEEEED1Ev
FN:70,_ZN3s213mapINSt3__112basic_stringIcNS1_11char_traitsIcEENS1_9allocatorIcEEEENS1_4listIiNS5_IiEEEEED2Ev
FN:70,_ZN3s213mapINSt3__14listIiNS1_9allocatorIiEEEENS1_12basic_stringIcNS1_11char_traitsIcEENS3_IcEEEEED1Ev
FN:70,_ZN3s213mapINSt3__14listIiNS1_9allocatorIiEEEENS1_12basic_stringIcNS1_11char_traitsIcEENS3_IcEEEEED2Ev
FN:70,_ZN3s213mapIiiED1Ev
FN:70,_ZN3s213mapIiiED2Ev
FN:75,_ZN3s213mapINSt3__112basic_stringIcNS1_11char_traitsIcEENS1_9allocatorIcEEEENS1_4listIiNS5_IiEEEEEaSERKSB_
FN:75,_ZN3s213mapIiiEaSERKS1_
FNDA:5,_ZN3s213mapIiiEaSEOS1_
FNDA:12,_ZNK3s213mapINSt3__112basic_stringIcNS1_11char_traitsIcEENS1_9allocatorIcEEEENS1_4listIiNS5_IiEEEEE6cbeginEv
FNDA:2,_ZNK3s213mapINSt3__14listIiNS1_9allocatorIiEEEENS1_12basic_stringIcNS1_11char_traitsIcEENS3_IcEEEEE6cbeginEv
FNDA:29,_ZNK3s213mapIiiE6cbeginEv
FNDA:22,_ZNK3s213mapINSt3__112basic_stringIcNS1_11char_traitsIcEENS1_9allocatorIcEEEENS1_4listIiNS5_IiEEEEE4cendEv
FNDA:2,_ZNK3s213mapINSt3__14listIiNS1_9allocatorIiEEEENS1_12basic_stringIcNS1_11char_traitsIcEENS3_IcEEEEE4cendEv
FNDA:43,_ZNK3s213mapIiiE4cendEv
FNDA:9,_ZNK3s213mapINSt3__112basic_stringIcNS1_11char_traitsIcEENS1_9allocatorIcEEEENS1_4listIiNS5_IiEEEEE5emptyEv
FNDA:2,_ZNK3s213mapINSt3__14listIiNS1_9allocatorIiEEEENS1_12basic_stringIcNS1_11char_traitsIcEENS3_IcEEEEE5emptyEv
FNDA:25,_ZNK3s213mapIiiE5emptyEv
FNDA:22,_ZNK3s213mapINSt3__112basic_stringIcNS1_11char_traitsIcEENS1_9allocatorIcEEEENS1_4listIiNS5_IiEEEEE4sizeEv
FNDA:4,_ZNK3s213mapINSt3__14listIiNS1_9allocatorIiEEEENS1_12basic_stringIcNS1_11char_traitsIcEENS3_IcEEEEE4sizeEv
FNDA:64,_ZNK3s213mapIiiE4sizeEv
FNDA:9,_ZNK3s213mapINSt3__112basic_stringIcNS1_11char_traitsIcEENS1_9allocatorIcEEEENS1_4listIiNS5_IiEEEEE8max_sizeEv
FNDA:2,_ZNK3s213mapINSt3__14listIiNS1_9allocatorIiEEEENS1_12basic_stringIcNS1_11char_traitsIcEENS3_IcEEEEE8max_sizeEv
FNDA:25,_ZNK3s213mapIiiE8max_sizeEv
FNDA:144,_ZN3s213mapINSt3__112basic_stringIcNS1_11char_traitsIcEENS1_9allocatorIcEEEENS1_4listIiNS5_IiEEEEE10get_heightEPNSB_8BaseNodeE
FNDA:288,_ZN3s213mapIiiE10get_heightEPNS1_8BaseNodeE
FNDA:28,_ZN3s213mapINSt3__112basic_stringIcNS1_11char_traitsIcEENS1_9allocatorIcEEEENS1_4listIiNS5_IiEEEEE18get_balance_factorEPNSB_8BaseNodeE
FNDA:57,_ZN3s213mapIiiE18get_balance_factorEPNS1_8BaseNodeE
FNDA:83,_ZN3s213mapINSt3__112basic_stringIcNS1_11char_traitsIcEENS1_9allocatorIcEEEENS1_4listIiNS5_IiEEEEE11delete_nodeEPNSB_4NodeE
FNDA:6,_ZN3s213mapINSt3__14listIiNS1_9allocatorIiEEEENS1_12basic_stringIcNS1_11char_traitsIcEENS3_IcEEEEE11delete_nodeEPNSB_4NodeE
FNDA:192,_ZN3s213mapIiiE11delete_nodeEPNS1_4NodeE
FNDA:26,_ZN3s213mapINSt3__112basic_stringIcNS1_11char_traitsIcEENS1_9allocatorIcEEEENS1_4listIiNS5_IiEEEEE4NodeD1Ev
FNDA:26,_ZN3s213mapINSt3__112basic_stringIcNS1_11char_traitsIcEENS1_9allocatorIcEEEENS1_4listIiNS5_IiEEEEE4NodeD2Ev
FNDA:0,_ZN3s213mapINSt3__14listIiNS1_9allocatorIiEEEENS1_12basic_stringIcNS1_11char_traitsIcEENS3_IcEEEEE4NodeD1Ev
FNDA:0,_ZN3s213mapINSt3__14listIiNS1_9allocatorIiEEEENS1_12basic_stringIcNS1_11char_traitsIcEENS3_IcEEEEE4NodeD2Ev
FNDA:5,_ZN3s213mapINSt3__112basic_stringIcNS1_11char_traitsIcEENS1_9allocatorIcEEEENS1_4listIiNS5_IiEEEEE12rotate_rightEPNSB_8BaseNodeE
FNDA:0,_ZN3s213mapIiiE12rotate_rightEPNS1_8BaseNodeE
FNDA:3,_ZN3s213mapINSt3__112basic_stringIcNS1_11char_traitsIcEENS1_9allocatorIcEEEENS1_4listIiNS5_IiEEEEE11rotate_leftEPNSB_8BaseNodeE
FNDA:15,_ZN3s213mapIiiE11rotate_leftEPNS1_8BaseNodeE
FNDA:54,_ZN3s213mapINSt3__112basic_stringIcNS1_11char_traitsIcEENS1_9allocatorIcEEEENS1_4listIiNS5_IiEEEEE14insert_privateEPNSB_8BaseNodeERKNS1_4pairIKS7_SA_EE
FNDA:108,_ZN3s213mapIiiE14insert_privateEPNS1_8BaseNodeERKNSt3__14pairIKiiEE
FNDA:10,_ZN3s213mapINSt3__112basic_stringIcNS1_11char_traitsIcEENS1_9allocatorIcEEEENS1_4listIiNS5_IiEEEEE8BaseNodeC1Ev
FNDA:36,_ZN3s213mapINSt3__112basic_stringIcNS1_11char_traitsIcEENS1_9allocatorIcEEEENS1_4listIiNS5_IiEEEEE8BaseNodeC2Ev
FNDA:2,_ZN3s213mapINSt3__14listIiNS1_9allocatorIiEEEENS1_12basic_stringIcNS1_11char_traitsIcEENS3_IcEEEEE8BaseNodeC1Ev
FNDA:2,_ZN3s213mapINSt3__14listIiNS1_9allocatorIiEEEENS1_12basic_stringIcNS1_11char_traitsIcEENS3_IcEEEEE8BaseNodeC2Ev
FNDA:27,_ZN3s213mapIiiE8BaseNodeC1Ev
FNDA:78,_ZN3s213mapIiiE8BaseNodeC2Ev
FNDA:26,_ZN3s213mapINSt3__112basic_stringIcNS1_11char_traitsIcEENS1_9allocatorIcEEEENS1_4listIiNS5_IiEEEEE4NodeC1ERKNS1_4pairIKS7_SA_EE
FNDA:26,_ZN3s213mapINSt3__112basic_stringIcNS1_11char_traitsIcEENS1_9allocatorIcEEEENS1_4listIiNS5_IiEEEEE4NodeC2ERKNS1_4pairIKS7_SA_EE
FNDA:51,_ZN3s213mapIiiE4NodeC1ERKNSt3__14pairIKiiEE
FNDA:51,_ZN3s213mapIiiE4NodeC2ERKNSt3__14pairIKiiEE
FNDA:2,_ZN3s213mapINSt3__14listIiNS1_9allocatorIiEEEENS1_12basic_stringIcNS1_11char_traitsIcEENS3_IcEEEEEC1Ev
FNDA:2,_ZN3s213mapINSt3__14listIiNS1_9allocatorIiEEEENS1_12basic_stringIcNS1_11char_traitsIcEENS3_IcEEEEEC2Ev
FNDA:10,_ZN3s213mapIiiEC1Ev
FNDA:10,_ZN3s213mapIiiEC2Ev
FNDA:3,_ZN3s213mapINSt3__112basic_stringIcNS1_11char_traitsIcEENS1_9allocatorIcEEEENS1_4listIiNS5_IiEEEEEC1ERKSB_
FNDA:3,_ZN3s213mapINSt3__112basic_stringIcNS1_11char_traitsIcEENS1_9allocatorIcEEEENS1_4listIiNS5_IiEEEEEC2ERKSB_
FNDA:4,_ZN3s213mapIiiEC1ERKS1_
FNDA:4,_ZN3s213mapIiiEC2ERKS1_
FNDA:1,_ZN3s213mapINSt3__112basic_stringIcNS1_11char_traitsIcEENS1_9allocatorIcEEEENS1_4listIiNS5_IiEEEEE5clearEv
FNDA:9,_ZN3s213mapIiiE5clearEv
FNDA:26,_ZN3s213mapINSt3__112basic_stringIcNS1_11char_traitsIcEENS1_9allocatorIcEEEENS1_4listIiNS5_IiEEEEE6insertERKNS1_4pairIKS7_SA_EE
FNDA:51,_ZN3s213mapIiiE6insertERKNSt3__14pairIKiiEE
FNDA:5,_ZN3s213mapINSt3__112basic_stringIcNS1_11char_traitsIcEENS1_9allocatorIcEEEENS1_4listIiNS5_IiEEEEEC1ESt16initializer_listINS1_4pairIKS7_SA_EEE
FNDA:5,_ZN3s213mapINSt3__112basic_stringIcNS1_11char_traitsIcEENS1_9allocatorIcEEEENS1_4listIiNS5_IiEEEEEC2ESt16initializer_listINS1_4pairIKS7_SA_EEE
FNDA:11,_ZN3s213mapIiiEC1ESt16initializer_listINSt3__14pairIKiiEEE
FNDA:11,_ZN3s213mapIiiEC2ESt16initializer_listINSt3__14pairIKiiEEE
FNDA:2,_ZN3s213mapINSt3__112basic_stringIcNS1_11char_traitsIcEENS1_9allocatorIcEEEENS1_4listIiNS5_IiEEEEEC1EOSB_
FNDA:2,_ZN3s213mapINSt3__112basic_stringIcNS1_11char_traitsIcEENS1_9allocatorIcEEEENS1_4listIiNS5_IiEEEEEC2EOSB_
FNDA:2,_ZN3s213mapIiiEC1EOS1_
FNDA:2,_ZN3s213mapIiiEC2EOS1_
FNDA:10,_ZN3s213mapINSt3__112basic_stringIcNS1_11char_traitsIcEENS1_9allocatorIcEEEENS1_4listIiNS5_IiEEEEED1Ev
FNDA:10,_ZN3s213mapINSt3__112basic_stringIcNS1_11char_traitsIcEENS1_9allocatorIcEEEENS1_4listIiNS5_IiEEEEED2Ev
FNDA:2,_ZN3s213mapINSt3__14listIiNS1_9allocatorIiEEEENS1_12basic_stringIcNS1_11char_traitsIcEENS3_IcEEEEED1Ev
FNDA:2,_ZN3s213mapINSt3__14listIiNS1_9allocatorIiEEEENS1_12basic_stringIcNS1_11char_traitsIcEENS3_IcEEEEED2Ev
FNDA:27,_ZN3s213mapIiiED1Ev
FNDA:27,_ZN3s213mapIiiED2Ev
FNDA:1,_ZN3s213mapINSt3__112basic_stringIcNS1_11char_traitsIcEENS1_9allocatorIcEEEENS1_4listIiNS5_IiEEEEEaSERKSB_
FNDA:6,_ZN3s213mapIiiEaSERKS1_
FNF:71
FNH:68
DA:24,155
DA:27,154
DA:30,24
DA:33,14
DA:35,31
DA:36,24
DA:37,24
DA:38,7
DA:39,0
DA:40,0
DA:41,0
DA:42,14
DA:45,32
DA:47,69
DA:48,53
DA:50,16
DA:51,0
DA:52,0
DA:53,0
DA:54,32
DA:57,8
DA:58,4
DA:59,4
DA:60,4
DA:61,4
DA:63,4
DA:64,4
DA:65,4
DA:66,4
DA:67,8
DA:70,78
DA:71,39
DA:72,78
DA:75,7
DA:76,7
DA:77,2
DA:80,5
DA:81,2
DA:82,2
DA:83,3
DA:84,3
DA:86,3
DA:87,3
DA:88,3
DA:89,3
DA:91,3
DA:92,3
DA:93,3
DA:94,3
DA:96,5
DA:97,7
DA:100,5
DA:101,5
DA:103,5
DA:104,4
DA:105,2
DA:106,2
DA:107,2
DA:108,2
DA:109,2
DA:110,4
DA:112,5
DA:113,5
DA:114,5
DA:116,5
DA:130,43
DA:131,43
DA:135,67
DA:136,67
DA:140,36
DA:141,36
DA:145,90
DA:146,90
DA:150,36
DA:151,36
DA:155,432
DA:156,432
DA:160,85
DA:161,85
DA:165,281
DA:166,281
DA:167,116
DA:168,116
DA:169,116
DA:170,39
DA:171,39
DA:172,77
DA:173,77
DA:175,116
DA:176,281
DA:191,5
DA:193,5
DA:194,5
DA:196,5
DA:197,5
DA:199,5
DA:201,5
DA:202,5
DA:203,5
DA:205,5
DA:206,5
DA:207,0
DA:208,0
DA:210,5
DA:211,5
DA:213,5
DA:217,18
DA:219,18
DA:220,18
DA:222,18
DA:223,18
DA:225,18
DA:226,18
DA:227,18
DA:228,0
DA:229,0
DA:231,18
DA:232,18
DA:234,18
DA:239,162
DA:240,162
DA:242,162
DA:243,77
DA:244,77
DA:245,77
DA:246,10
DA:247,10
DA:248,77
DA:249,85
DA:250,15
DA:251,15
DA:252,15
DA:253,15
DA:254,85
DA:255,70
DA:256,70
DA:257,70
DA:258,70
DA:259,70
DA:260,0
DA:263,85
DA:265,85
DA:267,85
DA:268,5
DA:269,5
DA:270,5
DA:272,85
DA:273,18
DA:274,18
DA:275,18
DA:277,85
DA:278,5
DA:279,0
DA:280,0
DA:281,0
DA:283,85
DA:284,18
DA:285,0
DA:286,0
DA:287,0
DA:289,85
DA:290,18
DA:291,18
DA:293,85
DA:294,162
DA:357,10
DA:358,10
DA:359,10
DA:360,10
DA:361,10
DA:364,77
DA:365,77
DA:366,77
DA:367,23
DA:368,23
DA:369,23
DA:370,23
DA:372,77
LF:178
LH:161
end_of_record
TN:
SF:/Users/nikita/Projects/GitHub/s21_Containers/src/queue/s21_queue.tpp
FN:12,_ZN3s215queueIiNS_4listIiEEEC1ERKS3_
FN:12,_ZN3s215queueIiNS_4listIiEEEC2ERKS3_
FN:15,_ZN3s215queueIiNS_4listIiEEEC1ESt16initializer_listIiE
FN:15,_ZN3s215queueIiNS_4listIiEEEC2ESt16initializer_listIiE
FN:18,_ZN3s215queueIiNS_4listIiEEEC1EOS3_
FN:18,_ZN3s215queueIiNS_4listIiEEEC2EOS3_
FN:21,_ZN3s215queueIiNS_4listIiEEED1Ev
FN:21,_ZN3s215queueIiNS_4listIiEEED2Ev
FN:24,_ZN3s215queueIiNS_4listIiEEEaSERKS3_
FN:32,_ZN3s215queueIiNS_4listIiEEEaSEOS3_
FN:40,_ZN3s215queueIiNS_4listIiEEE4backEv
FN:45,_ZNK3s215queueIiNS_4listIiEEE4backEv
FN:50,_ZN3s215queueIiNS_4listIiEEE5frontEv
FN:55,_ZNK3s215queueIiNS_4listIiEEE5frontEv
FN:60,_ZNK3s215queueIiNS_4listIiEEE5emptyEv
FN:65,_ZNK3s215queueIiNS_4listIiEEE4sizeEv
FN:70,_ZN3s215queueIiNS_4listIiEEE4pushERKi
FN:75,_ZN3s215queueIiNS_4listIiEEE4pushEOi
FN:80,_ZN3s215queueIiNS_4listIiEEE3popEv
FN:85,_ZN3s215queueIiNS_4listIiEEE4swapERS3_
FN:9,_ZN3s215queueIiNS_4listIiEEEC1Ev
FN:9,_ZN3s215queueIiNS_4listIiEEEC2Ev
FNDA:1,_ZN3s215queueIiNS_4listIiEEEC1ERKS3_
FNDA:1,_ZN3s215queueIiNS_4listIiEEEC2ERKS3_
FNDA:1,_ZN3s215queueIiNS_4listIiEEEC1ESt16initializer_listIiE
FNDA:1,_ZN3s215queueIiNS_4listIiEEEC2ESt16initializer_listIiE
FNDA:1,_ZN3s215queueIiNS_4listIiEEEC1EOS3_
FNDA:1,_ZN3s215queueIiNS_4listIiEEEC2EOS3_
FNDA:6,_ZN3s215queueIiNS_4listIiEEED1Ev
FNDA:6,_ZN3s215queueIiNS_4listIiEEED2Ev
FNDA:1,_ZN3s215queueIiNS_4listIiEEEaSERKS3_
FNDA:1,_ZN3s215queueIiNS_4listIiEEEaSEOS3_
FNDA:10,_ZN3s215queueIiNS_4listIiEEE4backEv
FNDA:1,_ZNK3s215queueIiNS_4listIiEEE4backEv
FNDA:10,_ZN3s215queueIiNS_4listIiEEE5frontEv
FNDA:1,_ZNK3s215queueIiNS_4listIiEEE5frontEv
FNDA:12,_ZNK3s215queueIiNS_4listIiEEE5emptyEv
FNDA:12,_ZNK3s215queueIiNS_4listIiEEE4sizeEv
FNDA:3,_ZN3s215queueIiNS_4listIiEEE4pushERKi
FNDA:3,_ZN3s215queueIiNS_4listIiEEE4pushEOi
FNDA:3,_ZN3s215queueIiNS_4listIiEEE3popEv
FNDA:1,_ZN3s215queueIiNS_4listIiEEE4swapERS3_
FNDA:3,_ZN3s215queueIiNS_4listIiEEEC1Ev
FNDA:3,_ZN3s215queueIiNS_4listIiEEEC2Ev
FNF:22
FNH:22
DA:9,6
DA:12,2
DA:15,2
DA:18,2
DA:21,12
DA:24,1
DA:25,1
DA:26,1
DA:27,1
DA:28,1
DA:32,1
DA:33,1
DA:34,1
DA:35,1
DA:36,1
DA:40,10
DA:41,10
DA:45,1
DA:46,1
DA:50,10
DA:51,10
DA:55,1
DA:56,1
DA:60,12
DA:61,12
DA:65,12
DA:66,12
DA:70,3
DA:71,3
DA:72,3
DA:75,3
DA:76,3
DA:77,3
DA:80,3
DA:81,3
DA:82,3
DA:85,1
DA:86,1
LF:38
LH:38
end_of_record
TN:
SF:/Users/nikita/Projects/GitHub/s21_Containers/src/stack/s21_stack.tpp
FN:12,_ZN3s215stackIiNS_6vectorIiEEEC1ERKS3_
FN:12,_ZN3s215stackIiNS_6vectorIiEEEC2ERKS3_
FN:15,_ZN3s215stackIiNS_6vectorIiEEEC1ESt16initializer_listIiE
FN:15,_ZN3s215stackIiNS_6vectorIiEEEC2ESt16initializer_listIiE
FN:18,_ZN3s215stackIiNS_6vectorIiEEEC1EOS3_
FN:18,_ZN3s215stackIiNS_6vectorIiEEEC2EOS3_
FN:22,_ZN3s215stackIiNS_6vectorIiEEED1Ev
FN:22,_ZN3s215stackIiNS_6vectorIiEEED2Ev
FN:25,_ZN3s215stackIiNS_6vectorIiEEEaSERKS3_
FN:33,_ZN3s215stackIiNS_6vectorIiEEEaSEOS3_
FN:41,_ZN3s215stackIiNS_6vectorIiEEE3topEv
FN:46,_ZNK3s215stackIiNS_6vectorIiEEE3topEv
FN:51,_ZNK3s215stackIiNS_6vectorIiEEE5emptyEv
FN:56,_ZNK3s215stackIiNS_6vectorIiEEE4sizeEv
FN:61,_ZN3s215stackIiNS_6vectorIiEEE4pushERKi
FN:66,_ZN3s215stackIiNS_6vectorIiEEE4pushEOi
FN:71,_ZN3s215stackIiNS_6vectorIiEEE3popEv
FN:76,_ZN3s215stackIiNS_6vectorIiEEE4swapERS3_
FN:9,_ZN3s215stackIiNS_6vectorIiEEEC1Ev
FN:9,_ZN3s215stackIiNS_6vectorIiEEEC2Ev
FNDA:1,_ZN3s215stackIiNS_6vectorIiEEEC1ERKS3_
FNDA:1,_ZN3s215stackIiNS_6vectorIiEEEC2ERKS3_
FNDA:1,_ZN3s215stackIiNS_6vectorIiEEEC1ESt16initializer_listIiE
FNDA:1,_ZN3s215stackIiNS_6vectorIiEEEC2ESt16initializer_listIiE
FNDA:1,_ZN3s215stackIiNS_6vectorIiEEEC1EOS3_
FNDA:1,_ZN3s215stackIiNS_6vectorIiEEEC2EOS3_
FNDA:6,_ZN3s215stackIiNS_6vectorIiEEED1Ev
FNDA:6,_ZN3s215stackIiNS_6vectorIiEEED2Ev
FNDA:1,_ZN3s215stackIiNS_6vectorIiEEEaSERKS3_
FNDA:1,_ZN3s215stackIiNS_6vectorIiEEEaSEOS3_
FNDA:10,_ZN3s215stackIiNS_6vectorIiEEE3topEv
FNDA:1,_ZNK3s215stackIiNS_6vectorIiEEE3topEv
FNDA:12,_ZNK3s215stackIiNS_6vectorIiEEE5emptyEv
FNDA:12,_ZNK3s215stackIiNS_6vectorIiEEE4sizeEv
FNDA:3,_ZN3s215stackIiNS_6vectorIiEEE4pushERKi
FNDA:3,_ZN3s215stackIiNS_6vectorIiEEE4pushEOi
FNDA:3,_ZN3s215stackIiNS_6vectorIiEEE3popEv
FNDA:1,_ZN3s215stackIiNS_6vectorIiEEE4swapERS3_
FNDA:3,_ZN3s215stackIiNS_6vectorIiEEEC1Ev
FNDA:3,_ZN3s215stackIiNS_6vectorIiEEEC2Ev
FNF:20
FNH:20
DA:9,6
DA:12,2
DA:15,2
DA:18,2
DA:19,2
DA:22,12
DA:25,1
DA:26,1
DA:27,1
DA:28,1
DA:29,1
DA:33,1
DA:34,1
DA:35,1
DA:36,1
DA:37,1
DA:41,10
DA:42,10
DA:46,1
DA:47,1
DA:51,12
DA:52,12
DA:56,12
DA:57,12
DA:61,3
DA:62,3
DA:63,3
DA:66,3
DA:67,3
DA:68,3
DA:71,3
DA:72,3
DA:73,3
DA:76,1
DA:77,1
LF:35
LH:35
end_of_record
TN:
SF:/Users/nikita/Projects/GitHub/s21_Containers/src/test/test.cpp
FN:0,__cxx_global_var_init
FN:0,__cxx_global_var_init.109
FN:0,__cxx_global_var_init.117
FN:0,__cxx_global_var_init.129
FN:0,__cxx_global_var_init.138
FN:0,__cxx_global_var_init.141
FN:0,__cxx_global_var_init.165
FN:0,__cxx_global_var_init.171
FN:0,__cxx_global_var_init.177
FN:0,__cxx_global_var_init.179
FN:0,__cxx_global_var_init.194
FN:0,__cxx_global_var_init.202
FN:0,__cxx_global_var_init.204
FN:0,__cxx_global_var_init.205
FN:0,__cxx_global_var_init.206
FN:0,__cxx_global_var_init.209
FN:0,__cxx_global_var_init.211
FN:0,__cxx_global_var_init.216
FN:0,__cxx_global_var_init.220
FN:0,__cxx_global_var_init.224
FN:0,__cxx_global_var_init.225
FN:0,__cxx_global_var_init.227
FN:0,__cxx_global_var_init.23
FN:0,__cxx_global_var_init.231
FN:0,__cxx_global_var_init.235
FN:0,__cxx_global_var_init.237
FN:0,__cxx_global_var_init.253
FN:0,__cxx_global_var_init.269
FN:0,__cxx_global_var_init.275
FN:0,__cxx_global_var_init.279
FN:0,__cxx_global_var_init.290
FN:0,__cxx_global_var_init.30
FN:0,__cxx_global_var_init.38
FN:0,__cxx_global_var_init.53
FN:0,__cxx_global_var_init.79
FN:0,__cxx_global_var_init.93
FN:0,__cxx_global_var_init.98
FN:1030,_ZN17LIST_PushPop_Test8TestBodyEv
FN:1030,_ZN17LIST_PushPop_TestC1Ev
FN:1030,_ZN17LIST_PushPop_TestC2Ev
FN:1030,_ZN17LIST_PushPop_TestD0Ev
FN:1030,_ZN17LIST_PushPop_TestD1Ev
FN:1030,_ZN17LIST_PushPop_TestD2Ev
FN:1084,_ZN14LIST_Swap_Test8TestBodyEv
FN:1084,_ZN14LIST_Swap_TestC1Ev
FN:1084,_ZN14LIST_Swap_TestC2Ev
FN:1084,_ZN14LIST_Swap_TestD0Ev
FN:1084,_ZN14LIST_Swap_TestD1Ev
FN:1084,_ZN14LIST_Swap_TestD2Ev
FN:111,_ZN24VECTOR_EmptyMaxSize_Test8TestBodyEv
FN:111,_ZN24VECTOR_EmptyMaxSize_TestC1Ev
FN:111,_ZN24VECTOR_EmptyMaxSize_TestC2Ev
FN:111,_ZN24VECTOR_EmptyMaxSize_TestD0Ev
FN:111,_ZN24VECTOR_EmptyMaxSize_TestD1Ev
FN:111,_ZN24VECTOR_EmptyMaxSize_TestD2Ev
FN:1140,_ZN16LIST_Resize_Test8TestBodyEv
FN:1140,_ZN16LIST_Resize_TestC1Ev
FN:1140,_ZN16LIST_Resize_TestC2Ev
FN:1140,_ZN16LIST_Resize_TestD0Ev
FN:1140,_ZN16LIST_Resize_TestD1Ev
FN:1140,_ZN16LIST_Resize_TestD2Ev
FN:1184,_ZN17LIST_Reverse_Test8TestBodyEv
FN:1184,_ZN17LIST_Reverse_TestC1Ev
FN:1184,_ZN17LIST_Reverse_TestC2Ev
FN:1184,_ZN17LIST_Reverse_TestD0Ev
FN:1184,_ZN17LIST_Reverse_TestD1Ev
FN:1184,_ZN17LIST_Reverse_TestD2Ev
FN:1218,_ZN16LIST_Remove_Test8TestBodyEv
FN:1218,_ZN16LIST_Remove_TestC1Ev
FN:1218,_ZN16LIST_Remove_TestC2Ev
FN:1218,_ZN16LIST_Remove_TestD0Ev
FN:1218,_ZN16LIST_Remove_TestD1Ev
FN:1218,_ZN16LIST_Remove_TestD2Ev
FN:1258,_ZN16LIST_Unique_Test8TestBodyEv
FN:1258,_ZN16LIST_Unique_TestC1Ev
FN:1258,_ZN16LIST_Unique_TestC2Ev
FN:1258,_ZN16LIST_Unique_TestD0Ev
FN:1258,_ZN16LIST_Unique_TestD1Ev
FN:1258,_ZN16LIST_Unique_TestD2Ev
FN:1292,_ZN22LIST_Splice_First_Test8TestBodyEv
FN:1292,_ZN22LIST_Splice_First_TestC1Ev
FN:1292,_ZN22LIST_Splice_First_TestC2Ev
FN:1292,_ZN22LIST_Splice_First_TestD0Ev
FN:1292,_ZN22LIST_Splice_First_TestD1Ev
FN:1292,_ZN22LIST_Splice_First_TestD2Ev
FN:131,_ZN18VECTOR_Insert_Test8TestBodyEv
FN:131,_ZN18VECTOR_Insert_TestC1Ev
FN:131,_ZN18VECTOR_Insert_TestC2Ev
FN:131,_ZN18VECTOR_Insert_TestD0Ev
FN:131,_ZN18VECTOR_Insert_TestD1Ev
FN:131,_ZN18VECTOR_Insert_TestD2Ev
FN:1331,_ZN23LIST_Splice_Second_Test8TestBodyEv
FN:1331,_ZN23LIST_Splice_Second_TestC1Ev
FN:1331,_ZN23LIST_Splice_Second_TestC2Ev
FN:1331,_ZN23LIST_Splice_Second_TestD0Ev
FN:1331,_ZN23LIST_Splice_Second_TestD1Ev
FN:1331,_ZN23LIST_Splice_Second_TestD2Ev
FN:1391,_ZN22LIST_Splice_Third_Test8TestBodyEv
FN:1391,_ZN22LIST_Splice_Third_TestC1Ev
FN:1391,_ZN22LIST_Splice_Third_TestC2Ev
FN:1391,_ZN22LIST_Splice_Third_TestD0Ev
FN:1391,_ZN22LIST_Splice_Third_TestD1Ev
FN:1391,_ZN22LIST_Splice_Third_TestD2Ev
FN:1476,_ZN15LIST_Merge_Test8TestBodyEv
FN:1476,_ZN15LIST_Merge_TestC1Ev
FN:1476,_ZN15LIST_Merge_TestC2Ev
FN:1476,_ZN15LIST_Merge_TestD0Ev
FN:1476,_ZN15LIST_Merge_TestD1Ev
FN:1476,_ZN15LIST_Merge_TestD2Ev
FN:1503,_ZN14LIST_Sort_Test8TestBodyEv
FN:1503,_ZN14LIST_Sort_TestC1Ev
FN:1503,_ZN14LIST_Sort_TestC2Ev
FN:1503,_ZN14LIST_Sort_TestD0Ev
FN:1503,_ZN14LIST_Sort_TestD1Ev
FN:1503,_ZN14LIST_Sort_TestD2Ev
FN:1529,_ZN21MAP_Constructors_Test8TestBodyEv
FN:1529,_ZN21MAP_Constructors_TestC1Ev
FN:1529,_ZN21MAP_Constructors_TestC2Ev
FN:1529,_ZN21MAP_Constructors_TestD0Ev
FN:1529,_ZN21MAP_Constructors_TestD1Ev
FN:1529,_ZN21MAP_Constructors_TestD2Ev
FN:1603,_ZN19MAP_OperatorEq_Test8TestBodyEv
FN:1603,_ZN19MAP_OperatorEq_TestC1Ev
FN:1603,_ZN19MAP_OperatorEq_TestC2Ev
FN:1603,_ZN19MAP_OperatorEq_TestD0Ev
FN:1603,_ZN19MAP_OperatorEq_TestD1Ev
FN:1603,_ZN19MAP_OperatorEq_TestD2Ev
FN:1697,main
FN:208,_ZN25VECTOR_ElementAccess_Test8TestBodyEv
FN:208,_ZN25VECTOR_ElementAccess_TestC1Ev
FN:208,_ZN25VECTOR_ElementAccess_TestC2Ev
FN:208,_ZN25VECTOR_ElementAccess_TestD0Ev
FN:208,_ZN25VECTOR_ElementAccess_TestD1Ev
FN:208,_ZN25VECTOR_ElementAccess_TestD2Ev
FN:242,_ZN16VECTOR_Data_Test8TestBodyEv
FN:242,_ZN16VECTOR_Data_TestC1Ev
FN:242,_ZN16VECTOR_Data_TestC2Ev
FN:242,_ZN16VECTOR_Data_TestD0Ev
FN:242,_ZN16VECTOR_Data_TestD1Ev
FN:242,_ZN16VECTOR_Data_TestD2Ev
FN:264,_ZN25VECTOR_ReserveShrink_Test8TestBodyEv
FN:264,_ZN25VECTOR_ReserveShrink_TestC1Ev
FN:264,_ZN25VECTOR_ReserveShrink_TestC2Ev
FN:264,_ZN25VECTOR_ReserveShrink_TestD0Ev
FN:264,_ZN25VECTOR_ReserveShrink_TestD1Ev
FN:264,_ZN25VECTOR_ReserveShrink_TestD2Ev
FN:315,_ZN27VECTOR_OperatorDoubeEq_Test8TestBodyEv
FN:315,_ZN27VECTOR_OperatorDoubeEq_TestC1Ev
FN:315,_ZN27VECTOR_OperatorDoubeEq_TestC2Ev
FN:315,_ZN27VECTOR_OperatorDoubeEq_TestD0Ev
FN:315,_ZN27VECTOR_OperatorDoubeEq_TestD1Ev
FN:315,_ZN27VECTOR_OperatorDoubeEq_TestD2Ev
FN:335,_ZN18VECTOR_Resize_Test8TestBodyEv
FN:335,_ZN18VECTOR_Resize_TestC1Ev
FN:335,_ZN18VECTOR_Resize_TestC2Ev
FN:335,_ZN18VECTOR_Resize_TestD0Ev
FN:335,_ZN18VECTOR_Resize_TestD1Ev
FN:335,_ZN18VECTOR_Resize_TestD2Ev
FN:379,_ZN17VECTOR_Erase_Test8TestBodyEv
FN:379,_ZN17VECTOR_Erase_TestC1Ev
FN:379,_ZN17VECTOR_Erase_TestC2Ev
FN:379,_ZN17VECTOR_Erase_TestD0Ev
FN:379,_ZN17VECTOR_Erase_TestD1Ev
FN:379,_ZN17VECTOR_Erase_TestD2Ev
FN:409,_ZN27ARRAY_SizeMaxSizeEmpty_Test8TestBodyEv
FN:409,_ZN27ARRAY_SizeMaxSizeEmpty_TestC1Ev
FN:409,_ZN27ARRAY_SizeMaxSizeEmpty_TestC2Ev
FN:409,_ZN27ARRAY_SizeMaxSizeEmpty_TestD0Ev
FN:409,_ZN27ARRAY_SizeMaxSizeEmpty_TestD1Ev
FN:409,_ZN27ARRAY_SizeMaxSizeEmpty_TestD2Ev
FN:429,_ZN20ARRAY_FrontBack_Test8TestBodyEv
FN:429,_ZN20ARRAY_FrontBack_TestC1Ev
FN:429,_ZN20ARRAY_FrontBack_TestC2Ev
FN:429,_ZN20ARRAY_FrontBack_TestD0Ev
FN:429,_ZN20ARRAY_FrontBack_TestD1Ev
FN:429,_ZN20ARRAY_FrontBack_TestD2Ev
FN:459,_ZN25ARRAY_AtBracketsData_Test8TestBodyEv
FN:459,_ZN25ARRAY_AtBracketsData_TestC1Ev
FN:459,_ZN25ARRAY_AtBracketsData_TestC2Ev
FN:459,_ZN25ARRAY_AtBracketsData_TestD0Ev
FN:459,_ZN25ARRAY_AtBracketsData_TestD1Ev
FN:459,_ZN25ARRAY_AtBracketsData_TestD2Ev
FN:499,_ZN20ARRAY_Iterators_Test8TestBodyEv
FN:499,_ZN20ARRAY_Iterators_TestC1Ev
FN:499,_ZN20ARRAY_Iterators_TestC2Ev
FN:499,_ZN20ARRAY_Iterators_TestD0Ev
FN:499,_ZN20ARRAY_Iterators_TestD1Ev
FN:499,_ZN20ARRAY_Iterators_TestD2Ev
FN:5,_ZN24VECTOR_Constructors_Test8TestBodyEv
FN:5,_ZN24VECTOR_Constructors_TestC1Ev
FN:5,_ZN24VECTOR_Constructors_TestC2Ev
FN:5,_ZN24VECTOR_Constructors_TestD0Ev
FN:5,_ZN24VECTOR_Constructors_TestD1Ev
FN:5,_ZN24VECTOR_Constructors_TestD2Ev
FN:508,_ZN24ARRAY_FillSwapEqual_Test8TestBodyEv
FN:508,_ZN24ARRAY_FillSwapEqual_TestC1Ev
FN:508,_ZN24ARRAY_FillSwapEqual_TestC2Ev
FN:508,_ZN24ARRAY_FillSwapEqual_TestD0Ev
FN:508,_ZN24ARRAY_FillSwapEqual_TestD1Ev
FN:508,_ZN24ARRAY_FillSwapEqual_TestD2Ev
FN:534,_ZN28ARRAY_ConstructorAssign_Test8TestBodyEv
FN:534,_ZN28ARRAY_ConstructorAssign_TestC1Ev
FN:534,_ZN28ARRAY_ConstructorAssign_TestC2Ev
FN:534,_ZN28ARRAY_ConstructorAssign_TestD0Ev
FN:534,_ZN28ARRAY_ConstructorAssign_TestD1Ev
FN:534,_ZN28ARRAY_ConstructorAssign_TestD2Ev
FN:560,_ZN14STACK_All_Test8TestBodyEv
FN:560,_ZN14STACK_All_TestC1Ev
FN:560,_ZN14STACK_All_TestC2Ev
FN:560,_ZN14STACK_All_TestD0Ev
FN:560,_ZN14STACK_All_TestD1Ev
FN:560,_ZN14STACK_All_TestD2Ev
FN:634,_ZN14QUEUE_All_Test8TestBodyEv
FN:634,_ZN14QUEUE_All_TestC1Ev
FN:634,_ZN14QUEUE_All_TestC2Ev
FN:634,_ZN14QUEUE_All_TestD0Ev
FN:634,_ZN14QUEUE_All_TestD1Ev
FN:634,_ZN14QUEUE_All_TestD2Ev
FN:720,_ZN22LIST_Constructors_Test8TestBodyEv
FN:720,_ZN22LIST_Constructors_TestC1Ev
FN:720,_ZN22LIST_Constructors_TestC2Ev
FN:720,_ZN22LIST_Constructors_TestD0Ev
FN:720,_ZN22LIST_Constructors_TestD1Ev
FN:720,_ZN22LIST_Constructors_TestD2Ev
FN:79,_ZN21VECTOR_FrontBack_Test8TestBodyEv
FN:79,_ZN21VECTOR_FrontBack_TestC1Ev
FN:79,_ZN21VECTOR_FrontBack_TestC2Ev
FN:79,_ZN21VECTOR_FrontBack_TestD0Ev
FN:79,_ZN21VECTOR_FrontBack_TestD1Ev
FN:79,_ZN21VECTOR_FrontBack_TestD2Ev
FN:794,_ZN19LIST_FrontBack_Test8TestBodyEv
FN:794,_ZN19LIST_FrontBack_TestC1Ev
FN:794,_ZN19LIST_FrontBack_TestC2Ev
FN:794,_ZN19LIST_FrontBack_TestD0Ev
FN:794,_ZN19LIST_FrontBack_TestD1Ev
FN:794,_ZN19LIST_FrontBack_TestD2Ev
FN:822,_ZN22LIST_EmptyMaxSize_Test8TestBodyEv
FN:822,_ZN22LIST_EmptyMaxSize_TestC1Ev
FN:822,_ZN22LIST_EmptyMaxSize_TestC2Ev
FN:822,_ZN22LIST_EmptyMaxSize_TestD0Ev
FN:822,_ZN22LIST_EmptyMaxSize_TestD1Ev
FN:822,_ZN22LIST_EmptyMaxSize_TestD2Ev
FN:842,_ZN16LIST_Insert_Test8TestBodyEv
FN:842,_ZN16LIST_Insert_TestC1Ev
FN:842,_ZN16LIST_Insert_TestC2Ev
FN:842,_ZN16LIST_Insert_TestD0Ev
FN:842,_ZN16LIST_Insert_TestD1Ev
FN:842,_ZN16LIST_Insert_TestD2Ev
FN:894,_ZN20LIST_OperatorEq_Test8TestBodyEv
FN:894,_ZN20LIST_OperatorEq_TestC1Ev
FN:894,_ZN20LIST_OperatorEq_TestC2Ev
FN:894,_ZN20LIST_OperatorEq_TestD0Ev
FN:894,_ZN20LIST_OperatorEq_TestD1Ev
FN:894,_ZN20LIST_OperatorEq_TestD2Ev
FN:972,_ZN15LIST_Erase_Test8TestBodyEv
FN:972,_ZN15LIST_Erase_TestC1Ev
FN:972,_ZN15LIST_Erase_TestC2Ev
FN:972,_ZN15LIST_Erase_TestD0Ev
FN:972,_ZN15LIST_Erase_TestD1Ev
FN:972,_ZN15LIST_Erase_TestD2Ev
FNDA:1,__cxx_global_var_init
FNDA:1,__cxx_global_var_init.109
FNDA:1,__cxx_global_var_init.117
FNDA:1,__cxx_global_var_init.129
FNDA:1,__cxx_global_var_init.138
FNDA:1,__cxx_global_var_init.141
FNDA:1,__cxx_global_var_init.165
FNDA:1,__cxx_global_var_init.171
FNDA:1,__cxx_global_var_init.177
FNDA:1,__cxx_global_var_init.179
FNDA:1,__cxx_global_var_init.194
FNDA:1,__cxx_global_var_init.202
FNDA:1,__cxx_global_var_init.204
FNDA:1,__cxx_global_var_init.205
FNDA:1,__cxx_global_var_init.206
FNDA:1,__cxx_global_var_init.209
FNDA:1,__cxx_global_var_init.211
FNDA:1,__cxx_global_var_init.216
FNDA:1,__cxx_global_var_init.220
FNDA:1,__cxx_global_var_init.224
FNDA:1,__cxx_global_var_init.225
FNDA:1,__cxx_global_var_init.227
FNDA:1,__cxx_global_var_init.23
FNDA:1,__cxx_global_var_init.231
FNDA:1,__cxx_global_var_init.235
FNDA:1,__cxx_global_var_init.237
FNDA:1,__cxx_global_var_init.253
FNDA:1,__cxx_global_var_init.269
FNDA:1,__cxx_global_var_init.275
FNDA:1,__cxx_global_var_init.279
FNDA:1,__cxx_global_var_init.290
FNDA:1,__cxx_global_var_init.30
FNDA:1,__cxx_global_var_init.38
FNDA:1,__cxx_global_var_init.53
FNDA:1,__cxx_global_var_init.79
FNDA:1,__cxx_global_var_init.93
FNDA:1,__cxx_global_var_init.98
FNDA:1,_ZN17LIST_PushPop_Test8TestBodyEv
FNDA:1,_ZN17LIST_PushPop_TestC1Ev
FNDA:1,_ZN17LIST_PushPop_TestC2Ev
FNDA:1,_ZN17LIST_PushPop_TestD0Ev
FNDA:1,_ZN17LIST_PushPop_TestD1Ev
FNDA:1,_ZN17LIST_PushPop_TestD2Ev
FNDA:1,_ZN14LIST_Swap_Test8TestBodyEv
FNDA:1,_ZN14LIST_Swap_TestC1Ev
FNDA:1,_ZN14LIST_Swap_TestC2Ev
FNDA:1,_ZN14LIST_Swap_TestD0Ev
FNDA:1,_ZN14LIST_Swap_TestD1Ev
FNDA:1,_ZN14LIST_Swap_TestD2Ev
FNDA:1,_ZN24VECTOR_EmptyMaxSize_Test8TestBodyEv
FNDA:1,_ZN24VECTOR_EmptyMaxSize_TestC1Ev
FNDA:1,_ZN24VECTOR_EmptyMaxSize_TestC2Ev
FNDA:1,_ZN24VECTOR_EmptyMaxSize_TestD0Ev
FNDA:1,_ZN24VECTOR_EmptyMaxSize_TestD1Ev
FNDA:1,_ZN24VECTOR_EmptyMaxSize_TestD2Ev
FNDA:1,_ZN16LIST_Resize_Test8TestBodyEv
FNDA:1,_ZN16LIST_Resize_TestC1Ev
FNDA:1,_ZN16LIST_Resize_TestC2Ev
FNDA:1,_ZN16LIST_Resize_TestD0Ev
FNDA:1,_ZN16LIST_Resize_TestD1Ev
FNDA:1,_ZN16LIST_Resize_TestD2Ev
FNDA:1,_ZN17LIST_Reverse_Test8TestBodyEv
FNDA:1,_ZN17LIST_Reverse_TestC1Ev
FNDA:1,_ZN17LIST_Reverse_TestC2Ev
FNDA:1,_ZN17LIST_Reverse_TestD0Ev
FNDA:1,_ZN17LIST_Reverse_TestD1Ev
FNDA:1,_ZN17LIST_Reverse_TestD2Ev
FNDA:1,_ZN16LIST_Remove_Test8TestBodyEv
FNDA:1,_ZN16LIST_Remove_TestC1Ev
FNDA:1,_ZN16LIST_Remove_TestC2Ev
FNDA:1,_ZN16LIST_Remove_TestD0Ev
FNDA:1,_ZN16LIST_Remove_TestD1Ev
FNDA:1,_ZN16LIST_Remove_TestD2Ev
FNDA:1,_ZN16LIST_Unique_Test8TestBodyEv
FNDA:1,_ZN16LIST_Unique_TestC1Ev
FNDA:1,_ZN16LIST_Unique_TestC2Ev
FNDA:1,_ZN16LIST_Unique_TestD0Ev
FNDA:1,_ZN16LIST_Unique_TestD1Ev
FNDA:1,_ZN16LIST_Unique_TestD2Ev
FNDA:1,_ZN22LIST_Splice_First_Test8TestBodyEv
FNDA:1,_ZN22LIST_Splice_First_TestC1Ev
FNDA:1,_ZN22LIST_Splice_First_TestC2Ev
FNDA:1,_ZN22LIST_Splice_First_TestD0Ev
FNDA:1,_ZN22LIST_Splice_First_TestD1Ev
FNDA:1,_ZN22LIST_Splice_First_TestD2Ev
FNDA:1,_ZN18VECTOR_Insert_Test8TestBodyEv
FNDA:1,_ZN18VECTOR_Insert_TestC1Ev
FNDA:1,_ZN18VECTOR_Insert_TestC2Ev
FNDA:1,_ZN18VECTOR_Insert_TestD0Ev
FNDA:1,_ZN18VECTOR_Insert_TestD1Ev
FNDA:1,_ZN18VECTOR_Insert_TestD2Ev
FNDA:1,_ZN23LIST_Splice_Second_Test8TestBodyEv
FNDA:1,_ZN23LIST_Splice_Second_TestC1Ev
FNDA:1,_ZN23LIST_Splice_Second_TestC2Ev
FNDA:1,_ZN23LIST_Splice_Second_TestD0Ev
FNDA:1,_ZN23LIST_Splice_Second_TestD1Ev
FNDA:1,_ZN23LIST_Splice_Second_TestD2Ev
FNDA:1,_ZN22LIST_Splice_Third_Test8TestBodyEv
FNDA:1,_ZN22LIST_Splice_Third_TestC1Ev
FNDA:1,_ZN22LIST_Splice_Third_TestC2Ev
FNDA:1,_ZN22LIST_Splice_Third_TestD0Ev
FNDA:1,_ZN22LIST_Splice_Third_TestD1Ev
FNDA:1,_ZN22LIST_Splice_Third_TestD2Ev
FNDA:1,_ZN15LIST_Merge_Test8TestBodyEv
FNDA:1,_ZN15LIST_Merge_TestC1Ev
FNDA:1,_ZN15LIST_Merge_TestC2Ev
FNDA:1,_ZN15LIST_Merge_TestD0Ev
FNDA:1,_ZN15LIST_Merge_TestD1Ev
FNDA:1,_ZN15LIST_Merge_TestD2Ev
FNDA:1,_ZN14LIST_Sort_Test8TestBodyEv
FNDA:1,_ZN14LIST_Sort_TestC1Ev
FNDA:1,_ZN14LIST_Sort_TestC2Ev
FNDA:1,_ZN14LIST_Sort_TestD0Ev
FNDA:1,_ZN14LIST_Sort_TestD1Ev
FNDA:1,_ZN14LIST_Sort_TestD2Ev
FNDA:1,_ZN21MAP_Constructors_Test8TestBodyEv
FNDA:1,_ZN21MAP_Constructors_TestC1Ev
FNDA:1,_ZN21MAP_Constructors_TestC2Ev
FNDA:1,_ZN21MAP_Constructors_TestD0Ev
FNDA:1,_ZN21MAP_Constructors_TestD1Ev
FNDA:1,_ZN21MAP_Constructors_TestD2Ev
FNDA:1,_ZN19MAP_OperatorEq_Test8TestBodyEv
FNDA:1,_ZN19MAP_OperatorEq_TestC1Ev
FNDA:1,_ZN19MAP_OperatorEq_TestC2Ev
FNDA:1,_ZN19MAP_OperatorEq_TestD0Ev
FNDA:1,_ZN19MAP_OperatorEq_TestD1Ev
FNDA:1,_ZN19MAP_OperatorEq_TestD2Ev
FNDA:1,main
FNDA:1,_ZN25VECTOR_ElementAccess_Test8TestBodyEv
FNDA:1,_ZN25VECTOR_ElementAccess_TestC1Ev
FNDA:1,_ZN25VECTOR_ElementAccess_TestC2Ev
FNDA:1,_ZN25VECTOR_ElementAccess_TestD0Ev
FNDA:1,_ZN25VECTOR_ElementAccess_TestD1Ev
FNDA:1,_ZN25VECTOR_ElementAccess_TestD2Ev
FNDA:1,_ZN16VECTOR_Data_Test8TestBodyEv
FNDA:1,_ZN16VECTOR_Data_TestC1Ev
FNDA:1,_ZN16VECTOR_Data_TestC2Ev
FNDA:1,_ZN16VECTOR_Data_TestD0Ev
FNDA:1,_ZN16VECTOR_Data_TestD1Ev
FNDA:1,_ZN16VECTOR_Data_TestD2Ev
FNDA:1,_ZN25VECTOR_ReserveShrink_Test8TestBodyEv
FNDA:1,_ZN25VECTOR_ReserveShrink_TestC1Ev
FNDA:1,_ZN25VECTOR_ReserveShrink_TestC2Ev
FNDA:1,_ZN25VECTOR_ReserveShrink_TestD0Ev
FNDA:1,_ZN25VECTOR_ReserveShrink_TestD1Ev
FNDA:1,_ZN25VECTOR_ReserveShrink_TestD2Ev
FNDA:1,_ZN27VECTOR_OperatorDoubeEq_Test8TestBodyEv
FNDA:1,_ZN27VECTOR_OperatorDoubeEq_TestC1Ev
FNDA:1,_ZN27VECTOR_OperatorDoubeEq_TestC2Ev
FNDA:1,_ZN27VECTOR_OperatorDoubeEq_TestD0Ev
FNDA:1,_ZN27VECTOR_OperatorDoubeEq_TestD1Ev
FNDA:1,_ZN27VECTOR_OperatorDoubeEq_TestD2Ev
FNDA:1,_ZN18VECTOR_Resize_Test8TestBodyEv
FNDA:1,_ZN18VECTOR_Resize_TestC1Ev
FNDA:1,_ZN18VECTOR_Resize_TestC2Ev
FNDA:1,_ZN18VECTOR_Resize_TestD0Ev
FNDA:1,_ZN18VECTOR_Resize_TestD1Ev
FNDA:1,_ZN18VECTOR_Resize_TestD2Ev
FNDA:1,_ZN17VECTOR_Erase_Test8TestBodyEv
FNDA:1,_ZN17VECTOR_Erase_TestC1Ev
FNDA:1,_ZN17VECTOR_Erase_TestC2Ev
FNDA:1,_ZN17VECTOR_Erase_TestD0Ev
FNDA:1,_ZN17VECTOR_Erase_TestD1Ev
FNDA:1,_ZN17VECTOR_Erase_TestD2Ev
FNDA:1,_ZN27ARRAY_SizeMaxSizeEmpty_Test8TestBodyEv
FNDA:1,_ZN27ARRAY_SizeMaxSizeEmpty_TestC1Ev
FNDA:1,_ZN27ARRAY_SizeMaxSizeEmpty_TestC2Ev
FNDA:1,_ZN27ARRAY_SizeMaxSizeEmpty_TestD0Ev
FNDA:1,_ZN27ARRAY_SizeMaxSizeEmpty_TestD1Ev
FNDA:1,_ZN27ARRAY_SizeMaxSizeEmpty_TestD2Ev
FNDA:1,_ZN20ARRAY_FrontBack_Test8TestBodyEv
FNDA:1,_ZN20ARRAY_FrontBack_TestC1Ev
FNDA:1,_ZN20ARRAY_FrontBack_TestC2Ev
FNDA:1,_ZN20ARRAY_FrontBack_TestD0Ev
FNDA:1,_ZN20ARRAY_FrontBack_TestD1Ev
FNDA:1,_ZN20ARRAY_FrontBack_TestD2Ev
FNDA:1,_ZN25ARRAY_AtBracketsData_Test8TestBodyEv
FNDA:1,_ZN25ARRAY_AtBracketsData_TestC1Ev
FNDA:1,_ZN25ARRAY_AtBracketsData_TestC2Ev
FNDA:1,_ZN25ARRAY_AtBracketsData_TestD0Ev
FNDA:1,_ZN25ARRAY_AtBracketsData_TestD1Ev
FNDA:1,_ZN25ARRAY_AtBracketsData_TestD2Ev
FNDA:1,_ZN20ARRAY_Iterators_Test8TestBodyEv
FNDA:1,_ZN20ARRAY_Iterators_TestC1Ev
FNDA:1,_ZN20ARRAY_Iterators_TestC2Ev
FNDA:1,_ZN20ARRAY_Iterators_TestD0Ev
FNDA:1,_ZN20ARRAY_Iterators_TestD1Ev
FNDA:1,_ZN20ARRAY_Iterators_TestD2Ev
FNDA:1,_ZN24VECTOR_Constructors_Test8TestBodyEv
FNDA:1,_ZN24VECTOR_Constructors_TestC1Ev
FNDA:1,_ZN24VECTOR_Constructors_TestC2Ev
FNDA:1,_ZN24VECTOR_Constructors_TestD0Ev
FNDA:1,_ZN24VECTOR_Constructors_TestD1Ev
FNDA:1,_ZN24VECTOR_Constructors_TestD2Ev
FNDA:1,_ZN24ARRAY_FillSwapEqual_Test8TestBodyEv
FNDA:1,_ZN24ARRAY_FillSwapEqual_TestC1Ev
FNDA:1,_ZN24ARRAY_FillSwapEqual_TestC2Ev
FNDA:1,_ZN24ARRAY_FillSwapEqual_TestD0Ev
FNDA:1,_ZN24ARRAY_FillSwapEqual_TestD1Ev
FNDA:1,_ZN24ARRAY_FillSwapEqual_TestD2Ev
FNDA:1,_ZN28ARRAY_ConstructorAssign_Test8TestBodyEv
FNDA:1,_ZN28ARRAY_ConstructorAssign_TestC1Ev
FNDA:1,_ZN28ARRAY_ConstructorAssign_TestC2Ev
FNDA:1,_ZN28ARRAY_ConstructorAssign_TestD0Ev
FNDA:1,_ZN28ARRAY_ConstructorAssign_TestD1Ev
FNDA:1,_ZN28ARRAY_ConstructorAssign_TestD2Ev
FNDA:1,_ZN14STACK_All_Test8TestBodyEv
FNDA:1,_ZN14STACK_All_TestC1Ev
FNDA:1,_ZN14STACK_All_TestC2Ev
FNDA:1,_ZN14STACK_All_TestD0Ev
FNDA:1,_ZN14STACK_All_TestD1Ev
FNDA:1,_ZN14STACK_All_TestD2Ev
FNDA:1,_ZN14QUEUE_All_Test8TestBodyEv
FNDA:1,_ZN14QUEUE_All_TestC1Ev
FNDA:1,_ZN14QUEUE_All_TestC2Ev
FNDA:1,_ZN14QUEUE_All_TestD0Ev
FNDA:1,_ZN14QUEUE_All_TestD1Ev
FNDA:1,_ZN14QUEUE_All_TestD2Ev
FNDA:1,_ZN22LIST_Constructors_Test8TestBodyEv
FNDA:1,_ZN22LIST_Constructors_TestC1Ev
FNDA:1,_ZN22LIST_Constructors_TestC2Ev
FNDA:1,_ZN22LIST_Constructors_TestD0Ev
FNDA:1,_ZN22LIST_Constructors_TestD1Ev
FNDA:1,_ZN22LIST_Constructors_TestD2Ev
FNDA:1,_ZN21VECTOR_FrontBack_Test8TestBodyEv
FNDA:1,_ZN21VECTOR_FrontBack_TestC1Ev
FNDA:1,_ZN21VECTOR_FrontBack_TestC2Ev
FNDA:1,_ZN21VECTOR_FrontBack_TestD0Ev
FNDA:1,_ZN21VECTOR_FrontBack_TestD1Ev
FNDA:1,_ZN21VECTOR_FrontBack_TestD2Ev
FNDA:1,_ZN19LIST_FrontBack_Test8TestBodyEv
FNDA:1,_ZN19LIST_FrontBack_TestC1Ev
FNDA:1,_ZN19LIST_FrontBack_TestC2Ev
FNDA:1,_ZN19LIST_FrontBack_TestD0Ev
FNDA:1,_ZN19LIST_FrontBack_TestD1Ev
FNDA:1,_ZN19LIST_FrontBack_TestD2Ev
FNDA:1,_ZN22LIST_EmptyMaxSize_Test8TestBodyEv
FNDA:1,_ZN22LIST_EmptyMaxSize_TestC1Ev
FNDA:1,_ZN22LIST_EmptyMaxSize_TestC2Ev
FNDA:1,_ZN22LIST_EmptyMaxSize_TestD0Ev
FNDA:1,_ZN22LIST_EmptyMaxSize_TestD1Ev
FNDA:1,_ZN22LIST_EmptyMaxSize_TestD2Ev
FNDA:1,_ZN16LIST_Insert_Test8TestBodyEv
FNDA:1,_ZN16LIST_Insert_TestC1Ev
FNDA:1,_ZN16LIST_Insert_TestC2Ev
FNDA:1,_ZN16LIST_Insert_TestD0Ev
FNDA:1,_ZN16LIST_Insert_TestD1Ev
FNDA:1,_ZN16LIST_Insert_TestD2Ev
FNDA:1,_ZN20LIST_OperatorEq_Test8TestBodyEv
FNDA:1,_ZN20LIST_OperatorEq_TestC1Ev
FNDA:1,_ZN20LIST_OperatorEq_TestC2Ev
FNDA:1,_ZN20LIST_OperatorEq_TestD0Ev
FNDA:1,_ZN20LIST_OperatorEq_TestD1Ev
FNDA:1,_ZN20LIST_OperatorEq_TestD2Ev
FNDA:1,_ZN15LIST_Erase_Test8TestBodyEv
FNDA:1,_ZN15LIST_Erase_TestC1Ev
FNDA:1,_ZN15LIST_Erase_TestC2Ev
FNDA:1,_ZN15LIST_Erase_TestD0Ev
FNDA:1,_ZN15LIST_Erase_TestD1Ev
FNDA:1,_ZN15LIST_Erase_TestD2Ev
FNF:260
FNH:260
DA:5,7
DA:6,1
DA:7,1
DA:8,1
DA:10,1
DA:11,1
DA:12,1
DA:14,1
DA:15,1
DA:16,1
DA:18,1
DA:19,1
DA:20,1
DA:22,1
DA:23,1
DA:24,1
DA:26,1
DA:27,1
DA:28,1
DA:29,1
DA:31,1
DA:32,1
DA:33,1
DA:34,1
DA:35,1
DA:36,1
DA:38,1
DA:39,1
DA:40,1
DA:42,1
DA:43,1
DA:44,1
DA:46,1
DA:47,1
DA:48,1
DA:50,1
DA:51,1
DA:52,1
DA:54,1
DA:55,1
DA:56,1
DA:58,1
DA:59,1
DA:60,1
DA:62,1
DA:63,1
DA:64,1
DA:65,1
DA:67,1
DA:68,1
DA:69,1
DA:70,1
DA:71,1
DA:72,1
DA:74,1
DA:75,1
DA:76,1
DA:77,1
DA:79,7
DA:80,1
DA:81,1
DA:82,1
DA:83,1
DA:85,1
DA:86,1
DA:87,1
DA:88,1
DA:89,1
DA:90,1
DA:91,1
DA:93,1
DA:94,1
DA:95,1
DA:96,1
DA:97,1
DA:98,1
DA:100,1
DA:101,1
DA:102,1
DA:103,1
DA:104,1
DA:105,1
DA:106,1
DA:107,1
DA:108,1
DA:109,1
DA:111,7
DA:112,1
DA:113,1
DA:114,1
DA:115,1
DA:117,1
DA:118,1
DA:119,1
DA:121,1
DA:122,1
DA:123,1
DA:124,1
DA:126,1
DA:127,1
DA:128,1
DA:129,1
DA:131,7
DA:132,1
DA:133,1
DA:134,1
DA:135,1
DA:136,1
DA:137,1
DA:138,1
DA:139,1
DA:140,1
DA:141,1
DA:142,3
DA:143,2
DA:144,2
DA:145,2
DA:146,1
DA:147,1
DA:148,1
DA:149,1
DA:150,1
DA:151,1
DA:152,1
DA:153,1
DA:154,1
DA:155,1
DA:156,1
DA:157,1
DA:158,1
DA:159,1
DA:160,1
DA:161,1
DA:162,1
DA:164,1
DA:165,1
DA:166,1
DA:167,1
DA:168,1
DA:169,1
DA:170,1
DA:171,1
DA:172,1
DA:173,1
DA:174,1
DA:175,3
DA:176,2
DA:177,2
DA:178,2
DA:179,1
DA:180,1
DA:181,1
DA:182,1
DA:183,1
DA:184,1
DA:185,1
DA:186,1
DA:187,1
DA:189,1
DA:190,1
DA:191,1
DA:192,1
DA:193,1
DA:194,1
DA:195,1
DA:196,1
DA:198,1
DA:199,1
DA:200,1
DA:201,1
DA:202,1
DA:203,1
DA:204,1
DA:205,1
DA:206,1
DA:208,7
DA:209,1
DA:210,1
DA:211,1
DA:212,1
DA:213,2
DA:214,2
DA:215,1
DA:216,1
DA:217,1
DA:218,1
DA:219,1
DA:220,1
DA:221,1
DA:222,1
DA:224,1
DA:225,1
DA:226,1
DA:227,1
DA:228,1
DA:229,1
DA:230,1
DA:231,1
DA:232,1
DA:233,1
DA:234,1
DA:235,1
DA:236,1
DA:237,1
DA:238,1
DA:239,1
DA:240,3
DA:242,7
DA:243,1
DA:244,1
DA:245,1
DA:247,1
DA:248,1
DA:249,1
DA:250,1
DA:251,1
DA:253,1
DA:254,1
DA:255,1
DA:257,1
DA:258,1
DA:259,1
DA:260,1
DA:261,1
DA:262,1
DA:264,7
DA:265,1
DA:266,1
DA:267,1
DA:268,1
DA:269,1
DA:270,1
DA:271,1
DA:272,1
DA:274,1
DA:275,1
DA:276,2
DA:278,1
DA:279,1
DA:280,1
DA:281,1
DA:282,1
DA:283,1
DA:284,1
DA:285,1
DA:287,1
DA:288,1
DA:289,1
DA:290,1
DA:291,1
DA:292,1
DA:293,1
DA:294,1
DA:296,1
DA:297,1
DA:298,1
DA:299,1
DA:300,1
DA:301,1
DA:302,1
DA:303,1
DA:305,1
DA:306,1
DA:307,1
DA:308,1
DA:309,1
DA:310,1
DA:311,1
DA:312,1
DA:313,2
DA:315,7
DA:316,1
DA:317,1
DA:318,1
DA:319,1
DA:320,1
DA:322,1
DA:323,1
DA:324,1
DA:325,1
DA:326,1
DA:328,1
DA:329,1
DA:330,1
DA:331,1
DA:332,1
DA:333,1
DA:335,7
DA:336,1
DA:337,1
DA:338,1
DA:339,1
DA:340,1
DA:341,1
DA:342,1
DA:343,1
DA:344,1
DA:345,1
DA:346,1
DA:347,1
DA:348,1
DA:349,1
DA:350,1
DA:351,1
DA:352,1
DA:353,1
DA:354,1
DA:355,2
DA:357,1
DA:358,1
DA:359,1
DA:360,1
DA:361,1
DA:362,1
DA:363,1
DA:364,1
DA:365,1
DA:366,1
DA:367,1
DA:368,1
DA:369,1
DA:370,1
DA:371,1
DA:372,1
DA:373,1
DA:374,1
DA:375,1
DA:376,1
DA:377,3
DA:379,7
DA:380,1
DA:381,1
DA:382,1
DA:383,1
DA:384,1
DA:385,1
DA:387,1
DA:388,1
DA:389,1
DA:390,1
DA:391,1
DA:392,1
DA:394,1
DA:395,1
DA:396,1
DA:397,1
DA:398,1
DA:399,1
DA:401,1
DA:402,1
DA:403,1
DA:404,1
DA:405,1
DA:406,1
DA:407,1
DA:409,7
DA:410,1
DA:411,1
DA:412,1
DA:413,1
DA:414,1
DA:415,1
DA:416,1
DA:417,1
DA:419,1
DA:420,1
DA:421,1
DA:422,1
DA:423,1
DA:424,1
DA:425,1
DA:426,1
DA:427,1
DA:429,7
DA:430,1
DA:431,1
DA:432,1
DA:433,1
DA:435,1
DA:436,1
DA:437,1
DA:438,1
DA:439,1
DA:440,1
DA:441,1
DA:442,1
DA:444,1
DA:445,1
DA:446,1
DA:447,1
DA:449,1
DA:450,1
DA:451,1
DA:452,1
DA:453,1
DA:454,1
DA:455,1
DA:456,1
DA:457,1
DA:459,7
DA:460,1
DA:461,1
DA:462,1
DA:463,1
DA:464,2
DA:465,1
DA:467,1
DA:468,1
DA:469,1
DA:470,1
DA:471,1
DA:472,1
DA:473,1
DA:474,1
DA:475,2
DA:476,1
DA:477,1
DA:478,1
DA:479,1
DA:481,1
DA:482,1
DA:483,1
DA:484,1
DA:485,2
DA:486,1
DA:488,1
DA:489,1
DA:490,1
DA:491,1
DA:492,1
DA:493,1
DA:494,1
DA:495,1
DA:496,2
DA:497,5
DA:499,7
DA:500,1
DA:501,1
DA:502,1
DA:503,1
DA:504,1
DA:505,1
DA:506,1
DA:508,7
DA:509,1
DA:510,1
DA:511,1
DA:512,1
DA:513,1
DA:515,1
DA:516,1
DA:517,1
DA:518,1
DA:519,1
DA:521,1
DA:522,1
DA:523,1
DA:524,1
DA:525,1
DA:527,1
DA:528,1
DA:529,1
DA:530,1
DA:531,1
DA:532,1
DA:534,7
DA:535,1
DA:536,1
DA:537,1
DA:538,1
DA:539,1
DA:541,1
DA:542,1
DA:543,1
DA:544,1
DA:545,1
DA:547,1
DA:548,1
DA:549,1
DA:550,1
DA:551,1
DA:553,1
DA:554,1
DA:555,1
DA:556,1
DA:557,1
DA:558,1
DA:560,7
DA:561,1
DA:562,1
DA:563,1
DA:564,1
DA:566,1
DA:567,1
DA:568,1
DA:569,1
DA:570,4
DA:571,3
DA:572,3
DA:573,3
DA:574,4
DA:575,3
DA:576,3
DA:577,3
DA:578,1
DA:579,1
DA:580,1
DA:581,4
DA:582,3
DA:583,3
DA:584,3
DA:585,1
DA:586,1
DA:587,1
DA:589,1
DA:590,1
DA:591,1
DA:592,1
DA:593,1
DA:595,1
DA:596,1
DA:597,1
DA:598,1
DA:599,1
DA:600,1
DA:601,1
DA:602,1
DA:603,1
DA:604,1
DA:605,1
DA:606,1
DA:608,1
DA:609,1
DA:610,1
DA:611,1
DA:612,1
DA:613,1
DA:614,1
DA:615,1
DA:616,1
DA:618,1
DA:619,1
DA:620,1
DA:621,1
DA:622,1
DA:624,1
DA:625,1
DA:626,1
DA:627,1
DA:628,1
DA:629,1
DA:630,1
DA:631,1
DA:632,1
DA:634,7
DA:635,1
DA:636,1
DA:637,1
DA:638,1
DA:639,1
DA:641,1
DA:642,1
DA:643,1
DA:644,1
DA:645,4
DA:646,3
DA:647,3
DA:648,3
DA:649,4
DA:650,3
DA:651,3
DA:652,3
DA:653,1
DA:654,1
DA:655,1
DA:656,1
DA:657,4
DA:658,3
DA:659,3
DA:660,3
DA:661,1
DA:662,1
DA:663,1
DA:664,1
DA:666,1
DA:667,1
DA:668,1
DA:669,1
DA:670,1
DA:671,1
DA:673,1
DA:674,1
DA:675,1
DA:676,1
DA:677,1
DA:678,1
DA:679,1
DA:680,1
DA:681,1
DA:682,1
DA:683,1
DA:684,1
DA:685,1
DA:686,1
DA:687,1
DA:688,1
DA:690,1
DA:691,1
DA:692,1
DA:693,1
DA:694,1
DA:695,1
DA:696,1
DA:697,1
DA:698,1
DA:699,1
DA:701,1
DA:702,1
DA:703,1
DA:704,1
DA:705,1
DA:706,1
DA:708,1
DA:709,1
DA:710,1
DA:711,1
DA:712,1
DA:713,1
DA:714,1
DA:715,1
DA:716,1
DA:717,1
DA:718,1
DA:720,7
DA:721,1
DA:722,1
DA:723,1
DA:725,1
DA:726,1
DA:727,1
DA:729,1
DA:730,1
DA:731,1
DA:733,1
DA:734,1
DA:735,1
DA:737,1
DA:738,1
DA:739,1
DA:741,1
DA:742,1
DA:743,1
DA:744,1
DA:746,1
DA:747,1
DA:748,1
DA:749,1
DA:750,1
DA:751,1
DA:753,1
DA:754,1
DA:755,1
DA:757,1
DA:758,1
DA:759,1
DA:761,1
DA:762,1
DA:763,1
DA:765,1
DA:766,1
DA:767,1
DA:769,1
DA:770,1
DA:771,1
DA:773,1
DA:774,1
DA:775,1
DA:777,1
DA:778,1
DA:779,1
DA:780,1
DA:782,1
DA:783,1
DA:784,1
DA:785,1
DA:786,1
DA:787,1
DA:789,1
DA:790,1
DA:791,1
DA:792,1
DA:794,7
DA:795,1
DA:796,1
DA:797,1
DA:798,1
DA:800,1
DA:801,1
DA:802,1
DA:803,1
DA:804,1
DA:805,1
DA:806,1
DA:808,1
DA:809,1
DA:810,1
DA:811,1
DA:813,1
DA:814,1
DA:815,1
DA:816,1
DA:817,1
DA:818,1
DA:819,1
DA:820,1
DA:822,7
DA:823,1
DA:824,1
DA:825,1
DA:826,1
DA:828,1
DA:829,1
DA:830,1
DA:832,1
DA:833,1
DA:834,1
DA:835,1
DA:837,1
DA:838,1
DA:839,1
DA:840,1
DA:842,7
DA:843,1
DA:844,1
DA:845,1
DA:846,1
DA:847,1
DA:848,1
DA:849,1
DA:850,3
DA:851,2
DA:852,2
DA:853,2
DA:854,1
DA:855,1
DA:856,1
DA:857,1
DA:858,1
DA:859,1
DA:860,1
DA:861,1
DA:862,1
DA:863,1
DA:864,1
DA:865,1
DA:866,1
DA:867,1
DA:868,1
DA:870,1
DA:871,1
DA:872,1
DA:873,1
DA:874,1
DA:875,1
DA:876,1
DA:877,1
DA:878,1
DA:879,3
DA:880,2
DA:881,2
DA:882,2
DA:883,1
DA:884,1
DA:885,1
DA:886,1
DA:887,1
DA:888,1
DA:889,1
DA:890,1
DA:891,1
DA:892,1
DA:894,7
DA:895,1
DA:896,1
DA:897,1
DA:898,1
DA:899,1
DA:900,1
DA:901,1
DA:903,1
DA:904,1
DA:905,1
DA:906,1
DA:907,1
DA:908,1
DA:909,1
DA:910,1
DA:912,1
DA:913,1
DA:914,1
DA:915,1
DA:916,1
DA:917,1
DA:918,1
DA:920,1
DA:921,1
DA:922,1
DA:923,1
[...]
DA:1057,1
DA:1058,1
DA:1059,1
DA:1060,1
DA:1061,1
DA:1062,1
DA:1063,1
DA:1064,1
DA:1065,1
DA:1066,1
DA:1067,1
DA:1068,1
DA:1069,1
DA:1070,1
DA:1071,1
DA:1072,1
DA:1073,1
DA:1074,1
DA:1075,4
DA:1076,3
DA:1077,3
DA:1078,3
DA:1079,3
DA:1080,3
DA:1081,1
DA:1082,1
DA:1084,7
DA:1085,1
DA:1086,1
DA:1087,1
DA:1088,1
DA:1089,1
DA:1090,1
DA:1091,1
DA:1092,1
DA:1094,1
DA:1095,1
DA:1096,1
DA:1097,1
DA:1098,1
DA:1099,1
DA:1100,1
DA:1101,1
DA:1103,1
DA:1104,1
DA:1105,1
DA:1106,1
DA:1107,1
DA:1108,1
DA:1109,1
DA:1110,1
DA:1112,1
DA:1113,1
DA:1114,1
DA:1115,1
DA:1116,1
DA:1117,1
DA:1118,1
DA:1119,1
DA:1121,1
DA:1122,1
DA:1123,1
DA:1124,1
DA:1125,1
DA:1126,1
DA:1127,1
DA:1128,1
DA:1130,1
DA:1131,1
DA:1132,1
DA:1133,1
DA:1134,1
DA:1135,1
DA:1136,1
DA:1137,1
DA:1138,1
DA:1140,7
DA:1141,1
DA:1142,1
DA:1143,1
DA:1144,1
DA:1145,1
DA:1146,1
DA:1147,1
DA:1148,1
DA:1149,1
DA:1150,1
DA:1151,1
DA:1152,1
DA:1153,1
DA:1154,1
DA:1155,1
DA:1156,1
DA:1157,1
DA:1158,1
DA:1159,1
DA:1160,1
DA:1162,1
DA:1163,1
DA:1164,1
DA:1165,1
DA:1166,1
DA:1167,1
DA:1168,1
DA:1169,1
DA:1170,1
DA:1171,1
DA:1172,1
DA:1173,1
DA:1174,1
DA:1175,1
DA:1176,1
DA:1177,1
DA:1178,1
DA:1179,1
DA:1180,1
DA:1181,1
DA:1182,1
DA:1184,7
DA:1185,1
DA:1186,1
DA:1187,1
DA:1188,1
DA:1189,1
DA:1190,1
DA:1191,1
DA:1192,1
DA:1193,1
DA:1194,1
DA:1195,1
DA:1196,1
DA:1197,1
DA:1198,1
DA:1199,1
DA:1201,1
DA:1202,1
DA:1203,1
DA:1204,1
DA:1205,1
DA:1206,1
DA:1207,1
DA:1208,1
DA:1209,1
DA:1210,1
DA:1211,1
DA:1212,1
DA:1213,1
DA:1214,1
DA:1215,1
DA:1216,1
DA:1218,7
DA:1219,1
DA:1220,1
DA:1221,1
DA:1222,1
DA:1223,1
DA:1224,1
DA:1225,1
DA:1226,1
DA:1227,1
DA:1228,1
DA:1229,1
DA:1230,1
DA:1231,1
DA:1232,1
DA:1233,1
DA:1234,1
DA:1235,1
DA:1236,1
DA:1238,1
DA:1239,1
DA:1240,1
DA:1241,1
DA:1242,1
DA:1243,1
DA:1244,1
DA:1245,1
DA:1246,1
DA:1247,1
DA:1248,1
DA:1249,1
DA:1250,1
DA:1251,1
DA:1252,1
DA:1253,1
DA:1254,1
DA:1255,1
DA:1256,1
DA:1258,7
DA:1259,1
DA:1260,1
DA:1261,1
DA:1262,1
DA:1263,1
DA:1264,1
DA:1265,1
DA:1266,1
DA:1267,1
DA:1268,1
DA:1269,1
DA:1270,1
DA:1271,1
DA:1272,1
DA:1273,1
DA:1275,1
DA:1276,1
DA:1277,1
DA:1278,1
DA:1279,1
DA:1280,1
DA:1281,1
DA:1282,1
DA:1283,1
DA:1284,1
DA:1285,1
DA:1286,1
DA:1287,1
DA:1288,1
DA:1289,1
DA:1290,1
DA:1292,7
DA:1293,1
DA:1294,1
DA:1295,1
DA:1296,1
DA:1297,1
DA:1298,1
DA:1299,1
DA:1300,1
DA:1302,1
DA:1303,1
DA:1304,1
DA:1305,1
DA:1306,1
DA:1307,1
DA:1309,1
DA:1310,1
DA:1311,1
DA:1312,1
DA:1313,1
DA:1314,1
DA:1316,1
DA:1317,1
DA:1318,1
DA:1319,1
DA:1320,1
DA:1321,1
DA:1323,1
DA:1324,1
DA:1325,1
DA:1326,1
DA:1327,1
DA:1328,1
DA:1329,1
DA:1331,7
DA:1332,1
DA:1333,1
DA:1334,1
DA:1335,1
DA:1336,6
DA:1337,5
DA:1338,5
DA:1339,5
DA:1340,1
DA:1341,1
DA:1342,1
DA:1344,1
DA:1345,1
DA:1346,1
DA:1347,1
DA:1348,1
DA:1349,1
DA:1350,1
DA:1352,1
DA:1353,1
DA:1354,1
DA:1355,1
DA:1356,6
DA:1357,5
DA:1358,5
DA:1359,5
DA:1360,1
DA:1361,1
DA:1362,1
DA:1364,1
DA:1365,1
DA:1366,1
DA:1367,1
DA:1368,1
DA:1369,1
DA:1370,6
DA:1371,5
DA:1372,5
DA:1373,5
DA:1374,1
DA:1375,1
DA:1376,1
DA:1377,1
DA:1379,1
DA:1380,1
DA:1381,1
DA:1382,1
DA:1383,1
DA:1384,1
DA:1385,1
DA:1386,1
DA:1387,1
DA:1388,1
DA:1389,1
DA:1391,7
DA:1392,1
DA:1393,1
DA:1394,1
DA:1395,1
DA:1396,1
DA:1397,1
DA:1398,6
DA:1399,5
DA:1400,5
DA:1402,5
DA:1403,2
DA:1404,2
DA:1405,2
DA:1406,5
DA:1407,1
DA:1408,1
DA:1409,1
DA:1411,1
DA:1412,1
DA:1413,1
DA:1414,1
DA:1415,1
DA:1416,1
DA:1417,1
DA:1418,1
DA:1419,1
DA:1421,1
DA:1422,1
DA:1423,1
DA:1424,1
DA:1425,1
DA:1426,1
DA:1427,6
DA:1428,5
DA:1429,5
DA:1431,5
DA:1432,2
DA:1433,2
DA:1434,2
DA:1435,5
DA:1436,1
DA:1437,1
DA:1438,1
DA:1440,1
DA:1441,1
DA:1442,1
DA:1443,1
DA:1444,1
DA:1445,1
DA:1446,1
DA:1447,1
DA:1448,6
DA:1449,5
DA:1450,5
DA:1452,5
DA:1453,2
DA:1454,2
DA:1455,2
DA:1456,5
DA:1457,1
DA:1458,1
DA:1459,1
DA:1460,1
DA:1462,1
DA:1463,1
DA:1464,1
DA:1465,1
DA:1466,1
DA:1467,1
DA:1468,1
DA:1469,1
DA:1470,1
DA:1471,1
DA:1472,1
DA:1473,1
DA:1474,1
DA:1476,7
DA:1477,1
DA:1478,1
DA:1479,1
DA:1480,1
DA:1481,1
DA:1482,1
DA:1483,1
DA:1484,1
DA:1486,1
DA:1487,1
DA:1488,1
DA:1489,1
DA:1490,1
DA:1491,1
DA:1493,1
DA:1494,1
DA:1495,1
DA:1496,1
DA:1497,1
DA:1498,1
DA:1499,1
DA:1500,1
DA:1501,1
DA:1503,7
DA:1504,1
DA:1505,1
DA:1506,1
DA:1507,1
DA:1508,1
DA:1510,1
DA:1511,1
DA:1512,1
DA:1513,1
DA:1514,1
DA:1516,1
DA:1517,1
DA:1518,1
DA:1519,1
DA:1520,1
DA:1522,1
DA:1523,1
DA:1524,1
DA:1525,1
DA:1526,1
DA:1527,1
DA:1529,7
DA:1530,1
DA:1531,1
DA:1532,1
DA:1534,1
DA:1535,1
DA:1536,1
DA:1538,1
DA:1539,1
DA:1540,1
DA:1542,1
DA:1543,1
DA:1544,1
DA:1546,1
DA:1547,1
DA:1548,1
DA:1550,1
DA:1551,1
DA:1552,1
DA:1553,1
DA:1555,1
DA:1556,1
DA:1557,1
DA:1558,1
DA:1559,1
DA:1560,1
DA:1562,1
DA:1563,1
DA:1564,1
DA:1566,1
DA:1567,1
DA:1568,1
DA:1570,1
DA:1571,1
DA:1572,1
DA:1574,1
DA:1575,1
DA:1576,1
DA:1578,1
DA:1579,1
DA:1580,1
DA:1582,1
DA:1583,1
DA:1584,1
DA:1586,1
DA:1587,1
DA:1588,1
DA:1589,1
DA:1591,1
DA:1592,1
DA:1593,1
DA:1594,1
DA:1595,1
DA:1596,1
DA:1598,1
DA:1599,1
DA:1600,1
DA:1601,1
DA:1603,7
DA:1604,1
DA:1605,1
DA:1606,1
DA:1607,1
DA:1608,1
DA:1609,1
DA:1610,1
DA:1611,1
DA:1612,1
DA:1613,1
DA:1614,1
DA:1615,1
DA:1617,1
DA:1618,1
DA:1619,1
DA:1620,1
DA:1621,1
DA:1622,1
DA:1623,1
DA:1624,1
DA:1625,1
DA:1626,1
DA:1627,1
DA:1628,1
DA:1629,1
DA:1631,1
DA:1632,1
DA:1633,1
DA:1634,1
DA:1635,1
DA:1637,1
DA:1638,1
DA:1639,1
DA:1640,1
DA:1641,1
DA:1642,1
DA:1643,1
DA:1645,1
DA:1646,1
DA:1647,1
DA:1648,1
DA:1649,1
DA:1650,1
DA:1651,1
DA:1652,1
DA:1654,1
DA:1655,1
DA:1656,1
DA:1657,1
DA:1658,1
DA:1659,1
DA:1660,1
DA:1662,1
DA:1663,1
DA:1664,1
DA:1665,1
DA:1666,1
DA:1667,1
DA:1668,1
DA:1669,1
DA:1671,1
DA:1672,1
DA:1673,1
DA:1674,1
DA:1675,1
DA:1676,1
DA:1677,1
DA:1679,1
DA:1680,1
DA:1681,1
DA:1682,1
DA:1683,1
DA:1684,1
DA:1685,1
DA:1686,1
DA:1688,1
DA:1689,1
DA:1690,1
DA:1691,1
DA:1692,1
DA:1693,1
DA:1694,1
DA:1695,1
DA:1697,1
DA:1698,1
DA:1699,1
LF:1508
LH:1508
end_of_record
TN:
SF:/Users/nikita/Projects/GitHub/s21_Containers/src/test/test.h
FN:105,106,_ZneIiiEbRKN3s216vectorIT_EERKNSt3__16vectorIT0_NS6_9allocatorIS8_EEEE
FN:110,119,_ZeqIN3s215arrayIiLm1EEENSt3__15arrayIiLm1EEELm2EEbRKNS1_IT_XT1_EEERKNS4_IT0_XT1_EEE
FN:110,119,_ZeqIN3s215arrayIiLm1EEENSt3__15arrayIiLm1EEELm3EEbRKNS1_IT_XT1_EEERKNS4_IT0_XT1_EEE
FN:110,119,_ZeqIiiLm1EEbRKN3s215arrayIT_XT1_EEERKNSt3__15arrayIT0_XT1_EEE
FN:110,119,_ZeqIiiLm2EEbRKN3s215arrayIT_XT1_EEERKNSt3__15arrayIT0_XT1_EEE
FN:110,119,_ZeqIiiLm3EEbRKN3s215arrayIT_XT1_EEERKNSt3__15arrayIT0_XT1_EEE
FN:123,124,_ZneIiiLm1EEbRKN3s215arrayIT_XT1_EEERKNSt3__15arrayIT0_XT1_EEE
FN:128,153,_ZeqINSt3__112basic_stringIcNS0_11char_traitsIcEENS0_9allocatorIcEEEENS0_4listIiNS4_IiEEEEEbRKN3s213mapIT_T0_EERKNS0_3mapISC_SD_NS0_4lessISC_EENS4_INS0_4pairIKSC_SD_EEEEEE
FN:128,153,_ZeqINSt3__14listIiNS0_9allocatorIiEEEENS0_12basic_stringIcNS0_11char_traitsIcEENS2_IcEEEEEbRKN3s213mapIT_T0_EERKNS0_3mapISC_SD_NS0_4lessISC_EENS2_INS0_4pairIKSC_SD_EEEEEE
FN:128,153,_ZeqIiiEbRKN3s213mapIT_T0_EERKNSt3__13mapIS2_S3_NS7_4lessIS2_EENS7_9allocatorINS7_4pairIKS2_S3_EEEEEE
FN:45,66,_ZeqIN3s214listIiEENSt3__14listIiNS3_9allocatorIiEEEEEbRKNS1_IT_EERKNS4_IT0_NS5_ISC_EEEE
FN:45,66,_ZeqIiiEbRKN3s214listIT_EERKNSt3__14listIT0_NS6_9allocatorIS8_EEEE
FN:70,71,_ZneIiiEbRKN3s214listIT_EERKNSt3__14listIT0_NS6_9allocatorIS8_EEEE
FN:75,102,_ZeqIN3s216vectorIiEENSt3__16vectorIiNS3_9allocatorIiEEEEEbRKNS1_IT_EERKNS4_IT0_NS5_ISC_EEEE
FN:75,102,_ZeqIiiEbRKN3s216vectorIT_EERKNSt3__16vectorIT0_NS6_9allocatorIS8_EEEE
FNDA:104,_ZneIiiEbRKN3s216vectorIT_EERKNSt3__16vectorIT0_NS6_9allocatorIS8_EEEE
FNDA:1,_ZeqIN3s215arrayIiLm1EEENSt3__15arrayIiLm1EEELm2EEbRKNS1_IT_XT1_EEERKNS4_IT0_XT1_EEE
FNDA:2,_ZeqIN3s215arrayIiLm1EEENSt3__15arrayIiLm1EEELm3EEbRKNS1_IT_XT1_EEERKNS4_IT0_XT1_EEE
FNDA:17,_ZeqIiiLm1EEbRKN3s215arrayIT_XT1_EEERKNSt3__15arrayIT0_XT1_EEE
FNDA:2,_ZeqIiiLm2EEbRKN3s215arrayIT_XT1_EEERKNSt3__15arrayIT0_XT1_EEE
FNDA:4,_ZeqIiiLm3EEbRKN3s215arrayIT_XT1_EEERKNSt3__15arrayIT0_XT1_EEE
FNDA:8,_ZneIiiLm1EEbRKN3s215arrayIT_XT1_EEERKNSt3__15arrayIT0_XT1_EEE
FNDA:9,_ZeqINSt3__112basic_stringIcNS0_11char_traitsIcEENS0_9allocatorIcEEEENS0_4listIiNS4_IiEEEEEbRKN3s213mapIT_T0_EERKNS0_3mapISC_SD_NS0_4lessISC_EENS4_INS0_4pairIKSC_SD_EEEEEE
FNDA:2,_ZeqINSt3__14listIiNS0_9allocatorIiEEEENS0_12basic_stringIcNS0_11char_traitsIcEENS2_IcEEEEEbRKN3s213mapIT_T0_EERKNS0_3mapISC_SD_NS0_4lessISC_EENS2_INS0_4pairIKSC_SD_EEEEEE
FNDA:25,_ZeqIiiEbRKN3s213mapIT_T0_EERKNSt3__13mapIS2_S3_NS7_4lessIS2_EENS7_9allocatorINS7_4pairIKS2_S3_EEEEEE
FNDA:38,_ZeqIN3s214listIiEENSt3__14listIiNS3_9allocatorIiEEEEEbRKNS1_IT_EERKNS4_IT0_NS5_ISC_EEEE
FNDA:214,_ZeqIiiEbRKN3s214listIT_EERKNSt3__14listIT0_NS6_9allocatorIS8_EEEE
FNDA:117,_ZneIiiEbRKN3s214listIT_EERKNSt3__14listIT0_NS6_9allocatorIS8_EEEE
FNDA:23,_ZeqIN3s216vectorIiEENSt3__16vectorIiNS3_9allocatorIiEEEEEbRKNS1_IT_EERKNS4_IT0_NS5_ISC_EEEE
FNDA:142,_ZeqIiiEbRKN3s216vectorIT_EERKNSt3__16vectorIT0_NS6_9allocatorIS8_EEEE
FNF:15
FNH:15
DA:45,252
DA:46,252
DA:48,252
DA:49,252
DA:50,252
DA:51,252
DA:53,910
DA:54,658
DA:55,0
DA:56,0
DA:58,658
DA:59,658
DA:62,252
DA:63,0
DA:64,0
DA:66,252
DA:70,117
DA:71,117
DA:75,165
DA:76,165
DA:78,165
DA:79,165
DA:80,165
DA:81,165
DA:83,581
DA:84,416
DA:85,0
DA:86,0
DA:88,416
DA:89,416
DA:92,165
DA:93,0
DA:94,0
DA:96,165
DA:97,165
DA:98,0
DA:99,0
DA:101,165
DA:102,165
DA:105,104
DA:106,104
DA:110,26
DA:111,26
DA:113,67
DA:114,41
DA:115,0
DA:116,0
DA:117,41
DA:119,26
DA:123,8
DA:124,8
DA:128,36
DA:129,36
DA:131,36
DA:132,36
DA:133,36
DA:134,36
DA:136,100
DA:137,64
DA:138,0
DA:139,0
DA:141,64
DA:142,64
DA:145,36
DA:146,0
DA:147,0
DA:149,36
DA:150,0
DA:151,0
DA:153,36
LF:70
LH:52
end_of_record
TN:
SF:/Users/nikita/Projects/GitHub/s21_Containers/src/vector/s21_vector.tpp
FN:103,_ZN3s216vectorIiEaSEOS1_
FN:12,_ZN3s216vectorINS0_IiEEEC1ESt16initializer_listIS1_E
FN:12,_ZN3s216vectorINS0_IiEEEC2ESt16initializer_listIS1_E
FN:12,_ZN3s216vectorIiEC1ESt16initializer_listIiE
FN:12,_ZN3s216vectorIiEC2ESt16initializer_listIiE
FN:121,_ZN3s216vectorIiEaSESt16initializer_listIiE
FN:153,_ZN3s216vectorINS0_IiEEE2atEm
FN:153,_ZN3s216vectorIiE2atEm
FN:162,_ZNK3s216vectorINS0_IiEEE2atEm
FN:162,_ZNK3s216vectorIiE2atEm
FN:171,_ZN3s216vectorINS0_IiEEEixEm
FN:171,_ZN3s216vectorIiEixEm
FN:176,_ZNK3s216vectorINS0_IiEEEixEm
FN:176,_ZNK3s216vectorIiEixEm
FN:181,_ZN3s216vectorINS0_IiEEE5frontEv
FN:181,_ZN3s216vectorIiE5frontEv
FN:186,_ZNK3s216vectorINS0_IiEEE5frontEv
FN:186,_ZNK3s216vectorIiE5frontEv
FN:191,_ZN3s216vectorINS0_IiEEE4backEv
FN:191,_ZN3s216vectorIiE4backEv
FN:196,_ZNK3s216vectorINS0_IiEEE4backEv
FN:196,_ZNK3s216vectorIiE4backEv
FN:201,_ZN3s216vectorINS0_IiEEE4dataEv
FN:201,_ZN3s216vectorIiE4dataEv
FN:206,_ZNK3s216vectorINS0_IiEEE4dataEv
FN:206,_ZNK3s216vectorIiE4dataEv
FN:211,_ZNK3s216vectorINS0_IiEEE5emptyEv
FN:211,_ZNK3s216vectorIiE5emptyEv
FN:216,_ZNK3s216vectorINS0_IiEEE4sizeEv
FN:216,_ZNK3s216vectorIiE4sizeEv
FN:221,_ZNK3s216vectorINS0_IiEEE8max_sizeEv
FN:221,_ZNK3s216vectorIiE8max_sizeEv
FN:226,_ZN3s216vectorINS0_IiEEE7reserveEm
FN:226,_ZN3s216vectorIiE7reserveEm
FN:246,_ZNK3s216vectorINS0_IiEEE8capacityEv
FN:246,_ZNK3s216vectorIiE8capacityEv
FN:251,_ZN3s216vectorINS0_IiEEE13shrink_to_fitEv
FN:251,_ZN3s216vectorIiE13shrink_to_fitEv
FN:267,_ZN3s216vectorINS0_IiEEE6insertENS_21ConstSequenceIteratorIS1_EERKS1_
FN:267,_ZN3s216vectorIiE6insertENS_21ConstSequenceIteratorIiEERKi
FN:273,_ZN3s216vectorINS0_IiEEE6insertENS_21ConstSequenceIteratorIS1_EEOS1_
FN:273,_ZN3s216vectorIiE6insertENS_21ConstSequenceIteratorIiEEOi
FN:325,_ZN3s216vectorINS0_IiEEE6insertENS_21ConstSequenceIteratorIS1_EEmRKS1_
FN:325,_ZN3s216vectorIiE6insertENS_21ConstSequenceIteratorIiEEmRKi
FN:34,_ZN3s216vectorINS0_IiEEEC1ERKS2_
FN:34,_ZN3s216vectorINS0_IiEEEC2ERKS2_
FN:34,_ZN3s216vectorIiEC1ERKS1_
FN:34,_ZN3s216vectorIiEC2ERKS1_
FN:403,_ZN3s216vectorIiE5eraseENS_21ConstSequenceIteratorIiEE
FN:408,_ZN3s216vectorIiE5eraseENS_21ConstSequenceIteratorIiEES3_
FN:439,_ZN3s216vectorIiE9push_backERKi
FN:472,_ZN3s216vectorIiE9push_backEOi
FN:496,_ZN3s216vectorINS0_IiEEE5clearEv
FN:496,_ZN3s216vectorIiE5clearEv
FN:504,_ZN3s216vectorIiE8pop_backEv
FN:512,_ZN3s216vectorINS0_IiEEE6resizeEm
FN:512,_ZN3s216vectorIiE6resizeEm
FN:517,_ZN3s216vectorINS0_IiEEE6resizeEmRKS1_
FN:517,_ZN3s216vectorIiE6resizeEmRKi
FN:55,_ZN3s216vectorINS0_IiEEEC1EOS2_
FN:55,_ZN3s216vectorINS0_IiEEEC2EOS2_
FN:55,_ZN3s216vectorIiEC1EOS1_
FN:55,_ZN3s216vectorIiEC2EOS1_
FN:574,_ZN3s216vectorIiE4swapERS1_
FN:581,_ZN3s216vectorINS0_IiEEE5beginEv
FN:581,_ZN3s216vectorIiE5beginEv
FN:586,_ZN3s216vectorINS0_IiEEE3endEv
FN:586,_ZN3s216vectorIiE3endEv
FN:591,_ZNK3s216vectorINS0_IiEEE6cbeginEv
FN:591,_ZNK3s216vectorIiE6cbeginEv
FN:596,_ZNK3s216vectorINS0_IiEEE4cendEv
FN:596,_ZNK3s216vectorIiE4cendEv
FN:601,_ZN3s21eqINS_6vectorIiEEEEbRKNS1_IT_EES6_
FN:601,_ZN3s21eqIiEEbRKNS_6vectorIT_EES5_
FN:625,_ZN3s21neIiEEbRKNS_6vectorIT_EES5_
FN:63,_ZN3s216vectorINS0_IiEEED1Ev
FN:63,_ZN3s216vectorINS0_IiEEED2Ev
FN:63,_ZN3s216vectorIiED1Ev
FN:63,_ZN3s216vectorIiED2Ev
FN:69,_ZN3s216vectorIiEaSERKS1_
FN:9,_ZN3s216vectorINS0_IiEEEC1Ev
FN:9,_ZN3s216vectorINS0_IiEEEC2Ev
FN:9,_ZN3s216vectorIiEC1Ev
FN:9,_ZN3s216vectorIiEC2Ev
FNDA:9,_ZN3s216vectorIiEaSEOS1_
FNDA:19,_ZN3s216vectorINS0_IiEEEC1ESt16initializer_listIS1_E
FNDA:19,_ZN3s216vectorINS0_IiEEEC2ESt16initializer_listIS1_E
FNDA:89,_ZN3s216vectorIiEC1ESt16initializer_listIiE
FNDA:89,_ZN3s216vectorIiEC2ESt16initializer_listIiE
FNDA:3,_ZN3s216vectorIiEaSESt16initializer_listIiE
FNDA:2,_ZN3s216vectorINS0_IiEEE2atEm
FNDA:3,_ZN3s216vectorIiE2atEm
FNDA:1,_ZNK3s216vectorINS0_IiEEE2atEm
FNDA:2,_ZNK3s216vectorIiE2atEm
FNDA:3,_ZN3s216vectorINS0_IiEEEixEm
FNDA:3,_ZN3s216vectorIiEixEm
FNDA:2,_ZNK3s216vectorINS0_IiEEEixEm
FNDA:2,_ZNK3s216vectorIiEixEm
FNDA:1,_ZN3s216vectorINS0_IiEEE5frontEv
FNDA:1,_ZN3s216vectorIiE5frontEv
FNDA:1,_ZNK3s216vectorINS0_IiEEE5frontEv
FNDA:1,_ZNK3s216vectorIiE5frontEv
FNDA:1,_ZN3s216vectorINS0_IiEEE4backEv
FNDA:11,_ZN3s216vectorIiE4backEv
FNDA:1,_ZNK3s216vectorINS0_IiEEE4backEv
FNDA:2,_ZNK3s216vectorIiE4backEv
FNDA:1,_ZN3s216vectorINS0_IiEEE4dataEv
FNDA:1,_ZN3s216vectorIiE4dataEv
FNDA:1,_ZNK3s216vectorINS0_IiEEE4dataEv
FNDA:1,_ZNK3s216vectorIiE4dataEv
FNDA:105,_ZNK3s216vectorINS0_IiEEE5emptyEv
FNDA:812,_ZNK3s216vectorIiE5emptyEv
FNDA:31,_ZNK3s216vectorINS0_IiEEE4sizeEv
FNDA:293,_ZNK3s216vectorIiE4sizeEv
FNDA:12,_ZNK3s216vectorINS0_IiEEE8max_sizeEv
FNDA:13,_ZNK3s216vectorIiE8max_sizeEv
FNDA:4,_ZN3s216vectorINS0_IiEEE7reserveEm
FNDA:4,_ZN3s216vectorIiE7reserveEm
FNDA:27,_ZNK3s216vectorINS0_IiEEE8capacityEv
FNDA:166,_ZNK3s216vectorIiE8capacityEv
FNDA:3,_ZN3s216vectorINS0_IiEEE13shrink_to_fitEv
FNDA:2,_ZN3s216vectorIiE13shrink_to_fitEv
FNDA:1,_ZN3s216vectorINS0_IiEEE6insertENS_21ConstSequenceIteratorIS1_EERKS1_
FNDA:2,_ZN3s216vectorIiE6insertENS_21ConstSequenceIteratorIiEERKi
FNDA:2,_ZN3s216vectorINS0_IiEEE6insertENS_21ConstSequenceIteratorIS1_EEOS1_
FNDA:2,_ZN3s216vectorIiE6insertENS_21ConstSequenceIteratorIiEEOi
FNDA:1,_ZN3s216vectorINS0_IiEEE6insertENS_21ConstSequenceIteratorIS1_EEmRKS1_
FNDA:4,_ZN3s216vectorIiE6insertENS_21ConstSequenceIteratorIiEEmRKi
FNDA:2,_ZN3s216vectorINS0_IiEEEC1ERKS2_
FNDA:2,_ZN3s216vectorINS0_IiEEEC2ERKS2_
FNDA:115,_ZN3s216vectorIiEC1ERKS1_
FNDA:115,_ZN3s216vectorIiEC2ERKS1_
FNDA:1,_ZN3s216vectorIiE5eraseENS_21ConstSequenceIteratorIiEE
FNDA:4,_ZN3s216vectorIiE5eraseENS_21ConstSequenceIteratorIiEES3_
FNDA:3,_ZN3s216vectorIiE9push_backERKi
FNDA:3,_ZN3s216vectorIiE9push_backEOi
FNDA:28,_ZN3s216vectorINS0_IiEEE5clearEv
FNDA:239,_ZN3s216vectorIiE5clearEv
FNDA:3,_ZN3s216vectorIiE8pop_backEv
FNDA:2,_ZN3s216vectorINS0_IiEEE6resizeEm
FNDA:2,_ZN3s216vectorIiE6resizeEm
FNDA:6,_ZN3s216vectorINS0_IiEEE6resizeEmRKS1_
FNDA:6,_ZN3s216vectorIiE6resizeEmRKi
FNDA:2,_ZN3s216vectorINS0_IiEEEC1EOS2_
FNDA:2,_ZN3s216vectorINS0_IiEEEC2EOS2_
FNDA:32,_ZN3s216vectorIiEC1EOS1_
FNDA:32,_ZN3s216vectorIiEC2EOS1_
FNDA:1,_ZN3s216vectorIiE4swapERS1_
FNDA:1,_ZN3s216vectorINS0_IiEEE5beginEv
FNDA:8,_ZN3s216vectorIiE5beginEv
FNDA:1,_ZN3s216vectorINS0_IiEEE3endEv
FNDA:30,_ZN3s216vectorIiE3endEv
FNDA:35,_ZNK3s216vectorINS0_IiEEE6cbeginEv
FNDA:190,_ZNK3s216vectorIiE6cbeginEv
FNDA:37,_ZNK3s216vectorINS0_IiEEE4cendEv
FNDA:194,_ZNK3s216vectorIiE4cendEv
FNDA:3,_ZN3s21eqINS_6vectorIiEEEEbRKNS1_IT_EES6_
FNDA:12,_ZN3s21eqIiEEbRKNS_6vectorIT_EES5_
FNDA:10,_ZN3s21neIiEEbRKNS_6vectorIT_EES5_
FNDA:28,_ZN3s216vectorINS0_IiEEED1Ev
FNDA:28,_ZN3s216vectorINS0_IiEEED2Ev
FNDA:225,_ZN3s216vectorIiED1Ev
FNDA:225,_ZN3s216vectorIiED2Ev
FNDA:2,_ZN3s216vectorIiEaSERKS1_
FNDA:5,_ZN3s216vectorINS0_IiEEEC1Ev
FNDA:5,_ZN3s216vectorINS0_IiEEEC2Ev
FNDA:12,_ZN3s216vectorIiEC1Ev
FNDA:12,_ZN3s216vectorIiEC2Ev
FNF:84
FNH:84
DA:9,34
DA:12,216
DA:13,108
DA:14,108
DA:15,216
DA:16,108
DA:19,436
DA:20,328
DA:21,328
DA:24,19
DA:25,0
DA:26,0
DA:27,0
DA:28,0
DA:29,0
DA:30,0
DA:31,216
DA:34,234
DA:35,117
DA:36,117
DA:37,234
DA:38,117
DA:41,377
DA:42,260
DA:43,260
DA:45,2
DA:46,0
DA:47,0
DA:48,0
DA:49,0
DA:50,0
DA:51,0
DA:52,234
DA:55,68
DA:56,68
DA:57,34
DA:58,34
DA:59,34
DA:60,68
DA:63,506
DA:64,253
DA:65,253
DA:66,506
DA:69,2
DA:70,2
DA:71,2
DA:73,2
DA:74,2
DA:76,2
DA:79,7
DA:80,5
DA:81,5
DA:91,2
DA:92,2
DA:94,2
DA:95,2
DA:96,2
DA:97,2
DA:99,2
DA:103,9
DA:104,9
DA:105,9
DA:106,9
DA:108,9
DA:109,9
DA:110,9
DA:112,9
DA:113,9
DA:114,9
DA:115,9
DA:117,9
DA:121,3
DA:122,3
DA:124,3
DA:126,3
DA:129,12
DA:130,9
DA:131,9
DA:142,3
DA:143,3
DA:145,3
DA:146,3
DA:147,3
DA:149,3
DA:153,5
DA:154,5
DA:155,1
DA:158,4
DA:159,0
DA:162,3
DA:163,3
DA:164,1
DA:167,2
DA:168,0
DA:171,6
DA:172,6
DA:176,4
DA:177,4
DA:181,2
DA:182,2
DA:186,2
DA:187,2
DA:191,12
DA:192,12
DA:196,3
DA:197,3
DA:201,2
DA:202,2
DA:206,2
DA:207,2
DA:211,917
DA:212,917
DA:216,324
DA:217,324
DA:221,25
DA:222,25
DA:226,8
DA:227,8
DA:228,1
DA:229,7
DA:230,6
DA:232,6
DA:234,30
DA:235,24
DA:236,24
DA:238,6
DA:240,6
DA:241,6
DA:242,6
DA:243,7
DA:246,193
DA:247,193
DA:251,5
DA:252,5
DA:253,4
DA:255,8
DA:256,4
DA:257,4
DA:259,4
DA:261,4
DA:262,4
DA:263,4
DA:264,5
DA:267,3
DA:269,3
DA:270,0
DA:273,4
DA:275,4
DA:276,4
DA:277,11
DA:278,7
DA:279,7
DA:282,4
DA:283,13
DA:284,10
DA:285,10
DA:287,3
DA:289,3
DA:291,3
DA:292,1
DA:294,1
DA:297,1
DA:298,1
DA:299,0
DA:300,0
DA:301,0
DA:303,1
DA:305,7
DA:306,6
DA:307,0
DA:308,6
DA:309,5
DA:310,5
DA:311,6
DA:313,6
DA:314,5
DA:315,5
DA:316,1
DA:317,1
DA:318,1
DA:321,4
DA:322,4
DA:325,5
DA:327,5
DA:328,5
DA:329,15
DA:330,10
DA:331,10
DA:334,5
DA:335,6
DA:336,4
DA:337,4
DA:340,2
DA:341,0
DA:342,0
DA:343,0
DA:344,0
DA:345,0
DA:346,0
DA:348,2
DA:350,2
DA:352,3
DA:353,1
DA:354,3
DA:355,1
DA:356,1
DA:357,1
DA:360,3
DA:363,3
DA:364,3
DA:365,0
DA:366,0
DA:367,0
DA:369,3
DA:371,22
DA:372,19
DA:373,19
DA:374,1
DA:375,0
DA:376,0
DA:377,0
DA:378,0
DA:379,0
DA:380,0
DA:381,0
DA:383,30
DA:384,27
DA:385,1
DA:386,27
DA:387,7
DA:388,7
DA:389,27
DA:391,11
DA:392,8
DA:393,8
DA:394,3
DA:395,3
DA:396,3
DA:399,5
DA:400,5
DA:403,1
DA:404,1
DA:408,4
DA:410,4
DA:411,4
DA:413,4
DA:414,1
DA:415,1
DA:416,3
DA:418,3
DA:420,3
DA:422,12
DA:423,9
DA:424,9
DA:427,9
DA:428,6
DA:429,6
DA:432,3
DA:433,3
DA:435,4
DA:436,4
DA:439,3
DA:440,3
DA:442,0
DA:443,0
DA:447,0
DA:448,3
DA:450,3
DA:453,3
DA:459,6
DA:460,3
DA:461,3
DA:463,3
DA:465,3
DA:466,3
DA:467,3
DA:469,3
DA:472,3
DA:473,3
DA:474,2
DA:475,2
DA:476,2
DA:477,1
DA:479,1
DA:481,1
DA:483,5
DA:484,4
DA:485,4
DA:487,1
DA:489,1
DA:490,1
DA:491,1
DA:493,3
DA:496,267
DA:497,898
DA:498,631
DA:499,631
DA:501,267
DA:504,3
DA:505,3
DA:506,3
DA:507,3
DA:508,3
DA:509,3
DA:512,4
DA:513,4
DA:514,4
DA:517,12
DA:518,12
DA:519,2
DA:522,10
DA:523,4
DA:525,4
DA:527,4
DA:530,84
DA:531,80
DA:532,80
DA:533,2
DA:534,0
DA:535,0
DA:536,0
DA:537,0
DA:538,0
DA:539,0
DA:541,34
DA:542,30
DA:543,30
DA:545,4
DA:547,4
DA:548,4
DA:549,4
DA:550,4
DA:552,10
DA:554,20
DA:555,10
DA:556,10
DA:557,10
DA:559,5
DA:560,0
DA:561,0
DA:562,0
DA:563,0
DA:564,0
DA:565,0
DA:567,90
DA:568,80
DA:569,80
DA:571,10
DA:574,1
DA:575,1
DA:576,1
DA:577,1
DA:578,1
DA:581,9
DA:582,9
DA:586,31
DA:587,31
DA:591,225
DA:592,225
DA:596,231
DA:597,231
DA:601,15
DA:602,15
DA:604,15
DA:605,15
DA:607,59
DA:608,46
DA:609,2
DA:610,2
DA:612,44
DA:613,44
DA:616,15
DA:617,14
DA:618,1
DA:619,1
DA:621,15
DA:622,15
DA:625,10
DA:626,10
LF:379
LH:329
end_of_record
