TN:
SF:/Users/nikita/Projects/GitHub/s21_Containers/src/array/s21_array.tpp
FN:102,_ZNK3s215arrayIiLm0EE5emptyEv
FN:102,_ZNK3s215arrayIiLm3EE5emptyEv
FN:107,_ZNK3s215arrayIiLm2EE4sizeEv
FN:107,_ZNK3s215arrayIiLm3EE4sizeEv
FN:112,_ZNK3s215arrayIiLm10EE8max_sizeEv
FN:117,_ZN3s215arrayIiLm2EE4fillERKi
FN:12,_ZN3s215arrayIiLm3EEC1ERKS1_
FN:12,_ZN3s215arrayIiLm3EEC2ERKS1_
FN:124,_ZN3s215arrayIiLm2EE4swapERS1_
FN:131,_ZN3s215arrayIiLm3EE5beginEv
FN:136,_ZN3s215arrayIiLm3EE3endEv
FN:141,_ZNK3s215arrayIiLm3EE6cbeginEv
FN:146,_ZNK3s215arrayIiLm3EE4cendEv
FN:19,_ZN3s215arrayINS0_IiLm3EEELm2EEC1ESt16initializer_listIS1_E
FN:19,_ZN3s215arrayINS0_IiLm3EEELm2EEC2ESt16initializer_listIS1_E
FN:19,_ZN3s215arrayIiLm2EEC1ESt16initializer_listIiE
FN:19,_ZN3s215arrayIiLm2EEC2ESt16initializer_listIiE
FN:19,_ZN3s215arrayIiLm3EEC1ESt16initializer_listIiE
FN:19,_ZN3s215arrayIiLm3EEC2ESt16initializer_listIiE
FN:29,_ZN3s215arrayIiLm2EEC1EOS1_
FN:29,_ZN3s215arrayIiLm2EEC2EOS1_
FN:36,_ZN3s215arrayIiLm3EEaSERKS1_
FN:46,_ZN3s215arrayIiLm2EE2atEm
FN:54,_ZNK3s215arrayIiLm2EE2atEm
FN:62,_ZN3s215arrayIiLm2EEixEm
FN:67,_ZNK3s215arrayIiLm2EEixEm
FN:72,_ZN3s215arrayINS0_IiLm3EEELm2EE5frontEv
FN:72,_ZN3s215arrayIiLm2EE5frontEv
FN:72,_ZN3s215arrayIiLm3EE5frontEv
FN:77,_ZNK3s215arrayIiLm2EE5frontEv
FN:82,_ZN3s215arrayINS0_IiLm3EEELm2EE4backEv
FN:82,_ZN3s215arrayIiLm2EE4backEv
FN:82,_ZN3s215arrayIiLm3EE4backEv
FN:87,_ZNK3s215arrayIiLm2EE4backEv
FN:9,_ZN3s215arrayIiLm0EEC1Ev
FN:9,_ZN3s215arrayIiLm0EEC2Ev
FN:9,_ZN3s215arrayIiLm10EEC1Ev
FN:9,_ZN3s215arrayIiLm10EEC2Ev
FN:9,_ZN3s215arrayIiLm3EEC1Ev
FN:9,_ZN3s215arrayIiLm3EEC2Ev
FN:92,_ZN3s215arrayIiLm2EE4dataEv
FN:97,_ZNK3s215arrayIiLm2EE4dataEv
FNDA:1,_ZNK3s215arrayIiLm0EE5emptyEv
FNDA:1,_ZNK3s215arrayIiLm3EE5emptyEv
FNDA:4,_ZNK3s215arrayIiLm2EE4sizeEv
FNDA:1,_ZNK3s215arrayIiLm3EE4sizeEv
FNDA:1,_ZNK3s215arrayIiLm10EE8max_sizeEv
FNDA:1,_ZN3s215arrayIiLm2EE4fillERKi
FNDA:2,_ZN3s215arrayIiLm3EEC1ERKS1_
FNDA:2,_ZN3s215arrayIiLm3EEC2ERKS1_
FNDA:1,_ZN3s215arrayIiLm2EE4swapERS1_
FNDA:1,_ZN3s215arrayIiLm3EE5beginEv
FNDA:1,_ZN3s215arrayIiLm3EE3endEv
FNDA:1,_ZNK3s215arrayIiLm3EE6cbeginEv
FNDA:1,_ZNK3s215arrayIiLm3EE4cendEv
FNDA:2,_ZN3s215arrayINS0_IiLm3EEELm2EEC1ESt16initializer_listIS1_E
FNDA:2,_ZN3s215arrayINS0_IiLm3EEELm2EEC2ESt16initializer_listIS1_E
FNDA:14,_ZN3s215arrayIiLm2EEC1ESt16initializer_listIiE
FNDA:14,_ZN3s215arrayIiLm2EEC2ESt16initializer_listIiE
FNDA:9,_ZN3s215arrayIiLm3EEC1ESt16initializer_listIiE
FNDA:9,_ZN3s215arrayIiLm3EEC2ESt16initializer_listIiE
FNDA:1,_ZN3s215arrayIiLm2EEC1EOS1_
FNDA:1,_ZN3s215arrayIiLm2EEC2EOS1_
FNDA:6,_ZN3s215arrayIiLm3EEaSERKS1_
FNDA:3,_ZN3s215arrayIiLm2EE2atEm
FNDA:2,_ZNK3s215arrayIiLm2EE2atEm
FNDA:9,_ZN3s215arrayIiLm2EEixEm
FNDA:1,_ZNK3s215arrayIiLm2EEixEm
FNDA:1,_ZN3s215arrayINS0_IiLm3EEELm2EE5frontEv
FNDA:3,_ZN3s215arrayIiLm2EE5frontEv
FNDA:1,_ZN3s215arrayIiLm3EE5frontEv
FNDA:1,_ZNK3s215arrayIiLm2EE5frontEv
FNDA:1,_ZN3s215arrayINS0_IiLm3EEELm2EE4backEv
FNDA:3,_ZN3s215arrayIiLm2EE4backEv
FNDA:1,_ZN3s215arrayIiLm3EE4backEv
FNDA:1,_ZNK3s215arrayIiLm2EE4backEv
FNDA:1,_ZN3s215arrayIiLm0EEC1Ev
FNDA:1,_ZN3s215arrayIiLm0EEC2Ev
FNDA:1,_ZN3s215arrayIiLm10EEC1Ev
FNDA:1,_ZN3s215arrayIiLm10EEC2Ev
FNDA:4,_ZN3s215arrayIiLm3EEC1Ev
FNDA:4,_ZN3s215arrayIiLm3EEC2Ev
FNDA:1,_ZN3s215arrayIiLm2EE4dataEv
FNDA:1,_ZNK3s215arrayIiLm2EE4dataEv
FNF:42
FNH:42
DA:9,18
DA:12,4
DA:13,8
DA:14,6
DA:15,8
DA:16,4
DA:19,50
DA:20,25
DA:22,84
DA:23,59
DA:24,59
DA:26,50
DA:29,2
DA:30,3
DA:31,2
DA:32,2
DA:33,2
DA:36,6
DA:37,6
DA:38,24
DA:39,18
DA:40,18
DA:41,6
DA:42,6
DA:46,3
DA:47,3
DA:48,35
DA:50,2
DA:51,0
DA:54,2
DA:55,2
DA:56,1
DA:58,1
DA:59,0
DA:62,9
DA:63,9
DA:67,1
DA:68,1
DA:72,5
DA:73,5
DA:77,1
DA:78,1
DA:82,5
DA:83,5
DA:87,1
DA:88,1
DA:92,1
DA:93,1
DA:97,1
DA:98,1
DA:102,2
DA:103,2
DA:107,5
DA:108,5
DA:112,1
DA:113,1
DA:117,1
DA:118,3
DA:119,2
DA:120,2
DA:121,1
DA:124,1
DA:125,3
DA:126,2
DA:127,2
DA:128,1
DA:131,1
DA:132,1
DA:136,1
DA:137,1
DA:141,1
DA:142,1
DA:146,1
DA:147,1
LF:74
LH:72
end_of_record
TN:
SF:/Users/nikita/Projects/GitHub/s21_Containers/src/iterators/s21_list_iterators.tpp
FN:107,_ZNK3s214listINS0_IiEEE12ListIteratorneERKS3_
FN:107,_ZNK3s214listIiE12ListIteratorneERKS2_
FN:113,_ZNK3s214listINS0_IiEEE17ListConstIteratorneERKS3_
FN:113,_ZNK3s214listIiE17ListConstIteratorneERKS2_
FN:15,_ZN3s214listINS0_IiEEE12ListIteratorC1EPNS2_4NodeE
FN:15,_ZN3s214listINS0_IiEEE12ListIteratorC2EPNS2_4NodeE
FN:15,_ZN3s214listIiE12ListIteratorC1EPNS1_4NodeE
FN:15,_ZN3s214listIiE12ListIteratorC2EPNS1_4NodeE
FN:19,_ZN3s214listIiE12ListIteratorC1EPKNS1_4NodeE
FN:19,_ZN3s214listIiE12ListIteratorC2EPKNS1_4NodeE
FN:23,_ZN3s214listIiE12ListIteratorC1ERKS2_
FN:23,_ZN3s214listIiE12ListIteratorC2ERKS2_
FN:27,_ZN3s214listINS0_IiEEE17ListConstIteratorC1ERKS3_
FN:27,_ZN3s214listINS0_IiEEE17ListConstIteratorC2ERKS3_
FN:27,_ZN3s214listIiE17ListConstIteratorC1ERKS2_
FN:27,_ZN3s214listIiE17ListConstIteratorC2ERKS2_
FN:32,_ZN3s214listINS0_IiEEE17ListConstIteratorC1ERKNS2_12ListIteratorE
FN:32,_ZN3s214listINS0_IiEEE17ListConstIteratorC2ERKNS2_12ListIteratorE
FN:32,_ZN3s214listIiE17ListConstIteratorC1ERKNS1_12ListIteratorE
FN:32,_ZN3s214listIiE17ListConstIteratorC2ERKNS1_12ListIteratorE
FN:37,_ZN3s214listINS0_IiEEE17ListConstIteratorC1EPKNS2_4NodeE
FN:37,_ZN3s214listINS0_IiEEE17ListConstIteratorC2EPKNS2_4NodeE
FN:37,_ZN3s214listIiE17ListConstIteratorC1EPKNS1_4NodeE
FN:37,_ZN3s214listIiE17ListConstIteratorC2EPKNS1_4NodeE
FN:41,_ZN3s214listINS0_IiEEE12ListIteratoraSERKS3_
FN:41,_ZN3s214listIiE12ListIteratoraSERKS2_
FN:50,_ZN3s214listINS0_IiEEE17ListConstIteratoraSERKS3_
FN:50,_ZN3s214listIiE17ListConstIteratoraSERKS2_
FN:59,_ZN3s214listINS0_IiEEE12ListIteratordeEv
FN:59,_ZN3s214listIiE12ListIteratordeEv
FN:64,_ZNK3s214listINS0_IiEEE17ListConstIteratordeEv
FN:64,_ZNK3s214listIiE17ListConstIteratordeEv
FN:69,_ZN3s214listINS0_IiEEE12ListIteratorppEv
FN:69,_ZN3s214listIiE12ListIteratorppEv
FN:76,_ZN3s214listINS0_IiEEE17ListConstIteratorppEv
FN:76,_ZN3s214listIiE17ListConstIteratorppEv
FN:82,_ZN3s214listINS0_IiEEE12ListIteratormmEv
FN:82,_ZN3s214listIiE12ListIteratormmEv
FN:89,_ZN3s214listINS0_IiEEE17ListConstIteratormmEv
FN:89,_ZN3s214listIiE17ListConstIteratormmEv
FN:9,_ZN3s214listINS0_IiEEE12ListIteratorC1Ev
FN:9,_ZN3s214listINS0_IiEEE12ListIteratorC2Ev
FN:9,_ZN3s214listIiE12ListIteratorC1Ev
FN:9,_ZN3s214listIiE12ListIteratorC2Ev
FNDA:25,_ZNK3s214listINS0_IiEEE12ListIteratorneERKS3_
FNDA:25,_ZNK3s214listIiE12ListIteratorneERKS2_
FNDA:180,_ZNK3s214listINS0_IiEEE17ListConstIteratorneERKS3_
FNDA:1219,_ZNK3s214listIiE17ListConstIteratorneERKS2_
FNDA:91,_ZN3s214listINS0_IiEEE12ListIteratorC1EPNS2_4NodeE
FNDA:91,_ZN3s214listINS0_IiEEE12ListIteratorC2EPNS2_4NodeE
FNDA:672,_ZN3s214listIiE12ListIteratorC1EPNS1_4NodeE
FNDA:672,_ZN3s214listIiE12ListIteratorC2EPNS1_4NodeE
FNDA:2,_ZN3s214listIiE12ListIteratorC1EPKNS1_4NodeE
FNDA:2,_ZN3s214listIiE12ListIteratorC2EPKNS1_4NodeE
FNDA:151,_ZN3s214listIiE12ListIteratorC1ERKS2_
FNDA:151,_ZN3s214listIiE12ListIteratorC2ERKS2_
FNDA:11,_ZN3s214listINS0_IiEEE17ListConstIteratorC1ERKS3_
FNDA:11,_ZN3s214listINS0_IiEEE17ListConstIteratorC2ERKS3_
FNDA:88,_ZN3s214listIiE17ListConstIteratorC1ERKS2_
FNDA:88,_ZN3s214listIiE17ListConstIteratorC2ERKS2_
FNDA:15,_ZN3s214listINS0_IiEEE17ListConstIteratorC1ERKNS2_12ListIteratorE
FNDA:15,_ZN3s214listINS0_IiEEE17ListConstIteratorC2ERKNS2_12ListIteratorE
FNDA:15,_ZN3s214listIiE17ListConstIteratorC1ERKNS1_12ListIteratorE
FNDA:15,_ZN3s214listIiE17ListConstIteratorC2ERKNS1_12ListIteratorE
FNDA:113,_ZN3s214listINS0_IiEEE17ListConstIteratorC1EPKNS2_4NodeE
FNDA:113,_ZN3s214listINS0_IiEEE17ListConstIteratorC2EPKNS2_4NodeE
FNDA:1043,_ZN3s214listIiE17ListConstIteratorC1EPKNS1_4NodeE
FNDA:1043,_ZN3s214listIiE17ListConstIteratorC2EPKNS1_4NodeE
FNDA:11,_ZN3s214listINS0_IiEEE12ListIteratoraSERKS3_
FNDA:55,_ZN3s214listIiE12ListIteratoraSERKS2_
FNDA:6,_ZN3s214listINS0_IiEEE17ListConstIteratoraSERKS3_
FNDA:15,_ZN3s214listIiE17ListConstIteratoraSERKS2_
FNDA:22,_ZN3s214listINS0_IiEEE12ListIteratordeEv
FNDA:24,_ZN3s214listIiE12ListIteratordeEv
FNDA:149,_ZNK3s214listINS0_IiEEE17ListConstIteratordeEv
FNDA:843,_ZNK3s214listIiE17ListConstIteratordeEv
FNDA:19,_ZN3s214listINS0_IiEEE12ListIteratorppEv
FNDA:285,_ZN3s214listIiE12ListIteratorppEv
FNDA:148,_ZN3s214listINS0_IiEEE17ListConstIteratorppEv
FNDA:865,_ZN3s214listIiE17ListConstIteratorppEv
FNDA:28,_ZN3s214listINS0_IiEEE12ListIteratormmEv
FNDA:367,_ZN3s214listIiE12ListIteratormmEv
FNDA:13,_ZN3s214listINS0_IiEEE17ListConstIteratormmEv
FNDA:16,_ZN3s214listIiE17ListConstIteratormmEv
FNDA:1,_ZN3s214listINS0_IiEEE12ListIteratorC1Ev
FNDA:1,_ZN3s214listINS0_IiEEE12ListIteratorC2Ev
FNDA:1,_ZN3s214listIiE12ListIteratorC1Ev
FNDA:1,_ZN3s214listIiE12ListIteratorC2Ev
FNF:44
FNH:44
DA:9,4
DA:15,1526
DA:16,1526
DA:19,4
DA:20,4
DA:23,302
DA:24,302
DA:27,198
DA:29,198
DA:32,60
DA:34,60
DA:37,2312
DA:38,2312
DA:41,66
DA:43,66
DA:44,66
DA:45,66
DA:46,66
DA:50,21
DA:52,21
DA:53,21
DA:54,21
DA:55,21
DA:59,46
DA:60,46
DA:64,992
DA:65,992
DA:69,304
DA:70,304
DA:71,304
DA:76,1013
DA:77,1013
DA:78,1013
DA:82,395
DA:83,395
DA:84,395
DA:89,29
DA:90,29
DA:91,29
DA:107,50
DA:109,50
DA:113,1399
DA:115,1399
LF:43
LH:43
end_of_record
TN:
SF:/Users/nikita/Projects/GitHub/s21_Containers/src/iterators/s21_seq_iterators.tpp
FN:15,_ZN3s2116SequenceIteratorINS_6vectorIiEEEC1EPS2_
FN:15,_ZN3s2116SequenceIteratorINS_6vectorIiEEEC2EPS2_
FN:15,_ZN3s2116SequenceIteratorIiEC1EPi
FN:15,_ZN3s2116SequenceIteratorIiEC2EPi
FN:18,_ZN3s2121ConstSequenceIteratorINS_6vectorIiEEEC1EPKS2_
FN:18,_ZN3s2121ConstSequenceIteratorINS_6vectorIiEEEC2EPKS2_
FN:18,_ZN3s2121ConstSequenceIteratorIiEC1EPKi
FN:18,_ZN3s2121ConstSequenceIteratorIiEC2EPKi
FN:182,_ZNK3s2121ConstSequenceIteratorINS_6vectorIiEEEneERKS3_
FN:182,_ZNK3s2121ConstSequenceIteratorIiEneERKS1_
FN:22,_ZN3s2116SequenceIteratorINS_6vectorIiEEED1Ev
FN:22,_ZN3s2116SequenceIteratorINS_6vectorIiEEED2Ev
FN:22,_ZN3s2116SequenceIteratorIiED1Ev
FN:22,_ZN3s2116SequenceIteratorIiED2Ev
FN:25,_ZN3s2121ConstSequenceIteratorINS_6vectorIiEEED1Ev
FN:25,_ZN3s2121ConstSequenceIteratorINS_6vectorIiEEED2Ev
FN:25,_ZN3s2121ConstSequenceIteratorIiED1Ev
FN:25,_ZN3s2121ConstSequenceIteratorIiED2Ev
FN:28,_ZN3s2116SequenceIteratorINS_6vectorIiEEEdeEv
FN:28,_ZN3s2116SequenceIteratorIiEdeEv
FN:33,_ZNK3s2121ConstSequenceIteratorINS_6vectorIiEEEdeEv
FN:33,_ZNK3s2121ConstSequenceIteratorIiEdeEv
FN:44,_ZN3s2121ConstSequenceIteratorINS_6vectorIiEEEppEv
FN:44,_ZN3s2121ConstSequenceIteratorIiEppEv
FNDA:3,_ZN3s2116SequenceIteratorINS_6vectorIiEEEC1EPS2_
FNDA:3,_ZN3s2116SequenceIteratorINS_6vectorIiEEEC2EPS2_
FNDA:8,_ZN3s2116SequenceIteratorIiEC1EPi
FNDA:8,_ZN3s2116SequenceIteratorIiEC2EPi
FNDA:30,_ZN3s2121ConstSequenceIteratorINS_6vectorIiEEEC1EPKS2_
FNDA:30,_ZN3s2121ConstSequenceIteratorINS_6vectorIiEEEC2EPKS2_
FNDA:98,_ZN3s2121ConstSequenceIteratorIiEC1EPKi
FNDA:98,_ZN3s2121ConstSequenceIteratorIiEC2EPKi
FNDA:43,_ZNK3s2121ConstSequenceIteratorINS_6vectorIiEEEneERKS3_
FNDA:186,_ZNK3s2121ConstSequenceIteratorIiEneERKS1_
FNDA:3,_ZN3s2116SequenceIteratorINS_6vectorIiEEED1Ev
FNDA:3,_ZN3s2116SequenceIteratorINS_6vectorIiEEED2Ev
FNDA:8,_ZN3s2116SequenceIteratorIiED1Ev
FNDA:8,_ZN3s2116SequenceIteratorIiED2Ev
FNDA:34,_ZN3s2121ConstSequenceIteratorINS_6vectorIiEEED1Ev
FNDA:34,_ZN3s2121ConstSequenceIteratorINS_6vectorIiEEED2Ev
FNDA:107,_ZN3s2121ConstSequenceIteratorIiED1Ev
FNDA:107,_ZN3s2121ConstSequenceIteratorIiED2Ev
FNDA:3,_ZN3s2116SequenceIteratorINS_6vectorIiEEEdeEv
FNDA:8,_ZN3s2116SequenceIteratorIiEdeEv
FNDA:21,_ZNK3s2121ConstSequenceIteratorINS_6vectorIiEEEdeEv
FNDA:130,_ZNK3s2121ConstSequenceIteratorIiEdeEv
FNDA:30,_ZN3s2121ConstSequenceIteratorINS_6vectorIiEEEppEv
FNDA:141,_ZN3s2121ConstSequenceIteratorIiEppEv
FNF:24
FNH:24
DA:15,22
DA:18,256
DA:19,256
DA:22,22
DA:25,282
DA:28,11
DA:29,11
DA:33,151
DA:34,151
DA:44,171
DA:45,171
DA:46,171
DA:182,229
DA:184,229
LF:14
LH:14
end_of_record
TN:
SF:/Users/nikita/Projects/GitHub/s21_Containers/src/list/s21_list.tpp
FN:109,_ZN3s214listINS0_IiEEE5frontEv
FN:109,_ZN3s214listIiE5frontEv
FN:114,_ZNK3s214listINS0_IiEEE5frontEv
FN:114,_ZNK3s214listIiE5frontEv
FN:119,_ZN3s214listINS0_IiEEE4backEv
FN:119,_ZN3s214listIiE4backEv
FN:12,_ZN3s214listINS0_IiEEEC1ERKS2_
FN:12,_ZN3s214listINS0_IiEEEC2ERKS2_
FN:12,_ZN3s214listIiEC1ERKS1_
FN:12,_ZN3s214listIiEC2ERKS1_
FN:124,_ZNK3s214listINS0_IiEEE4backEv
FN:124,_ZNK3s214listIiE4backEv
FN:129,_ZN3s214listINS0_IiEEE3endEv
FN:129,_ZN3s214listIiE3endEv
FN:134,_ZN3s214listINS0_IiEEE5beginEv
FN:134,_ZN3s214listIiE5beginEv
FN:139,_ZNK3s214listINS0_IiEEE4cendEv
FN:139,_ZNK3s214listIiE4cendEv
FN:144,_ZNK3s214listINS0_IiEEE6cbeginEv
FN:144,_ZNK3s214listIiE6cbeginEv
FN:149,_ZNK3s214listINS0_IiEEE5emptyEv
FN:149,_ZNK3s214listIiE5emptyEv
FN:154,_ZNK3s214listINS0_IiEEE4sizeEv
FN:154,_ZNK3s214listIiE4sizeEv
FN:159,_ZNK3s214listINS0_IiEEE8max_sizeEv
FN:159,_ZNK3s214listIiE8max_sizeEv
FN:164,_ZN3s214listINS0_IiEEE5clearEv
FN:164,_ZN3s214listIiE5clearEv
FN:178,_ZN3s214listINS0_IiEEE6insertENS2_17ListConstIteratorERKS1_
FN:178,_ZN3s214listIiE6insertENS1_17ListConstIteratorERKi
FN:197,_ZN3s214listIiE6insertENS1_17ListConstIteratorEmRKi
FN:218,_ZN3s214listINS0_IiEEE6insertENS2_17ListConstIteratorEOS1_
FN:218,_ZN3s214listIiE6insertENS1_17ListConstIteratorEOi
FN:237,_ZN3s214listINS0_IiEEE5eraseENS2_17ListConstIteratorE
FN:237,_ZN3s214listIiE5eraseENS1_17ListConstIteratorE
FN:251,_ZN3s214listIiE5eraseENS1_17ListConstIteratorES2_
FN:26,_ZN3s214listINS0_IiEEEC1ESt16initializer_listIS1_E
FN:26,_ZN3s214listINS0_IiEEEC2ESt16initializer_listIS1_E
FN:26,_ZN3s214listIiEC1ESt16initializer_listIiE
FN:26,_ZN3s214listIiEC2ESt16initializer_listIiE
FN:261,_ZN3s214listINS0_IiEEE9push_backERKS1_
FN:261,_ZN3s214listIiE9push_backERKi
FN:283,_ZN3s214listINS0_IiEEE9push_backEOS1_
FN:283,_ZN3s214listIiE9push_backEOi
FN:301,_ZN3s214listINS0_IiEEE8pop_backEv
FN:301,_ZN3s214listIiE8pop_backEv
FN:314,_ZN3s214listINS0_IiEEE10push_frontERKS1_
FN:314,_ZN3s214listIiE10push_frontERKi
FN:334,_ZN3s214listINS0_IiEEE10push_frontEOS1_
FN:334,_ZN3s214listIiE10push_frontEOi
FN:350,_ZN3s214listINS0_IiEEE9pop_frontEv
FN:350,_ZN3s214listIiE9pop_frontEv
FN:361,_ZN3s214listINS0_IiEEE6resizeEmRKS1_
FN:361,_ZN3s214listIiE6resizeEmRKi
FN:40,_ZN3s214listINS0_IiEEEC1EOS2_
FN:40,_ZN3s214listINS0_IiEEEC2EOS2_
FN:40,_ZN3s214listIiEC1EOS1_
FN:40,_ZN3s214listIiEC2EOS1_
FN:413,_ZN3s214listINS0_IiEEE6resizeEm
FN:413,_ZN3s214listIiE6resizeEm
FN:418,_ZN3s214listINS0_IiEEE4swapERS2_
FN:418,_ZN3s214listIiE4swapERS1_
FN:450,_ZN3s214listIiE5mergeERS1_
FN:474,_ZN3s214listIiE5mergeEOS1_
FN:498,_ZN3s214listIiE6spliceENS1_17ListConstIteratorERS1_
FN:527,_ZN3s214listIiE6spliceENS1_17ListConstIteratorEOS1_
FN:556,_ZN3s214listIiE6spliceENS1_17ListConstIteratorERS1_S2_
FN:56,_ZN3s214listINS0_IiEEED1Ev
FN:56,_ZN3s214listINS0_IiEEED2Ev
FN:56,_ZN3s214listIiED1Ev
FN:56,_ZN3s214listIiED2Ev
FN:561,_ZN3s214listIiE6spliceENS1_17ListConstIteratorEOS1_S2_
FN:567,_ZN3s214listIiE6spliceENS1_17ListConstIteratorERS1_S2_S2_
FN:61,_ZN3s214listINS0_IiEEEaSERKS2_
FN:61,_ZN3s214listIiEaSERKS1_
FN:615,_ZN3s214listIiE6spliceENS1_17ListConstIteratorEOS1_S2_S2_
FN:666,_ZN3s214listINS0_IiEEE6removeERKS1_
FN:666,_ZN3s214listIiE6removeERKi
FN:676,_ZN3s214listINS0_IiEEE7reverseEv
FN:676,_ZN3s214listIiE7reverseEv
FN:694,_ZN3s214listINS0_IiEEE6uniqueEv
FN:694,_ZN3s214listIiE6uniqueEv
FN:710,_ZN3s214listIiE4sortEv
FN:746,_ZN3s21eqIiEEbRKNS_4listIT_EES5_
FN:86,_ZN3s214listINS0_IiEEEaSEOS2_
FN:86,_ZN3s214listIiEaSEOS1_
FN:9,_ZN3s214listINS0_IiEEEC1Ev
FN:9,_ZN3s214listINS0_IiEEEC2Ev
FN:9,_ZN3s214listIiEC1Ev
FN:9,_ZN3s214listIiEC2Ev
FNDA:1,_ZN3s214listINS0_IiEEE5frontEv
FNDA:1,_ZN3s214listIiE5frontEv
FNDA:1,_ZNK3s214listINS0_IiEEE5frontEv
FNDA:1,_ZNK3s214listIiE5frontEv
FNDA:1,_ZN3s214listINS0_IiEEE4backEv
FNDA:1,_ZN3s214listIiE4backEv
FNDA:3,_ZN3s214listINS0_IiEEEC1ERKS2_
FNDA:3,_ZN3s214listINS0_IiEEEC2ERKS2_
FNDA:94,_ZN3s214listIiEC1ERKS1_
FNDA:94,_ZN3s214listIiEC2ERKS1_
FNDA:1,_ZNK3s214listINS0_IiEEE4backEv
FNDA:1,_ZNK3s214listIiE4backEv
FNDA:46,_ZN3s214listINS0_IiEEE3endEv
FNDA:301,_ZN3s214listIiE3endEv
FNDA:26,_ZN3s214listINS0_IiEEE5beginEv
FNDA:352,_ZN3s214listIiE5beginEv
FNDA:66,_ZNK3s214listINS0_IiEEE4cendEv
FNDA:601,_ZNK3s214listIiE4cendEv
FNDA:47,_ZNK3s214listINS0_IiEEE6cbeginEv
FNDA:442,_ZNK3s214listIiE6cbeginEv
FNDA:5,_ZNK3s214listINS0_IiEEE5emptyEv
FNDA:5,_ZNK3s214listIiE5emptyEv
FNDA:162,_ZNK3s214listINS0_IiEEE4sizeEv
FNDA:1490,_ZNK3s214listIiE4sizeEv
FNDA:1,_ZNK3s214listINS0_IiEEE8max_sizeEv
FNDA:1,_ZNK3s214listIiE8max_sizeEv
FNDA:44,_ZN3s214listINS0_IiEEE5clearEv
FNDA:523,_ZN3s214listIiE5clearEv
FNDA:1,_ZN3s214listINS0_IiEEE6insertENS2_17ListConstIteratorERKS1_
FNDA:2,_ZN3s214listIiE6insertENS1_17ListConstIteratorERKi
FNDA:1,_ZN3s214listIiE6insertENS1_17ListConstIteratorEmRKi
FNDA:2,_ZN3s214listINS0_IiEEE6insertENS2_17ListConstIteratorEOS1_
FNDA:1,_ZN3s214listIiE6insertENS1_17ListConstIteratorEOi
FNDA:16,_ZN3s214listINS0_IiEEE5eraseENS2_17ListConstIteratorE
FNDA:16,_ZN3s214listIiE5eraseENS1_17ListConstIteratorE
FNDA:1,_ZN3s214listIiE5eraseENS1_17ListConstIteratorES2_
FNDA:20,_ZN3s214listINS0_IiEEEC1ESt16initializer_listIS1_E
FNDA:20,_ZN3s214listINS0_IiEEEC2ESt16initializer_listIS1_E
FNDA:148,_ZN3s214listIiEC1ESt16initializer_listIiE
FNDA:148,_ZN3s214listIiEC2ESt16initializer_listIiE
FNDA:97,_ZN3s214listINS0_IiEEE9push_backERKS1_
FNDA:591,_ZN3s214listIiE9push_backERKi
FNDA:1,_ZN3s214listINS0_IiEEE9push_backEOS1_
FNDA:1,_ZN3s214listIiE9push_backEOi
FNDA:3,_ZN3s214listINS0_IiEEE8pop_backEv
FNDA:3,_ZN3s214listIiE8pop_backEv
FNDA:2,_ZN3s214listINS0_IiEEE10push_frontERKS1_
FNDA:2,_ZN3s214listIiE10push_frontERKi
FNDA:1,_ZN3s214listINS0_IiEEE10push_frontEOS1_
FNDA:1,_ZN3s214listIiE10push_frontEOi
FNDA:3,_ZN3s214listINS0_IiEEE9pop_frontEv
FNDA:3,_ZN3s214listIiE9pop_frontEv
FNDA:6,_ZN3s214listINS0_IiEEE6resizeEmRKS1_
FNDA:6,_ZN3s214listIiE6resizeEmRKi
FNDA:2,_ZN3s214listINS0_IiEEEC1EOS2_
FNDA:2,_ZN3s214listINS0_IiEEEC2EOS2_
FNDA:2,_ZN3s214listIiEC1EOS1_
FNDA:2,_ZN3s214listIiEC2EOS1_
FNDA:2,_ZN3s214listINS0_IiEEE6resizeEm
FNDA:2,_ZN3s214listIiE6resizeEm
FNDA:2,_ZN3s214listINS0_IiEEE4swapERS2_
FNDA:4,_ZN3s214listIiE4swapERS1_
FNDA:13,_ZN3s214listIiE5mergeERS1_
FNDA:1,_ZN3s214listIiE5mergeEOS1_
FNDA:8,_ZN3s214listIiE6spliceENS1_17ListConstIteratorERS1_
FNDA:1,_ZN3s214listIiE6spliceENS1_17ListConstIteratorEOS1_
FNDA:4,_ZN3s214listIiE6spliceENS1_17ListConstIteratorERS1_S2_
FNDA:35,_ZN3s214listINS0_IiEEED1Ev
FNDA:35,_ZN3s214listINS0_IiEEED2Ev
FNDA:387,_ZN3s214listIiED1Ev
FNDA:387,_ZN3s214listIiED2Ev
FNDA:1,_ZN3s214listIiE6spliceENS1_17ListConstIteratorEOS1_S2_
FNDA:22,_ZN3s214listIiE6spliceENS1_17ListConstIteratorERS1_S2_S2_
FNDA:1,_ZN3s214listINS0_IiEEEaSERKS2_
FNDA:104,_ZN3s214listIiEaSERKS1_
FNDA:1,_ZN3s214listIiE6spliceENS1_17ListConstIteratorEOS1_S2_S2_
FNDA:4,_ZN3s214listINS0_IiEEE6removeERKS1_
FNDA:4,_ZN3s214listIiE6removeERKi
FNDA:3,_ZN3s214listINS0_IiEEE7reverseEv
FNDA:3,_ZN3s214listIiE7reverseEv
FNDA:3,_ZN3s214listINS0_IiEEE6uniqueEv
FNDA:3,_ZN3s214listIiE6uniqueEv
FNDA:11,_ZN3s214listIiE4sortEv
FNDA:26,_ZN3s21eqIiEEbRKNS_4listIT_EES5_
FNDA:6,_ZN3s214listINS0_IiEEEaSEOS2_
FNDA:30,_ZN3s214listIiEaSEOS1_
FNDA:10,_ZN3s214listINS0_IiEEEC1Ev
FNDA:10,_ZN3s214listINS0_IiEEEC2Ev
FNDA:143,_ZN3s214listIiEC1Ev
FNDA:143,_ZN3s214listIiEC2Ev
FNF:90
FNH:90
DA:9,306
DA:12,194
DA:13,194
DA:15,508
DA:16,254
DA:17,157
DA:18,157
DA:19,97
DA:20,0
DA:21,0
DA:22,0
DA:23,194
DA:26,336
DA:27,336
DA:29,674
DA:30,506
DA:33,168
DA:34,0
DA:35,0
DA:36,0
DA:37,336
DA:40,8
DA:41,8
DA:42,4
DA:43,4
DA:44,4
DA:46,4
DA:47,4
DA:48,4
DA:50,4
DA:51,4
DA:52,4
DA:53,8
DA:56,844
DA:57,422
DA:58,844
DA:61,105
DA:62,105
DA:63,105
DA:65,105
DA:66,93
DA:68,93
DA:70,93
DA:71,93
DA:73,93
DA:74,93
DA:76,93
DA:77,93
DA:78,93
DA:79,93
DA:80,105
DA:82,105
DA:86,36
DA:87,36
DA:88,36
DA:90,36
DA:91,27
DA:93,27
DA:94,27
DA:96,27
DA:97,27
DA:99,27
DA:100,27
DA:101,27
DA:102,27
DA:103,36
DA:105,36
DA:109,2
DA:110,2
DA:114,2
DA:115,2
DA:119,2
DA:120,2
DA:124,2
DA:125,2
DA:129,347
DA:130,347
DA:134,378
DA:135,378
DA:139,667
DA:140,667
DA:144,489
DA:145,489
DA:149,10
DA:150,10
DA:154,1652
DA:155,1652
DA:159,2
DA:160,2
DA:164,567
DA:165,567
DA:166,567
DA:167,1225
DA:168,658
DA:169,658
DA:170,658
DA:171,658
DA:172,567
DA:173,567
DA:174,567
DA:175,567
DA:178,3
DA:180,3
DA:182,3
DA:183,3
DA:184,3
DA:186,3
DA:187,3
DA:189,3
DA:191,3
DA:193,3
DA:197,1
DA:199,1
DA:202,3
DA:203,2
DA:204,2
DA:205,1
DA:206,0
DA:207,0
DA:208,0
DA:210,1
DA:212,1
DA:214,1
DA:215,1
DA:218,3
DA:220,3
DA:222,3
DA:223,3
DA:224,3
DA:226,3
DA:227,3
DA:229,3
DA:231,3
DA:233,3
DA:237,32
DA:238,32
DA:240,32
DA:241,32
DA:243,32
DA:245,32
DA:247,32
DA:251,1
DA:253,1
DA:254,0
DA:257,1
DA:261,688
DA:262,688
DA:265,688
DA:266,97
DA:267,0
DA:268,0
DA:270,688
DA:271,688
DA:272,688
DA:274,688
DA:275,688
DA:276,270
DA:277,270
DA:279,688
DA:280,688
DA:283,2
DA:284,2
DA:286,2
DA:288,2
DA:289,2
DA:290,2
DA:292,2
DA:293,2
DA:294,0
DA:295,0
DA:297,2
DA:298,2
DA:301,6
DA:302,6
DA:304,6
DA:306,6
DA:308,6
DA:310,6
DA:311,6
DA:314,4
DA:315,4
DA:318,4
DA:319,2
DA:320,0
DA:321,0
DA:323,4
DA:324,4
DA:326,4
DA:328,4
DA:330,4
DA:331,4
DA:334,2
DA:335,2
DA:337,2
DA:339,2
DA:340,2
DA:342,2
DA:344,2
DA:346,2
DA:347,2
DA:350,6
DA:351,6
DA:353,6
DA:355,6
DA:357,6
DA:358,6
DA:361,12
DA:362,12
DA:363,4
DA:364,12
DA:365,4
DA:368,27
DA:369,23
DA:370,23
DA:371,4
DA:372,0
DA:373,0
DA:374,0
DA:376,4
DA:377,4
DA:379,4
DA:380,4
DA:382,4
DA:383,4
DA:384,4
DA:386,4
DA:388,8
DA:389,2
DA:390,2
DA:391,2
DA:393,12
DA:394,10
DA:395,2
DA:396,2
DA:397,10
DA:398,6
DA:399,6
DA:400,2
DA:402,10
DA:405,2
DA:406,2
DA:408,2
DA:409,2
DA:410,12
DA:413,4
DA:414,4
DA:415,4
DA:418,6
DA:419,6
DA:420,6
DA:421,6
DA:422,6
DA:423,6
DA:425,6
DA:426,3
DA:427,3
DA:428,3
DA:429,3
DA:430,3
DA:431,3
DA:432,3
DA:435,6
DA:436,3
DA:437,3
DA:438,3
DA:439,3
DA:440,3
DA:441,3
DA:442,3
DA:445,6
DA:446,6
DA:447,6
DA:450,13
DA:451,13
DA:452,13
DA:453,22
DA:454,9
DA:456,26
DA:457,17
DA:460,9
DA:461,9
DA:462,9
DA:464,9
DA:467,13
DA:468,2
DA:469,2
DA:470,13
DA:471,13
DA:474,1
DA:475,1
DA:476,1
DA:477,6
DA:478,5
DA:480,13
DA:481,8
DA:484,5
DA:485,4
DA:486,4
DA:488,5
DA:491,1
DA:492,1
DA:493,1
DA:494,1
DA:495,1
DA:498,8
DA:499,8
DA:500,6
DA:501,6
DA:503,36
DA:504,30
DA:506,6
DA:508,6
DA:510,6
DA:511,6
DA:513,6
DA:515,6
DA:516,6
DA:518,6
DA:520,6
DA:521,6
DA:522,6
DA:523,6
DA:524,8
DA:527,1
DA:528,1
DA:529,1
DA:530,1
DA:532,2
DA:533,1
DA:535,1
DA:537,1
DA:539,1
DA:540,1
DA:542,1
DA:544,1
DA:545,1
DA:547,1
DA:549,1
DA:550,1
DA:551,1
DA:552,1
DA:553,1
DA:556,4
DA:557,4
DA:558,4
DA:561,1
DA:563,1
DA:564,1
DA:567,22
DA:569,22
DA:570,21
DA:572,21
DA:573,16
DA:574,52
DA:575,36
DA:576,36
DA:578,16
DA:580,21
DA:581,85
DA:582,64
DA:583,21
DA:584,21
DA:586,21
DA:587,40
DA:588,19
DA:589,21
DA:590,21
DA:592,21
DA:593,85
DA:594,64
DA:595,21
DA:596,21
DA:598,21
DA:599,21
DA:601,21
DA:602,21
DA:604,21
DA:605,21
DA:607,21
DA:608,16
DA:609,16
DA:610,16
DA:611,21
DA:612,22
DA:615,1
DA:617,1
DA:618,1
DA:620,1
DA:621,4
DA:622,3
DA:623,3
DA:626,4
DA:627,3
DA:628,3
DA:629,1
DA:631,1
DA:632,1
DA:633,0
DA:634,1
DA:635,1
DA:637,1
DA:638,3
DA:639,2
DA:640,1
DA:641,1
DA:643,1
DA:644,6
DA:645,5
DA:646,1
DA:647,1
DA:649,1
DA:650,1
DA:652,1
DA:653,1
DA:655,1
DA:656,1
DA:658,1
DA:659,1
DA:660,1
DA:661,1
DA:662,1
DA:663,1
DA:666,8
DA:667,38
DA:668,30
DA:669,14
DA:670,14
DA:671,14
DA:672,30
DA:673,8
DA:676,6
DA:677,6
DA:678,15
DA:679,9
DA:680,9
DA:681,9
DA:683,9
DA:684,9
DA:686,6
DA:687,4
DA:688,4
DA:689,4
DA:690,4
DA:691,6
DA:694,6
DA:695,6
DA:697,27
DA:698,21
DA:699,21
DA:701,21
DA:702,7
DA:703,7
DA:704,14
DA:707,6
DA:710,11
DA:711,11
DA:713,11
DA:714,25
DA:715,14
DA:716,14
DA:718,11
DA:719,11
DA:721,11
DA:722,11
DA:723,11
DA:724,10
DA:725,10
DA:726,10
DA:727,10
DA:728,10
DA:730,11
DA:731,11
DA:732,11
DA:734,11
DA:735,3
DA:736,3
DA:738,11
DA:739,4
DA:740,4
DA:742,11
DA:743,11
DA:746,26
DA:747,26
DA:749,26
DA:750,26
DA:752,37
DA:753,26
DA:754,15
DA:755,15
DA:757,11
DA:758,11
DA:761,26
DA:762,15
DA:763,15
DA:765,26
LF:495
LH:475
end_of_record
TN:
SF:/Users/nikita/Projects/GitHub/s21_Containers/src/stack/s21_stack.tpp
FN:12,_ZN3s215stackINS_6vectorIiEENS1_IS2_EEEC1ERKS4_
FN:12,_ZN3s215stackINS_6vectorIiEENS1_IS2_EEEC2ERKS4_
FN:12,_ZN3s215stackIiNS_6vectorIiEEEC1ERKS3_
FN:12,_ZN3s215stackIiNS_6vectorIiEEEC2ERKS3_
FN:18,_ZN3s215stackINS_6vectorIiEENS1_IS2_EEEC1EOS4_
FN:18,_ZN3s215stackINS_6vectorIiEENS1_IS2_EEEC2EOS4_
FN:18,_ZN3s215stackIiNS_6vectorIiEEEC1EOS3_
FN:18,_ZN3s215stackIiNS_6vectorIiEEEC2EOS3_
FN:22,_ZN3s215stackINS_6vectorIiEENS1_IS2_EEED1Ev
FN:22,_ZN3s215stackINS_6vectorIiEENS1_IS2_EEED2Ev
FN:22,_ZN3s215stackIiNS_6vectorIiEEED1Ev
FN:22,_ZN3s215stackIiNS_6vectorIiEEED2Ev
FN:25,_ZN3s215stackINS_6vectorIiEENS1_IS2_EEEaSERKS4_
FN:25,_ZN3s215stackIiNS_6vectorIiEEEaSERKS3_
FN:33,_ZN3s215stackINS_6vectorIiEENS1_IS2_EEEaSEOS4_
FN:33,_ZN3s215stackIiNS_6vectorIiEEEaSEOS3_
FN:41,_ZN3s215stackIiNS_6vectorIiEEE3topEv
FN:46,_ZNK3s215stackIiNS_6vectorIiEEE3topEv
FN:51,_ZNK3s215stackINS_6vectorIiEENS1_IS2_EEE5emptyEv
FN:51,_ZNK3s215stackIiNS_6vectorIiEEE5emptyEv
FN:56,_ZNK3s215stackINS_6vectorIiEENS1_IS2_EEE4sizeEv
FN:56,_ZNK3s215stackIiNS_6vectorIiEEE4sizeEv
FN:61,_ZN3s215stackIiNS_6vectorIiEEE4pushERKi
FN:66,_ZN3s215stackINS_6vectorIiEENS1_IS2_EEE4pushEOS2_
FN:66,_ZN3s215stackIiNS_6vectorIiEEE4pushEOi
FN:71,_ZN3s215stackINS_6vectorIiEENS1_IS2_EEE3popEv
FN:71,_ZN3s215stackIiNS_6vectorIiEEE3popEv
FN:76,_ZN3s215stackINS_6vectorIiEENS1_IS2_EEE4swapERS4_
FN:76,_ZN3s215stackIiNS_6vectorIiEEE4swapERS3_
FN:9,_ZN3s215stackINS_6vectorIiEENS1_IS2_EEEC1Ev
FN:9,_ZN3s215stackINS_6vectorIiEENS1_IS2_EEEC2Ev
FN:9,_ZN3s215stackIiNS_6vectorIiEEEC1Ev
FN:9,_ZN3s215stackIiNS_6vectorIiEEEC2Ev
FNDA:1,_ZN3s215stackINS_6vectorIiEENS1_IS2_EEEC1ERKS4_
FNDA:1,_ZN3s215stackINS_6vectorIiEENS1_IS2_EEEC2ERKS4_
FNDA:2,_ZN3s215stackIiNS_6vectorIiEEEC1ERKS3_
FNDA:2,_ZN3s215stackIiNS_6vectorIiEEEC2ERKS3_
FNDA:1,_ZN3s215stackINS_6vectorIiEENS1_IS2_EEEC1EOS4_
FNDA:1,_ZN3s215stackINS_6vectorIiEENS1_IS2_EEEC2EOS4_
FNDA:1,_ZN3s215stackIiNS_6vectorIiEEEC1EOS3_
FNDA:1,_ZN3s215stackIiNS_6vectorIiEEEC2EOS3_
FNDA:4,_ZN3s215stackINS_6vectorIiEENS1_IS2_EEED1Ev
FNDA:4,_ZN3s215stackINS_6vectorIiEENS1_IS2_EEED2Ev
FNDA:5,_ZN3s215stackIiNS_6vectorIiEEED1Ev
FNDA:5,_ZN3s215stackIiNS_6vectorIiEEED2Ev
FNDA:1,_ZN3s215stackINS_6vectorIiEENS1_IS2_EEEaSERKS4_
FNDA:1,_ZN3s215stackIiNS_6vectorIiEEEaSERKS3_
FNDA:1,_ZN3s215stackINS_6vectorIiEENS1_IS2_EEEaSEOS4_
FNDA:1,_ZN3s215stackIiNS_6vectorIiEEEaSEOS3_
FNDA:207,_ZN3s215stackIiNS_6vectorIiEEE3topEv
FNDA:1,_ZNK3s215stackIiNS_6vectorIiEEE3topEv
FNDA:205,_ZNK3s215stackINS_6vectorIiEENS1_IS2_EEE5emptyEv
FNDA:205,_ZNK3s215stackIiNS_6vectorIiEEE5emptyEv
FNDA:205,_ZNK3s215stackINS_6vectorIiEENS1_IS2_EEE4sizeEv
FNDA:205,_ZNK3s215stackIiNS_6vectorIiEEE4sizeEv
FNDA:200,_ZN3s215stackIiNS_6vectorIiEEE4pushERKi
FNDA:200,_ZN3s215stackINS_6vectorIiEENS1_IS2_EEE4pushEOS2_
FNDA:100,_ZN3s215stackIiNS_6vectorIiEEE4pushEOi
FNDA:100,_ZN3s215stackINS_6vectorIiEENS1_IS2_EEE3popEv
FNDA:100,_ZN3s215stackIiNS_6vectorIiEEE3popEv
FNDA:1,_ZN3s215stackINS_6vectorIiEENS1_IS2_EEE4swapERS4_
FNDA:1,_ZN3s215stackIiNS_6vectorIiEEE4swapERS3_
FNDA:2,_ZN3s215stackINS_6vectorIiEENS1_IS2_EEEC1Ev
FNDA:2,_ZN3s215stackINS_6vectorIiEENS1_IS2_EEEC2Ev
FNDA:2,_ZN3s215stackIiNS_6vectorIiEEEC1Ev
FNDA:2,_ZN3s215stackIiNS_6vectorIiEEEC2Ev
FNF:33
FNH:33
DA:9,8
DA:12,6
DA:18,4
DA:19,4
DA:22,18
DA:25,2
DA:26,2
DA:27,2
DA:28,2
DA:29,2
DA:33,2
DA:34,2
DA:35,2
DA:36,2
DA:37,2
DA:41,207
DA:42,207
DA:46,1
DA:47,1
DA:51,410
DA:52,410
DA:56,410
DA:57,410
DA:61,200
DA:62,200
DA:63,200
DA:66,300
DA:67,300
DA:68,300
DA:71,200
DA:72,200
DA:73,200
DA:76,2
DA:77,2
LF:34
LH:34
end_of_record
TN:
SF:/Users/nikita/Projects/GitHub/s21_Containers/src/test/test.cpp
FN:0,__cxx_global_var_init
FN:0,__cxx_global_var_init.100
FN:0,__cxx_global_var_init.106
FN:0,__cxx_global_var_init.113
FN:0,__cxx_global_var_init.118
FN:0,__cxx_global_var_init.122
FN:0,__cxx_global_var_init.132
FN:0,__cxx_global_var_init.155
FN:0,__cxx_global_var_init.157
FN:0,__cxx_global_var_init.159
FN:0,__cxx_global_var_init.160
FN:0,__cxx_global_var_init.161
FN:0,__cxx_global_var_init.164
FN:0,__cxx_global_var_init.166
FN:0,__cxx_global_var_init.172
FN:0,__cxx_global_var_init.176
FN:0,__cxx_global_var_init.179
FN:0,__cxx_global_var_init.181
FN:0,__cxx_global_var_init.183
FN:0,__cxx_global_var_init.187
FN:0,__cxx_global_var_init.191
FN:0,__cxx_global_var_init.193
FN:0,__cxx_global_var_init.209
FN:0,__cxx_global_var_init.225
FN:0,__cxx_global_var_init.23
FN:0,__cxx_global_var_init.231
FN:0,__cxx_global_var_init.30
FN:0,__cxx_global_var_init.38
FN:0,__cxx_global_var_init.53
FN:0,__cxx_global_var_init.58
FN:0,__cxx_global_var_init.62
FN:0,__cxx_global_var_init.66
FN:0,__cxx_global_var_init.74
FN:0,__cxx_global_var_init.80
FN:0,__cxx_global_var_init.92
FN:1010,_ZN16LIST_Remove_Test8TestBodyEv
FN:1010,_ZN16LIST_Remove_TestC1Ev
FN:1010,_ZN16LIST_Remove_TestC2Ev
FN:1010,_ZN16LIST_Remove_TestD0Ev
FN:1010,_ZN16LIST_Remove_TestD1Ev
FN:1010,_ZN16LIST_Remove_TestD2Ev
FN:1050,_ZN16LIST_Unique_Test8TestBodyEv
FN:1050,_ZN16LIST_Unique_TestC1Ev
FN:1050,_ZN16LIST_Unique_TestC2Ev
FN:1050,_ZN16LIST_Unique_TestD0Ev
FN:1050,_ZN16LIST_Unique_TestD1Ev
FN:1050,_ZN16LIST_Unique_TestD2Ev
FN:1084,_ZN22LIST_Splice_First_Test8TestBodyEv
FN:1084,_ZN22LIST_Splice_First_TestC1Ev
FN:1084,_ZN22LIST_Splice_First_TestC2Ev
FN:1084,_ZN22LIST_Splice_First_TestD0Ev
FN:1084,_ZN22LIST_Splice_First_TestD1Ev
FN:1084,_ZN22LIST_Splice_First_TestD2Ev
FN:110,_ZN24VECTOR_EmptyMaxSize_Test8TestBodyEv
FN:110,_ZN24VECTOR_EmptyMaxSize_TestC1Ev
FN:110,_ZN24VECTOR_EmptyMaxSize_TestC2Ev
FN:110,_ZN24VECTOR_EmptyMaxSize_TestD0Ev
FN:110,_ZN24VECTOR_EmptyMaxSize_TestD1Ev
FN:110,_ZN24VECTOR_EmptyMaxSize_TestD2Ev
FN:1123,_ZN23LIST_Splice_Second_Test8TestBodyEv
FN:1123,_ZN23LIST_Splice_Second_TestC1Ev
FN:1123,_ZN23LIST_Splice_Second_TestC2Ev
FN:1123,_ZN23LIST_Splice_Second_TestD0Ev
FN:1123,_ZN23LIST_Splice_Second_TestD1Ev
FN:1123,_ZN23LIST_Splice_Second_TestD2Ev
FN:1183,_ZN22LIST_Splice_Third_Test8TestBodyEv
FN:1183,_ZN22LIST_Splice_Third_TestC1Ev
FN:1183,_ZN22LIST_Splice_Third_TestC2Ev
FN:1183,_ZN22LIST_Splice_Third_TestD0Ev
FN:1183,_ZN22LIST_Splice_Third_TestD1Ev
FN:1183,_ZN22LIST_Splice_Third_TestD2Ev
FN:1268,_ZN15LIST_Merge_Test8TestBodyEv
FN:1268,_ZN15LIST_Merge_TestC1Ev
FN:1268,_ZN15LIST_Merge_TestC2Ev
FN:1268,_ZN15LIST_Merge_TestD0Ev
FN:1268,_ZN15LIST_Merge_TestD1Ev
FN:1268,_ZN15LIST_Merge_TestD2Ev
FN:1295,_ZN14LIST_Sort_Test8TestBodyEv
FN:1295,_ZN14LIST_Sort_TestC1Ev
FN:1295,_ZN14LIST_Sort_TestC2Ev
FN:1295,_ZN14LIST_Sort_TestD0Ev
FN:1295,_ZN14LIST_Sort_TestD1Ev
FN:1295,_ZN14LIST_Sort_TestD2Ev
FN:130,_ZN18VECTOR_Insert_Test8TestBodyEv
FN:130,_ZN18VECTOR_Insert_TestC1Ev
FN:130,_ZN18VECTOR_Insert_TestC2Ev
FN:130,_ZN18VECTOR_Insert_TestD0Ev
FN:130,_ZN18VECTOR_Insert_TestD1Ev
FN:130,_ZN18VECTOR_Insert_TestD2Ev
FN:1321,main
FN:207,_ZN15Array_Size_Test8TestBodyEv
FN:207,_ZN15Array_Size_TestC1Ev
FN:207,_ZN15Array_Size_TestC2Ev
FN:207,_ZN15Array_Size_TestD0Ev
FN:207,_ZN15Array_Size_TestD1Ev
FN:207,_ZN15Array_Size_TestD2Ev
FN:215,_ZN16Array_Empty_Test8TestBodyEv
FN:215,_ZN16Array_Empty_TestC1Ev
FN:215,_ZN16Array_Empty_TestC2Ev
FN:215,_ZN16Array_Empty_TestD0Ev
FN:215,_ZN16Array_Empty_TestD1Ev
FN:215,_ZN16Array_Empty_TestD2Ev
FN:224,_ZN18Array_MaxSize_Test8TestBodyEv
FN:224,_ZN18Array_MaxSize_TestC1Ev
FN:224,_ZN18Array_MaxSize_TestC2Ev
FN:224,_ZN18Array_MaxSize_TestD0Ev
FN:224,_ZN18Array_MaxSize_TestD1Ev
FN:224,_ZN18Array_MaxSize_TestD2Ev
FN:231,_ZN16Array_Front_Test8TestBodyEv
FN:231,_ZN16Array_Front_TestC1Ev
FN:231,_ZN16Array_Front_TestC2Ev
FN:231,_ZN16Array_Front_TestD0Ev
FN:231,_ZN16Array_Front_TestD1Ev
FN:231,_ZN16Array_Front_TestD2Ev
FN:261,_ZN27Array_OperatorBrackets_Test8TestBodyEv
FN:261,_ZN27Array_OperatorBrackets_TestC1Ev
FN:261,_ZN27Array_OperatorBrackets_TestC2Ev
FN:261,_ZN27Array_OperatorBrackets_TestD0Ev
FN:261,_ZN27Array_OperatorBrackets_TestD1Ev
FN:261,_ZN27Array_OperatorBrackets_TestD2Ev
FN:275,_ZN13Array_At_Test8TestBodyEv
FN:275,_ZN13Array_At_TestC1Ev
FN:275,_ZN13Array_At_TestC2Ev
FN:275,_ZN13Array_At_TestD0Ev
FN:275,_ZN13Array_At_TestD1Ev
FN:275,_ZN13Array_At_TestD2Ev
FN:291,_ZN15Array_Back_Test8TestBodyEv
FN:291,_ZN15Array_Back_TestC1Ev
FN:291,_ZN15Array_Back_TestC2Ev
FN:291,_ZN15Array_Back_TestD0Ev
FN:291,_ZN15Array_Back_TestD1Ev
FN:291,_ZN15Array_Back_TestD2Ev
FN:321,_ZN15Array_Data_Test8TestBodyEv
FN:321,_ZN15Array_Data_TestC1Ev
FN:321,_ZN15Array_Data_TestC2Ev
FN:321,_ZN15Array_Data_TestD0Ev
FN:321,_ZN15Array_Data_TestD1Ev
FN:321,_ZN15Array_Data_TestD2Ev
FN:331,_ZN15Array_Move_Test8TestBodyEv
FN:331,_ZN15Array_Move_TestC1Ev
FN:331,_ZN15Array_Move_TestC2Ev
FN:331,_ZN15Array_Move_TestD0Ev
FN:331,_ZN15Array_Move_TestD1Ev
FN:331,_ZN15Array_Move_TestD2Ev
FN:345,_ZN15Array_Fill_Test8TestBodyEv
FN:345,_ZN15Array_Fill_TestC1Ev
FN:345,_ZN15Array_Fill_TestC2Ev
FN:345,_ZN15Array_Fill_TestD0Ev
FN:345,_ZN15Array_Fill_TestD1Ev
FN:345,_ZN15Array_Fill_TestD2Ev
FN:355,_ZN15Array_Swap_Test8TestBodyEv
FN:355,_ZN15Array_Swap_TestC1Ev
FN:355,_ZN15Array_Swap_TestC2Ev
FN:355,_ZN15Array_Swap_TestD0Ev
FN:355,_ZN15Array_Swap_TestD1Ev
FN:355,_ZN15Array_Swap_TestD2Ev
FN:366,_ZN20Array_Iterators_Test8TestBodyEv
FN:366,_ZN20Array_Iterators_TestC1Ev
FN:366,_ZN20Array_Iterators_TestC2Ev
FN:366,_ZN20Array_Iterators_TestD0Ev
FN:366,_ZN20Array_Iterators_TestD1Ev
FN:366,_ZN20Array_Iterators_TestD2Ev
FN:375,_ZN29Stack_AllFunctionsSimple_Test8TestBodyEv
FN:375,_ZN29Stack_AllFunctionsSimple_TestC1Ev
FN:375,_ZN29Stack_AllFunctionsSimple_TestC2Ev
FN:375,_ZN29Stack_AllFunctionsSimple_TestD0Ev
FN:375,_ZN29Stack_AllFunctionsSimple_TestD1Ev
FN:375,_ZN29Stack_AllFunctionsSimple_TestD2Ev
FN:450,_ZN30Stack_AllFunctionsComplex_Test8TestBodyEv
FN:450,_ZN30Stack_AllFunctionsComplex_TestC1Ev
FN:450,_ZN30Stack_AllFunctionsComplex_TestC2Ev
FN:450,_ZN30Stack_AllFunctionsComplex_TestD0Ev
FN:450,_ZN30Stack_AllFunctionsComplex_TestD1Ev
FN:450,_ZN30Stack_AllFunctionsComplex_TestD2Ev
FN:5,_ZN24VECTOR_Constructors_Test8TestBodyEv
FN:5,_ZN24VECTOR_Constructors_TestC1Ev
FN:5,_ZN24VECTOR_Constructors_TestC2Ev
FN:5,_ZN24VECTOR_Constructors_TestD0Ev
FN:5,_ZN24VECTOR_Constructors_TestD1Ev
FN:5,_ZN24VECTOR_Constructors_TestD2Ev
FN:508,_ZN22LIST_Constructors_Test8TestBodyEv
FN:508,_ZN22LIST_Constructors_TestC1Ev
FN:508,_ZN22LIST_Constructors_TestC2Ev
FN:508,_ZN22LIST_Constructors_TestD0Ev
FN:508,_ZN22LIST_Constructors_TestD1Ev
FN:508,_ZN22LIST_Constructors_TestD2Ev
FN:582,_ZN19LIST_FrontBack_Test8TestBodyEv
FN:582,_ZN19LIST_FrontBack_TestC1Ev
FN:582,_ZN19LIST_FrontBack_TestC2Ev
FN:582,_ZN19LIST_FrontBack_TestD0Ev
FN:582,_ZN19LIST_FrontBack_TestD1Ev
FN:582,_ZN19LIST_FrontBack_TestD2Ev
FN:610,_ZN22LIST_EmptyMaxSize_Test8TestBodyEv
FN:610,_ZN22LIST_EmptyMaxSize_TestC1Ev
FN:610,_ZN22LIST_EmptyMaxSize_TestC2Ev
FN:610,_ZN22LIST_EmptyMaxSize_TestD0Ev
FN:610,_ZN22LIST_EmptyMaxSize_TestD1Ev
FN:610,_ZN22LIST_EmptyMaxSize_TestD2Ev
FN:630,_ZN16LIST_Insert_Test8TestBodyEv
FN:630,_ZN16LIST_Insert_TestC1Ev
FN:630,_ZN16LIST_Insert_TestC2Ev
FN:630,_ZN16LIST_Insert_TestD0Ev
FN:630,_ZN16LIST_Insert_TestD1Ev
FN:630,_ZN16LIST_Insert_TestD2Ev
FN:682,_ZN20LIST_OperatorEq_Test8TestBodyEv
FN:682,_ZN20LIST_OperatorEq_TestC1Ev
FN:682,_ZN20LIST_OperatorEq_TestC2Ev
FN:682,_ZN20LIST_OperatorEq_TestD0Ev
FN:682,_ZN20LIST_OperatorEq_TestD1Ev
FN:682,_ZN20LIST_OperatorEq_TestD2Ev
FN:760,_ZN15LIST_Erase_Test8TestBodyEv
FN:760,_ZN15LIST_Erase_TestC1Ev
FN:760,_ZN15LIST_Erase_TestC2Ev
FN:760,_ZN15LIST_Erase_TestD0Ev
FN:760,_ZN15LIST_Erase_TestD1Ev
FN:760,_ZN15LIST_Erase_TestD2Ev
FN:79,_ZN21VECTOR_FrontBack_Test8TestBodyEv
FN:79,_ZN21VECTOR_FrontBack_TestC1Ev
FN:79,_ZN21VECTOR_FrontBack_TestC2Ev
FN:79,_ZN21VECTOR_FrontBack_TestD0Ev
FN:79,_ZN21VECTOR_FrontBack_TestD1Ev
FN:79,_ZN21VECTOR_FrontBack_TestD2Ev
FN:820,_ZN17LIST_PushPop_Test8TestBodyEv
FN:820,_ZN17LIST_PushPop_TestC1Ev
FN:820,_ZN17LIST_PushPop_TestC2Ev
FN:820,_ZN17LIST_PushPop_TestD0Ev
FN:820,_ZN17LIST_PushPop_TestD1Ev
FN:820,_ZN17LIST_PushPop_TestD2Ev
FN:876,_ZN14LIST_Swap_Test8TestBodyEv
FN:876,_ZN14LIST_Swap_TestC1Ev
FN:876,_ZN14LIST_Swap_TestC2Ev
FN:876,_ZN14LIST_Swap_TestD0Ev
FN:876,_ZN14LIST_Swap_TestD1Ev
FN:876,_ZN14LIST_Swap_TestD2Ev
FN:932,_ZN16LIST_Resize_Test8TestBodyEv
FN:932,_ZN16LIST_Resize_TestC1Ev
FN:932,_ZN16LIST_Resize_TestC2Ev
FN:932,_ZN16LIST_Resize_TestD0Ev
FN:932,_ZN16LIST_Resize_TestD1Ev
FN:932,_ZN16LIST_Resize_TestD2Ev
FN:976,_ZN17LIST_Reverse_Test8TestBodyEv
FN:976,_ZN17LIST_Reverse_TestC1Ev
FN:976,_ZN17LIST_Reverse_TestC2Ev
FN:976,_ZN17LIST_Reverse_TestD0Ev
FN:976,_ZN17LIST_Reverse_TestD1Ev
FN:976,_ZN17LIST_Reverse_TestD2Ev
FNDA:1,__cxx_global_var_init
FNDA:1,__cxx_global_var_init.100
FNDA:1,__cxx_global_var_init.106
FNDA:1,__cxx_global_var_init.113
FNDA:1,__cxx_global_var_init.118
FNDA:1,__cxx_global_var_init.122
FNDA:1,__cxx_global_var_init.132
FNDA:1,__cxx_global_var_init.155
FNDA:1,__cxx_global_var_init.157
FNDA:1,__cxx_global_var_init.159
FNDA:1,__cxx_global_var_init.160
FNDA:1,__cxx_global_var_init.161
FNDA:1,__cxx_global_var_init.164
FNDA:1,__cxx_global_var_init.166
FNDA:1,__cxx_global_var_init.172
FNDA:1,__cxx_global_var_init.176
FNDA:1,__cxx_global_var_init.179
FNDA:1,__cxx_global_var_init.181
FNDA:1,__cxx_global_var_init.183
FNDA:1,__cxx_global_var_init.187
FNDA:1,__cxx_global_var_init.191
FNDA:1,__cxx_global_var_init.193
FNDA:1,__cxx_global_var_init.209
FNDA:1,__cxx_global_var_init.225
FNDA:1,__cxx_global_var_init.23
FNDA:1,__cxx_global_var_init.231
FNDA:1,__cxx_global_var_init.30
FNDA:1,__cxx_global_var_init.38
FNDA:1,__cxx_global_var_init.53
FNDA:1,__cxx_global_var_init.58
FNDA:1,__cxx_global_var_init.62
FNDA:1,__cxx_global_var_init.66
FNDA:1,__cxx_global_var_init.74
FNDA:1,__cxx_global_var_init.80
FNDA:1,__cxx_global_var_init.92
FNDA:1,_ZN16LIST_Remove_Test8TestBodyEv
FNDA:1,_ZN16LIST_Remove_TestC1Ev
FNDA:1,_ZN16LIST_Remove_TestC2Ev
FNDA:1,_ZN16LIST_Remove_TestD0Ev
FNDA:1,_ZN16LIST_Remove_TestD1Ev
FNDA:1,_ZN16LIST_Remove_TestD2Ev
FNDA:1,_ZN16LIST_Unique_Test8TestBodyEv
FNDA:1,_ZN16LIST_Unique_TestC1Ev
FNDA:1,_ZN16LIST_Unique_TestC2Ev
FNDA:1,_ZN16LIST_Unique_TestD0Ev
FNDA:1,_ZN16LIST_Unique_TestD1Ev
FNDA:1,_ZN16LIST_Unique_TestD2Ev
FNDA:1,_ZN22LIST_Splice_First_Test8TestBodyEv
FNDA:1,_ZN22LIST_Splice_First_TestC1Ev
FNDA:1,_ZN22LIST_Splice_First_TestC2Ev
FNDA:1,_ZN22LIST_Splice_First_TestD0Ev
FNDA:1,_ZN22LIST_Splice_First_TestD1Ev
FNDA:1,_ZN22LIST_Splice_First_TestD2Ev
FNDA:1,_ZN24VECTOR_EmptyMaxSize_Test8TestBodyEv
FNDA:1,_ZN24VECTOR_EmptyMaxSize_TestC1Ev
FNDA:1,_ZN24VECTOR_EmptyMaxSize_TestC2Ev
FNDA:1,_ZN24VECTOR_EmptyMaxSize_TestD0Ev
FNDA:1,_ZN24VECTOR_EmptyMaxSize_TestD1Ev
FNDA:1,_ZN24VECTOR_EmptyMaxSize_TestD2Ev
FNDA:1,_ZN23LIST_Splice_Second_Test8TestBodyEv
FNDA:1,_ZN23LIST_Splice_Second_TestC1Ev
FNDA:1,_ZN23LIST_Splice_Second_TestC2Ev
FNDA:1,_ZN23LIST_Splice_Second_TestD0Ev
FNDA:1,_ZN23LIST_Splice_Second_TestD1Ev
FNDA:1,_ZN23LIST_Splice_Second_TestD2Ev
FNDA:1,_ZN22LIST_Splice_Third_Test8TestBodyEv
FNDA:1,_ZN22LIST_Splice_Third_TestC1Ev
FNDA:1,_ZN22LIST_Splice_Third_TestC2Ev
FNDA:1,_ZN22LIST_Splice_Third_TestD0Ev
FNDA:1,_ZN22LIST_Splice_Third_TestD1Ev
FNDA:1,_ZN22LIST_Splice_Third_TestD2Ev
FNDA:1,_ZN15LIST_Merge_Test8TestBodyEv
FNDA:1,_ZN15LIST_Merge_TestC1Ev
FNDA:1,_ZN15LIST_Merge_TestC2Ev
FNDA:1,_ZN15LIST_Merge_TestD0Ev
FNDA:1,_ZN15LIST_Merge_TestD1Ev
FNDA:1,_ZN15LIST_Merge_TestD2Ev
FNDA:1,_ZN14LIST_Sort_Test8TestBodyEv
FNDA:1,_ZN14LIST_Sort_TestC1Ev
FNDA:1,_ZN14LIST_Sort_TestC2Ev
FNDA:1,_ZN14LIST_Sort_TestD0Ev
FNDA:1,_ZN14LIST_Sort_TestD1Ev
FNDA:1,_ZN14LIST_Sort_TestD2Ev
FNDA:1,_ZN18VECTOR_Insert_Test8TestBodyEv
FNDA:1,_ZN18VECTOR_Insert_TestC1Ev
FNDA:1,_ZN18VECTOR_Insert_TestC2Ev
FNDA:1,_ZN18VECTOR_Insert_TestD0Ev
FNDA:1,_ZN18VECTOR_Insert_TestD1Ev
FNDA:1,_ZN18VECTOR_Insert_TestD2Ev
FNDA:1,main
FNDA:1,_ZN15Array_Size_Test8TestBodyEv
FNDA:1,_ZN15Array_Size_TestC1Ev
FNDA:1,_ZN15Array_Size_TestC2Ev
FNDA:1,_ZN15Array_Size_TestD0Ev
FNDA:1,_ZN15Array_Size_TestD1Ev
FNDA:1,_ZN15Array_Size_TestD2Ev
FNDA:1,_ZN16Array_Empty_Test8TestBodyEv
FNDA:1,_ZN16Array_Empty_TestC1Ev
FNDA:1,_ZN16Array_Empty_TestC2Ev
FNDA:1,_ZN16Array_Empty_TestD0Ev
FNDA:1,_ZN16Array_Empty_TestD1Ev
FNDA:1,_ZN16Array_Empty_TestD2Ev
FNDA:1,_ZN18Array_MaxSize_Test8TestBodyEv
FNDA:1,_ZN18Array_MaxSize_TestC1Ev
FNDA:1,_ZN18Array_MaxSize_TestC2Ev
FNDA:1,_ZN18Array_MaxSize_TestD0Ev
FNDA:1,_ZN18Array_MaxSize_TestD1Ev
FNDA:1,_ZN18Array_MaxSize_TestD2Ev
FNDA:1,_ZN16Array_Front_Test8TestBodyEv
FNDA:1,_ZN16Array_Front_TestC1Ev
FNDA:1,_ZN16Array_Front_TestC2Ev
FNDA:1,_ZN16Array_Front_TestD0Ev
FNDA:1,_ZN16Array_Front_TestD1Ev
FNDA:1,_ZN16Array_Front_TestD2Ev
FNDA:1,_ZN27Array_OperatorBrackets_Test8TestBodyEv
FNDA:1,_ZN27Array_OperatorBrackets_TestC1Ev
FNDA:1,_ZN27Array_OperatorBrackets_TestC2Ev
FNDA:1,_ZN27Array_OperatorBrackets_TestD0Ev
FNDA:1,_ZN27Array_OperatorBrackets_TestD1Ev
FNDA:1,_ZN27Array_OperatorBrackets_TestD2Ev
FNDA:1,_ZN13Array_At_Test8TestBodyEv
FNDA:1,_ZN13Array_At_TestC1Ev
FNDA:1,_ZN13Array_At_TestC2Ev
FNDA:1,_ZN13Array_At_TestD0Ev
FNDA:1,_ZN13Array_At_TestD1Ev
FNDA:1,_ZN13Array_At_TestD2Ev
FNDA:1,_ZN15Array_Back_Test8TestBodyEv
FNDA:1,_ZN15Array_Back_TestC1Ev
FNDA:1,_ZN15Array_Back_TestC2Ev
FNDA:1,_ZN15Array_Back_TestD0Ev
FNDA:1,_ZN15Array_Back_TestD1Ev
FNDA:1,_ZN15Array_Back_TestD2Ev
FNDA:1,_ZN15Array_Data_Test8TestBodyEv
FNDA:1,_ZN15Array_Data_TestC1Ev
FNDA:1,_ZN15Array_Data_TestC2Ev
FNDA:1,_ZN15Array_Data_TestD0Ev
FNDA:1,_ZN15Array_Data_TestD1Ev
FNDA:1,_ZN15Array_Data_TestD2Ev
FNDA:1,_ZN15Array_Move_Test8TestBodyEv
FNDA:1,_ZN15Array_Move_TestC1Ev
FNDA:1,_ZN15Array_Move_TestC2Ev
FNDA:1,_ZN15Array_Move_TestD0Ev
FNDA:1,_ZN15Array_Move_TestD1Ev
FNDA:1,_ZN15Array_Move_TestD2Ev
FNDA:1,_ZN15Array_Fill_Test8TestBodyEv
FNDA:1,_ZN15Array_Fill_TestC1Ev
FNDA:1,_ZN15Array_Fill_TestC2Ev
FNDA:1,_ZN15Array_Fill_TestD0Ev
FNDA:1,_ZN15Array_Fill_TestD1Ev
FNDA:1,_ZN15Array_Fill_TestD2Ev
FNDA:1,_ZN15Array_Swap_Test8TestBodyEv
FNDA:1,_ZN15Array_Swap_TestC1Ev
FNDA:1,_ZN15Array_Swap_TestC2Ev
FNDA:1,_ZN15Array_Swap_TestD0Ev
FNDA:1,_ZN15Array_Swap_TestD1Ev
FNDA:1,_ZN15Array_Swap_TestD2Ev
FNDA:1,_ZN20Array_Iterators_Test8TestBodyEv
FNDA:1,_ZN20Array_Iterators_TestC1Ev
FNDA:1,_ZN20Array_Iterators_TestC2Ev
FNDA:1,_ZN20Array_Iterators_TestD0Ev
FNDA:1,_ZN20Array_Iterators_TestD1Ev
FNDA:1,_ZN20Array_Iterators_TestD2Ev
FNDA:1,_ZN29Stack_AllFunctionsSimple_Test8TestBodyEv
FNDA:1,_ZN29Stack_AllFunctionsSimple_TestC1Ev
FNDA:1,_ZN29Stack_AllFunctionsSimple_TestC2Ev
FNDA:1,_ZN29Stack_AllFunctionsSimple_TestD0Ev
FNDA:1,_ZN29Stack_AllFunctionsSimple_TestD1Ev
FNDA:1,_ZN29Stack_AllFunctionsSimple_TestD2Ev
FNDA:1,_ZN30Stack_AllFunctionsComplex_Test8TestBodyEv
FNDA:1,_ZN30Stack_AllFunctionsComplex_TestC1Ev
FNDA:1,_ZN30Stack_AllFunctionsComplex_TestC2Ev
FNDA:1,_ZN30Stack_AllFunctionsComplex_TestD0Ev
FNDA:1,_ZN30Stack_AllFunctionsComplex_TestD1Ev
FNDA:1,_ZN30Stack_AllFunctionsComplex_TestD2Ev
FNDA:1,_ZN24VECTOR_Constructors_Test8TestBodyEv
FNDA:1,_ZN24VECTOR_Constructors_TestC1Ev
FNDA:1,_ZN24VECTOR_Constructors_TestC2Ev
FNDA:1,_ZN24VECTOR_Constructors_TestD0Ev
FNDA:1,_ZN24VECTOR_Constructors_TestD1Ev
FNDA:1,_ZN24VECTOR_Constructors_TestD2Ev
FNDA:1,_ZN22LIST_Constructors_Test8TestBodyEv
FNDA:1,_ZN22LIST_Constructors_TestC1Ev
FNDA:1,_ZN22LIST_Constructors_TestC2Ev
FNDA:1,_ZN22LIST_Constructors_TestD0Ev
FNDA:1,_ZN22LIST_Constructors_TestD1Ev
FNDA:1,_ZN22LIST_Constructors_TestD2Ev
FNDA:1,_ZN19LIST_FrontBack_Test8TestBodyEv
FNDA:1,_ZN19LIST_FrontBack_TestC1Ev
FNDA:1,_ZN19LIST_FrontBack_TestC2Ev
FNDA:1,_ZN19LIST_FrontBack_TestD0Ev
FNDA:1,_ZN19LIST_FrontBack_TestD1Ev
FNDA:1,_ZN19LIST_FrontBack_TestD2Ev
FNDA:1,_ZN22LIST_EmptyMaxSize_Test8TestBodyEv
FNDA:1,_ZN22LIST_EmptyMaxSize_TestC1Ev
FNDA:1,_ZN22LIST_EmptyMaxSize_TestC2Ev
FNDA:1,_ZN22LIST_EmptyMaxSize_TestD0Ev
FNDA:1,_ZN22LIST_EmptyMaxSize_TestD1Ev
FNDA:1,_ZN22LIST_EmptyMaxSize_TestD2Ev
FNDA:1,_ZN16LIST_Insert_Test8TestBodyEv
FNDA:1,_ZN16LIST_Insert_TestC1Ev
FNDA:1,_ZN16LIST_Insert_TestC2Ev
FNDA:1,_ZN16LIST_Insert_TestD0Ev
FNDA:1,_ZN16LIST_Insert_TestD1Ev
FNDA:1,_ZN16LIST_Insert_TestD2Ev
FNDA:1,_ZN20LIST_OperatorEq_Test8TestBodyEv
FNDA:1,_ZN20LIST_OperatorEq_TestC1Ev
FNDA:1,_ZN20LIST_OperatorEq_TestC2Ev
FNDA:1,_ZN20LIST_OperatorEq_TestD0Ev
FNDA:1,_ZN20LIST_OperatorEq_TestD1Ev
FNDA:1,_ZN20LIST_OperatorEq_TestD2Ev
FNDA:1,_ZN15LIST_Erase_Test8TestBodyEv
FNDA:1,_ZN15LIST_Erase_TestC1Ev
FNDA:1,_ZN15LIST_Erase_TestC2Ev
FNDA:1,_ZN15LIST_Erase_TestD0Ev
FNDA:1,_ZN15LIST_Erase_TestD1Ev
FNDA:1,_ZN15LIST_Erase_TestD2Ev
FNDA:1,_ZN21VECTOR_FrontBack_Test8TestBodyEv
FNDA:1,_ZN21VECTOR_FrontBack_TestC1Ev
FNDA:1,_ZN21VECTOR_FrontBack_TestC2Ev
FNDA:1,_ZN21VECTOR_FrontBack_TestD0Ev
FNDA:1,_ZN21VECTOR_FrontBack_TestD1Ev
FNDA:1,_ZN21VECTOR_FrontBack_TestD2Ev
FNDA:1,_ZN17LIST_PushPop_Test8TestBodyEv
FNDA:1,_ZN17LIST_PushPop_TestC1Ev
FNDA:1,_ZN17LIST_PushPop_TestC2Ev
FNDA:1,_ZN17LIST_PushPop_TestD0Ev
FNDA:1,_ZN17LIST_PushPop_TestD1Ev
FNDA:1,_ZN17LIST_PushPop_TestD2Ev
FNDA:1,_ZN14LIST_Swap_Test8TestBodyEv
FNDA:1,_ZN14LIST_Swap_TestC1Ev
FNDA:1,_ZN14LIST_Swap_TestC2Ev
FNDA:1,_ZN14LIST_Swap_TestD0Ev
FNDA:1,_ZN14LIST_Swap_TestD1Ev
FNDA:1,_ZN14LIST_Swap_TestD2Ev
FNDA:1,_ZN16LIST_Resize_Test8TestBodyEv
FNDA:1,_ZN16LIST_Resize_TestC1Ev
FNDA:1,_ZN16LIST_Resize_TestC2Ev
FNDA:1,_ZN16LIST_Resize_TestD0Ev
FNDA:1,_ZN16LIST_Resize_TestD1Ev
FNDA:1,_ZN16LIST_Resize_TestD2Ev
FNDA:1,_ZN17LIST_Reverse_Test8TestBodyEv
FNDA:1,_ZN17LIST_Reverse_TestC1Ev
FNDA:1,_ZN17LIST_Reverse_TestC2Ev
FNDA:1,_ZN17LIST_Reverse_TestD0Ev
FNDA:1,_ZN17LIST_Reverse_TestD1Ev
FNDA:1,_ZN17LIST_Reverse_TestD2Ev
FNF:246
FNH:246
DA:5,7
DA:6,1
DA:7,1
DA:8,1
DA:10,1
DA:11,1
DA:12,1
DA:14,1
DA:15,1
DA:16,1
DA:18,1
DA:19,1
DA:20,1
DA:22,1
DA:23,1
DA:24,1
DA:26,1
DA:27,1
DA:28,1
DA:29,1
DA:31,1
DA:32,1
DA:33,1
DA:34,1
DA:35,1
DA:36,1
DA:38,1
DA:39,1
DA:40,1
DA:42,1
DA:43,1
DA:44,1
DA:46,1
DA:47,1
DA:48,1
DA:50,1
DA:51,1
DA:52,1
DA:54,1
DA:55,1
DA:56,1
DA:58,1
DA:59,1
DA:60,1
DA:62,1
DA:63,1
DA:64,1
DA:65,1
DA:67,1
DA:68,1
DA:69,1
DA:70,1
DA:71,1
DA:72,1
DA:74,1
DA:75,1
DA:76,1
DA:77,1
DA:79,7
DA:80,1
DA:81,1
DA:82,1
DA:83,1
DA:85,1
DA:86,1
DA:87,1
DA:88,1
DA:89,1
DA:90,1
DA:91,1
DA:93,1
DA:94,1
DA:95,1
DA:96,1
DA:97,1
DA:98,1
DA:100,1
DA:101,1
DA:102,1
DA:103,1
DA:104,1
DA:105,1
DA:106,1
DA:108,1
DA:110,7
DA:111,1
DA:112,1
DA:113,1
DA:114,1
DA:116,1
DA:117,1
DA:118,1
DA:120,1
DA:121,1
DA:122,1
DA:123,1
DA:125,1
DA:126,1
DA:127,1
DA:128,1
DA:130,7
DA:131,1
DA:132,1
DA:133,1
DA:134,1
DA:135,1
DA:136,1
DA:137,1
DA:138,1
DA:139,1
DA:140,1
DA:141,3
DA:142,2
DA:143,2
DA:144,2
DA:145,1
DA:146,1
DA:147,1
DA:148,1
DA:149,1
DA:150,1
DA:151,1
DA:152,1
DA:153,1
DA:154,1
DA:155,1
DA:156,1
DA:157,1
DA:158,1
DA:159,1
DA:160,1
DA:161,1
DA:163,1
DA:164,1
DA:165,1
DA:166,1
DA:167,1
DA:168,1
DA:169,1
DA:170,1
DA:171,1
DA:172,1
DA:173,1
DA:174,3
DA:175,2
DA:176,2
DA:177,2
DA:178,1
DA:179,1
DA:180,1
DA:181,1
DA:182,1
DA:183,1
DA:184,1
DA:185,1
DA:186,1
DA:188,1
DA:189,1
DA:190,1
DA:191,1
DA:192,1
DA:193,1
DA:194,1
DA:195,1
DA:197,1
DA:198,1
DA:199,1
DA:200,1
DA:201,1
DA:202,1
DA:203,1
DA:204,1
DA:205,1
DA:207,7
DA:208,1
DA:210,1
DA:212,1
DA:213,1
DA:215,7
DA:216,1
DA:217,1
DA:219,1
DA:221,1
DA:222,1
DA:224,7
DA:225,1
DA:228,1
DA:229,1
DA:231,7
DA:232,1
DA:233,1
DA:235,1
DA:237,1
DA:238,1
DA:239,1
DA:240,1
DA:242,1
DA:244,1
DA:245,1
DA:247,1
DA:248,1
DA:250,1
DA:251,1
DA:253,1
DA:255,1
DA:256,1
DA:258,1
DA:259,1
DA:261,7
DA:262,1
DA:263,1
DA:264,1
DA:265,1
DA:266,1
DA:268,1
DA:269,1
DA:270,1
DA:271,1
DA:272,1
DA:273,1
DA:275,7
DA:276,1
DA:277,1
DA:278,1
DA:279,1
DA:280,1
DA:281,2
DA:283,1
DA:284,1
DA:285,1
DA:286,1
DA:287,1
DA:288,2
DA:289,3
DA:291,7
DA:292,1
DA:293,1
DA:295,1
DA:297,1
DA:298,1
DA:299,1
DA:300,1
DA:302,1
DA:304,1
DA:305,1
DA:307,1
DA:308,1
DA:310,1
DA:311,1
DA:313,1
DA:315,1
DA:316,1
DA:318,1
DA:319,1
DA:321,7
DA:322,1
DA:323,1
DA:324,1
DA:326,1
DA:327,1
DA:328,1
DA:329,1
DA:331,7
DA:332,1
DA:333,1
DA:334,1
DA:335,1
DA:337,1
DA:338,1
DA:339,1
DA:340,1
DA:341,1
DA:342,1
DA:343,1
DA:345,7
DA:346,1
DA:347,1
DA:348,1
DA:349,1
DA:350,1
DA:351,1
DA:352,1
DA:353,1
DA:355,7
DA:356,1
DA:357,1
DA:358,1
DA:359,1
DA:360,1
DA:361,1
DA:362,1
DA:363,1
DA:364,1
DA:366,7
DA:367,1
DA:368,1
DA:369,1
DA:370,1
DA:371,1
DA:372,1
DA:373,1
DA:375,7
DA:376,1
DA:377,1
DA:379,101
DA:380,100
DA:381,100
DA:382,100
DA:383,100
DA:384,100
DA:385,100
DA:386,100
DA:387,100
DA:389,1
DA:390,1
DA:391,1
DA:393,101
DA:394,100
DA:395,100
DA:396,100
DA:397,100
DA:398,100
DA:399,100
DA:401,1
DA:402,1
DA:404,101
DA:405,100
DA:406,100
DA:407,100
DA:409,1
DA:410,1
DA:412,1
DA:413,1
DA:414,1
DA:416,1
DA:417,1
DA:419,1
DA:420,1
DA:421,1
DA:423,1
DA:424,1
DA:426,1
DA:427,1
DA:428,1
DA:430,1
DA:431,1
DA:433,1
DA:434,1
DA:435,1
DA:437,1
DA:438,1
DA:440,1
DA:441,1
DA:442,1
DA:444,1
DA:445,1
DA:447,1
DA:448,1
DA:450,7
DA:451,1
DA:452,1
DA:454,101
DA:455,100
DA:456,100
DA:457,100
DA:458,100
DA:459,100
DA:461,101
DA:462,100
DA:463,100
DA:464,100
DA:465,100
DA:466,100
DA:468,1
DA:469,1
DA:471,101
DA:472,100
DA:473,100
DA:474,100
DA:476,1
DA:477,1
DA:479,1
DA:480,1
DA:482,1
DA:483,1
DA:485,1
DA:486,1
DA:488,1
DA:489,1
DA:491,1
DA:492,1
DA:495,1
DA:496,1
DA:498,1
DA:499,1
DA:501,1
DA:502,1
DA:504,1
DA:505,1
DA:506,1
DA:508,7
DA:509,1
DA:510,1
DA:511,1
DA:513,1
DA:514,1
DA:515,1
DA:517,1
DA:518,1
DA:519,1
DA:521,1
DA:522,1
DA:523,1
DA:525,1
DA:526,1
DA:527,1
DA:529,1
DA:530,1
DA:531,1
DA:532,1
DA:534,1
DA:535,1
DA:536,1
DA:537,1
DA:538,1
DA:539,1
DA:541,1
DA:542,1
DA:543,1
DA:545,1
DA:546,1
DA:547,1
DA:549,1
DA:550,1
DA:551,1
DA:553,1
DA:554,1
DA:555,1
DA:557,1
DA:558,1
DA:559,1
DA:561,1
DA:562,1
DA:563,1
DA:565,1
DA:566,1
DA:567,1
DA:568,1
DA:570,1
DA:571,1
DA:572,1
DA:573,1
DA:574,1
DA:575,1
DA:577,1
DA:578,1
DA:579,1
DA:580,1
DA:582,7
DA:583,1
DA:584,1
DA:585,1
DA:586,1
DA:588,1
DA:589,1
DA:590,1
DA:591,1
DA:592,1
DA:593,1
DA:594,1
DA:596,1
DA:597,1
DA:598,1
DA:599,1
DA:601,1
DA:602,1
DA:603,1
DA:604,1
DA:605,1
DA:606,1
DA:607,1
DA:608,1
DA:610,7
DA:611,1
DA:612,1
DA:613,1
DA:614,1
DA:616,1
DA:617,1
DA:618,1
DA:620,1
DA:621,1
DA:622,1
DA:623,1
DA:625,1
DA:626,1
DA:627,1
DA:628,1
DA:630,7
DA:631,1
DA:632,1
DA:633,1
DA:634,1
DA:635,1
DA:636,1
DA:637,1
DA:638,3
DA:639,2
DA:640,2
DA:641,2
DA:642,1
DA:643,1
DA:644,1
DA:645,1
DA:646,1
DA:647,1
DA:648,1
DA:649,1
DA:650,1
DA:651,1
DA:652,1
DA:653,1
DA:654,1
DA:655,1
DA:656,1
DA:658,1
DA:659,1
DA:660,1
DA:661,1
DA:662,1
DA:663,1
DA:664,1
DA:665,1
DA:666,1
DA:667,3
DA:668,2
DA:669,2
DA:670,2
DA:671,1
DA:672,1
DA:673,1
DA:674,1
DA:675,1
DA:676,1
DA:677,1
DA:678,1
DA:679,1
DA:680,1
DA:682,7
DA:683,1
DA:684,1
DA:685,1
DA:686,1
DA:687,1
DA:688,1
DA:689,1
DA:691,1
DA:692,1
DA:693,1
DA:694,1
DA:695,1
DA:696,1
DA:697,1
DA:698,1
DA:700,1
DA:701,1
DA:702,1
DA:703,1
DA:704,1
DA:705,1
DA:706,1
DA:708,1
DA:709,1
DA:710,1
DA:711,1
DA:712,1
DA:713,1
DA:714,1
DA:715,1
DA:717,1
DA:718,1
DA:719,1
DA:720,1
DA:721,1
DA:722,1
DA:723,1
DA:725,1
DA:726,1
DA:727,1
DA:728,1
DA:729,1
DA:730,1
DA:731,1
DA:732,1
DA:734,1
DA:735,1
DA:736,1
DA:737,1
DA:738,1
DA:739,1
DA:740,1
DA:742,1
DA:743,1
DA:744,1
DA:745,1
DA:746,1
DA:747,1
DA:748,1
DA:749,1
DA:751,1
DA:752,1
DA:753,1
DA:754,1
DA:755,1
DA:756,1
DA:757,1
DA:758,1
DA:760,7
DA:761,1
DA:762,1
DA:763,1
DA:764,1
DA:765,1
DA:766,1
DA:767,1
DA:768,3
DA:769,2
DA:770,2
DA:771,2
DA:772,1
DA:773,1
DA:774,1
DA:775,1
DA:776,1
DA:777,1
DA:778,1
DA:779,1
DA:780,1
DA:782,1
DA:783,1
DA:784,1
DA:785,1
DA:786,1
DA:787,1
DA:788,1
DA:789,1
DA:790,1
DA:791,3
DA:792,2
DA:793,2
DA:794,2
DA:795,1
DA:796,1
DA:797,1
DA:798,1
DA:799,1
DA:800,1
DA:802,1
DA:803,1
DA:804,1
DA:805,1
DA:806,1
DA:807,1
DA:808,6
DA:809,5
DA:810,5
DA:811,5
DA:812,5
DA:813,5
DA:814,1
DA:815,1
DA:816,1
DA:817,1
DA:818,1
DA:820,7
DA:821,1
DA:822,1
DA:823,1
DA:824,1
DA:825,1
DA:826,1
DA:827,1
DA:828,1
DA:829,1
DA:830,1
DA:831,1
DA:832,1
DA:833,1
DA:834,1
DA:835,1
DA:836,1
DA:837,1
DA:838,1
DA:839,4
DA:840,3
DA:841,3
DA:842,3
DA:843,3
DA:844,3
DA:845,1
DA:847,1
DA:848,1
DA:849,1
DA:850,1
DA:851,1
DA:852,1
DA:853,1
DA:854,1
DA:855,1
DA:856,1
DA:857,1
DA:858,1
DA:859,1
DA:860,1
DA:861,1
DA:862,1
DA:863,1
DA:864,1
DA:865,1
DA:866,1
DA:867,4
DA:868,3
DA:869,3
DA:870,3
DA:871,3
DA:872,3
DA:873,1
DA:874,1
DA:876,7
DA:877,1
DA:878,1
DA:879,1
DA:880,1
DA:881,1
DA:882,1
DA:883,1
DA:884,1
DA:886,1
DA:887,1
DA:888,1
DA:889,1
DA:890,1
DA:891,1
DA:892,1
DA:893,1
DA:895,1
DA:896,1
DA:897,1
DA:898,1
DA:899,1
DA:900,1
DA:901,1
DA:902,1
DA:904,1
DA:905,1
DA:906,1
DA:907,1
DA:908,1
DA:909,1
DA:910,1
DA:911,1
DA:913,1
DA:914,1
DA:915,1
DA:916,1
DA:917,1
DA:918,1
DA:919,1
DA:920,1
DA:922,1
DA:923,1
DA:924,1
DA:925,1
DA:926,1
DA:927,1
DA:928,1
DA:929,1
DA:930,1
DA:932,7
DA:933,1
DA:934,1
DA:935,1
DA:936,1
DA:937,1
DA:938,1
DA:939,1
DA:940,1
DA:941,1
DA:942,1
DA:943,1
DA:944,1
DA:945,1
DA:946,1
DA:947,1
DA:948,1
DA:949,1
DA:950,1
DA:951,1
DA:952,1
DA:954,1
DA:955,1
DA:956,1
DA:957,1
DA:958,1
DA:959,1
DA:960,1
DA:961,1
DA:962,1
DA:963,1
DA:964,1
DA:965,1
DA:966,1
DA:967,1
DA:968,1
DA:969,1
DA:970,1
DA:971,1
DA:972,1
DA:973,1
DA:974,1
DA:976,7
DA:977,1
DA:978,1
DA:979,1
DA:980,1
DA:981,1
DA:982,1
DA:983,1
DA:984,1
DA:985,1
DA:986,1
DA:987,1
DA:988,1
DA:989,1
DA:990,1
DA:991,1
DA:993,1
DA:994,1
DA:995,1
DA:996,1
DA:997,1
DA:998,1
DA:999,1
DA:1000,1
DA:1001,1
DA:1002,1
DA:1003,1
DA:1004,1
DA:1005,1
DA:1006,1
DA:1007,1
DA:1008,1
DA:1010,7
DA:1011,1
DA:1012,1
DA:1013,1
DA:1014,1
DA:1015,1
DA:1016,1
DA:1017,1
DA:1018,1
DA:1019,1
DA:1020,1
DA:1021,1
DA:1022,1
DA:1023,1
DA:1024,1
DA:1025,1
DA:1026,1
DA:1027,1
DA:1028,1
DA:1030,1
DA:1031,1
DA:1032,1
DA:1033,1
DA:1034,1
DA:1035,1
DA:1036,1
DA:1037,1
DA:1038,1
DA:1039,1
DA:1040,1
DA:1041,1
DA:1042,1
DA:1043,1
DA:1044,1
DA:1045,1
DA:1046,1
DA:1047,1
DA:1048,1
DA:1050,7
DA:1051,1
DA:1052,1
DA:1053,1
DA:1054,1
DA:1055,1
DA:1056,1
DA:1057,1
DA:1058,1
DA:1059,1
DA:1060,1
DA:1061,1
DA:1062,1
DA:1063,1
DA:1064,1
DA:1065,1
DA:1067,1
DA:1068,1
DA:1069,1
DA:1070,1
DA:1071,1
DA:1072,1
DA:1073,1
DA:1074,1
DA:1075,1
DA:1076,1
DA:1077,1
DA:1078,1
DA:1079,1
DA:1080,1
DA:1081,1
DA:1082,1
DA:1084,7
DA:1085,1
DA:1086,1
DA:1087,1
DA:1088,1
DA:1089,1
DA:1090,1
DA:1091,1
DA:1092,1
DA:1094,1
DA:1095,1
DA:1096,1
DA:1097,1
DA:1098,1
DA:1099,1
DA:1101,1
DA:1102,1
DA:1103,1
DA:1104,1
DA:1105,1
DA:1106,1
DA:1108,1
DA:1109,1
DA:1110,1
DA:1111,1
DA:1112,1
DA:1113,1
DA:1115,1
DA:1116,1
DA:1117,1
DA:1118,1
DA:1119,1
DA:1120,1
DA:1121,1
DA:1123,7
DA:1124,1
DA:1125,1
DA:1126,1
DA:1127,1
DA:1128,6
DA:1129,5
DA:1130,5
DA:1131,5
DA:1132,1
DA:1133,1
DA:1134,1
DA:1136,1
DA:1137,1
DA:1138,1
DA:1139,1
DA:1140,1
DA:1141,1
DA:1142,1
DA:1144,1
DA:1145,1
DA:1146,1
DA:1147,1
DA:1148,6
DA:1149,5
DA:1150,5
DA:1151,5
DA:1152,1
DA:1153,1
DA:1154,1
DA:1156,1
DA:1157,1
DA:1158,1
DA:1159,1
DA:1160,1
DA:1161,1
DA:1162,6
DA:1163,5
DA:1164,5
DA:1165,5
DA:1166,1
DA:1167,1
DA:1168,1
DA:1169,1
DA:1171,1
DA:1172,1
DA:1173,1
DA:1174,1
DA:1175,1
DA:1176,1
DA:1177,1
DA:1178,1
DA:1179,1
DA:1180,1
DA:1181,1
DA:1183,7
DA:1184,1
DA:1185,1
DA:1186,1
DA:1187,1
DA:1188,1
DA:1189,1
DA:1190,6
DA:1191,5
DA:1192,5
DA:1194,5
DA:1195,2
DA:1196,2
DA:1197,2
DA:1198,5
DA:1199,1
DA:1200,1
DA:1201,1
DA:1203,1
DA:1204,1
DA:1205,1
DA:1206,1
DA:1207,1
DA:1208,1
DA:1209,1
DA:1210,1
DA:1211,1
DA:1213,1
DA:1214,1
DA:1215,1
DA:1216,1
DA:1217,1
DA:1218,1
DA:1219,6
DA:1220,5
DA:1221,5
DA:1223,5
DA:1224,2
DA:1225,2
DA:1226,2
DA:1227,5
DA:1228,1
DA:1229,1
DA:1230,1
DA:1232,1
DA:1233,1
DA:1234,1
DA:1235,1
DA:1236,1
DA:1237,1
DA:1238,1
DA:1239,1
DA:1240,6
DA:1241,5
DA:1242,5
DA:1244,5
DA:1245,2
DA:1246,2
DA:1247,2
DA:1248,5
DA:1249,1
DA:1250,1
DA:1251,1
DA:1252,1
DA:1254,1
DA:1255,1
DA:1256,1
DA:1257,1
DA:1258,1
DA:1259,1
DA:1260,1
DA:1261,1
DA:1262,1
DA:1263,1
DA:1264,1
DA:1265,1
DA:1266,1
DA:1268,7
DA:1269,1
DA:1270,1
DA:1271,1
DA:1272,1
DA:1273,1
DA:1274,1
DA:1275,1
DA:1276,1
DA:1278,1
DA:1279,1
DA:1280,1
DA:1281,1
DA:1282,1
DA:1283,1
DA:1285,1
DA:1286,1
DA:1287,1
DA:1288,1
DA:1289,1
DA:1290,1
DA:1291,1
DA:1292,1
DA:1293,1
DA:1295,7
DA:1296,1
DA:1297,1
DA:1298,1
DA:1299,1
DA:1300,1
DA:1302,1
DA:1303,1
DA:1304,1
DA:1305,1
DA:1306,1
DA:1308,1
DA:1309,1
DA:1310,1
DA:1311,1
DA:1312,1
DA:1314,1
DA:1315,1
DA:1316,1
DA:1317,1
DA:1318,1
DA:1319,1
DA:1321,1
DA:1322,1
DA:1323,1
LF:1137
LH:1137
end_of_record
TN:
SF:/Users/nikita/Projects/GitHub/s21_Containers/src/test/test.h
FN:29,50,_ZeqIN3s214listIiEENSt3__14listIiNS3_9allocatorIiEEEEEbRKNS1_IT_EERKNS4_IT0_NS5_ISC_EEEE
FN:29,50,_ZeqIiiEbRKN3s214listIT_EERKNSt3__14listIT0_NS6_9allocatorIS8_EEEE
FN:54,55,_ZneIiiEbRKN3s214listIT_EERKNSt3__14listIT0_NS6_9allocatorIS8_EEEE
FN:59,86,_ZeqIN3s216vectorIiEENSt3__16vectorIiNS3_9allocatorIiEEEEEbRKNS1_IT_EERKNS4_IT0_NS5_ISC_EEEE
FN:59,86,_ZeqIiiEbRKN3s216vectorIT_EERKNSt3__16vectorIT0_NS6_9allocatorIS8_EEEE
FN:89,90,_ZneIiiEbRKN3s216vectorIT_EERKNSt3__16vectorIT0_NS6_9allocatorIS8_EEEE
FNDA:38,_ZeqIN3s214listIiEENSt3__14listIiNS3_9allocatorIiEEEEEbRKNS1_IT_EERKNS4_IT0_NS5_ISC_EEEE
FNDA:214,_ZeqIiiEbRKN3s214listIT_EERKNSt3__14listIT0_NS6_9allocatorIS8_EEEE
FNDA:117,_ZneIiiEbRKN3s214listIT_EERKNSt3__14listIT0_NS6_9allocatorIS8_EEEE
FNDA:12,_ZeqIN3s216vectorIiEENSt3__16vectorIiNS3_9allocatorIiEEEEEbRKNS1_IT_EERKNS4_IT0_NS5_ISC_EEEE
FNDA:42,_ZeqIiiEbRKN3s216vectorIT_EERKNSt3__16vectorIT0_NS6_9allocatorIS8_EEEE
FNDA:21,_ZneIiiEbRKN3s216vectorIT_EERKNSt3__16vectorIT0_NS6_9allocatorIS8_EEEE
FNF:6
FNH:6
DA:29,252
DA:30,252
DA:32,252
DA:33,252
DA:34,252
DA:35,252
DA:37,910
DA:38,658
DA:39,0
DA:40,0
DA:42,658
DA:43,658
DA:46,252
DA:47,0
DA:48,0
DA:50,252
DA:54,117
DA:55,117
DA:59,54
DA:60,54
DA:62,54
DA:63,54
DA:64,54
DA:65,54
DA:67,203
DA:68,149
DA:69,0
DA:70,0
DA:72,149
DA:73,149
DA:76,54
DA:77,0
DA:78,0
DA:80,54
DA:81,54
DA:82,0
DA:83,0
DA:85,54
DA:86,54
DA:89,21
DA:90,21
LF:41
LH:31
end_of_record
TN:
SF:/Users/nikita/Projects/GitHub/s21_Containers/src/vector/s21_vector.tpp
FN:102,_ZN3s216vectorINS0_IiEEEaSEOS2_
FN:102,_ZN3s216vectorIiEaSEOS1_
FN:12,_ZN3s216vectorINS0_IiEEEC1ESt16initializer_listIS1_E
FN:12,_ZN3s216vectorINS0_IiEEEC2ESt16initializer_listIS1_E
FN:12,_ZN3s216vectorIiEC1ESt16initializer_listIiE
FN:12,_ZN3s216vectorIiEC2ESt16initializer_listIiE
FN:123,_ZN3s216vectorIiEaSESt16initializer_listIiE
FN:183,_ZN3s216vectorINS0_IiEEE5frontEv
FN:183,_ZN3s216vectorIiE5frontEv
FN:191,_ZNK3s216vectorINS0_IiEEE5frontEv
FN:191,_ZNK3s216vectorIiE5frontEv
FN:199,_ZN3s216vectorINS0_IiEEE4backEv
FN:199,_ZN3s216vectorIiE4backEv
FN:207,_ZNK3s216vectorINS0_IiEEE4backEv
FN:207,_ZNK3s216vectorIiE4backEv
FN:225,_ZNK3s216vectorINS0_IiEEE5emptyEv
FN:225,_ZNK3s216vectorIiE5emptyEv
FN:230,_ZNK3s216vectorINS0_IiEEE4sizeEv
FN:230,_ZNK3s216vectorIiE4sizeEv
FN:235,_ZNK3s216vectorINS0_IiEEE8max_sizeEv
FN:235,_ZNK3s216vectorIiE8max_sizeEv
FN:260,_ZNK3s216vectorINS0_IiEEE8capacityEv
FN:260,_ZNK3s216vectorIiE8capacityEv
FN:281,_ZN3s216vectorINS0_IiEEE6insertENS_21ConstSequenceIteratorIS1_EERKS1_
FN:281,_ZN3s216vectorIiE6insertENS_21ConstSequenceIteratorIiEERKi
FN:287,_ZN3s216vectorINS0_IiEEE6insertENS_21ConstSequenceIteratorIS1_EEOS1_
FN:287,_ZN3s216vectorIiE6insertENS_21ConstSequenceIteratorIiEEOi
FN:339,_ZN3s216vectorINS0_IiEEE6insertENS_21ConstSequenceIteratorIS1_EEmRKS1_
FN:339,_ZN3s216vectorIiE6insertENS_21ConstSequenceIteratorIiEEmRKi
FN:34,_ZN3s216vectorINS0_IiEEEC1ERKS2_
FN:34,_ZN3s216vectorINS0_IiEEEC2ERKS2_
FN:34,_ZN3s216vectorIiEC1ERKS1_
FN:34,_ZN3s216vectorIiEC2ERKS1_
FN:464,_ZN3s216vectorIiE9push_backERKi
FN:497,_ZN3s216vectorINS0_IiEEE9push_backEOS1_
FN:497,_ZN3s216vectorIiE9push_backEOi
FN:521,_ZN3s216vectorINS0_IiEEE5clearEv
FN:521,_ZN3s216vectorIiE5clearEv
FN:529,_ZN3s216vectorINS0_IiEEE8pop_backEv
FN:529,_ZN3s216vectorIiE8pop_backEv
FN:55,_ZN3s216vectorINS0_IiEEEC1EOS2_
FN:55,_ZN3s216vectorINS0_IiEEEC2EOS2_
FN:55,_ZN3s216vectorIiEC1EOS1_
FN:55,_ZN3s216vectorIiEC2EOS1_
FN:63,_ZN3s216vectorINS0_IiEEED1Ev
FN:63,_ZN3s216vectorINS0_IiEEED2Ev
FN:63,_ZN3s216vectorIiED1Ev
FN:63,_ZN3s216vectorIiED2Ev
FN:655,_ZN3s216vectorINS0_IiEEE4swapERS2_
FN:655,_ZN3s216vectorIiE4swapERS1_
FN:672,_ZNK3s216vectorINS0_IiEEE6cbeginEv
FN:672,_ZNK3s216vectorIiE6cbeginEv
FN:677,_ZNK3s216vectorINS0_IiEEE4cendEv
FN:677,_ZNK3s216vectorIiE4cendEv
FN:69,_ZN3s216vectorINS0_IiEEEaSERKS2_
FN:69,_ZN3s216vectorIiEaSERKS1_
FN:9,_ZN3s216vectorINS0_IiEEEC1Ev
FN:9,_ZN3s216vectorINS0_IiEEEC2Ev
FN:9,_ZN3s216vectorIiEC1Ev
FN:9,_ZN3s216vectorIiEC2Ev
FNDA:1,_ZN3s216vectorINS0_IiEEEaSEOS2_
FNDA:8,_ZN3s216vectorIiEaSEOS1_
FNDA:7,_ZN3s216vectorINS0_IiEEEC1ESt16initializer_listIS1_E
FNDA:7,_ZN3s216vectorINS0_IiEEEC2ESt16initializer_listIS1_E
FNDA:229,_ZN3s216vectorIiEC1ESt16initializer_listIiE
FNDA:229,_ZN3s216vectorIiEC2ESt16initializer_listIiE
FNDA:2,_ZN3s216vectorIiEaSESt16initializer_listIiE
FNDA:1,_ZN3s216vectorINS0_IiEEE5frontEv
FNDA:1,_ZN3s216vectorIiE5frontEv
FNDA:1,_ZNK3s216vectorINS0_IiEEE5frontEv
FNDA:1,_ZNK3s216vectorIiE5frontEv
FNDA:1,_ZN3s216vectorINS0_IiEEE4backEv
FNDA:208,_ZN3s216vectorIiE4backEv
FNDA:1,_ZNK3s216vectorINS0_IiEEE4backEv
FNDA:2,_ZNK3s216vectorIiE4backEv
FNDA:456,_ZNK3s216vectorINS0_IiEEE5emptyEv
FNDA:1877,_ZNK3s216vectorIiE5emptyEv
FNDA:220,_ZNK3s216vectorINS0_IiEEE4sizeEv
FNDA:273,_ZNK3s216vectorIiE4sizeEv
FNDA:1,_ZNK3s216vectorINS0_IiEEE8max_sizeEv
FNDA:1,_ZNK3s216vectorIiE8max_sizeEv
FNDA:12,_ZNK3s216vectorINS0_IiEEE8capacityEv
FNDA:42,_ZNK3s216vectorIiE8capacityEv
FNDA:1,_ZN3s216vectorINS0_IiEEE6insertENS_21ConstSequenceIteratorIS1_EERKS1_
FNDA:2,_ZN3s216vectorIiE6insertENS_21ConstSequenceIteratorIiEERKi
FNDA:2,_ZN3s216vectorINS0_IiEEE6insertENS_21ConstSequenceIteratorIS1_EEOS1_
FNDA:2,_ZN3s216vectorIiE6insertENS_21ConstSequenceIteratorIiEEOi
FNDA:1,_ZN3s216vectorINS0_IiEEE6insertENS_21ConstSequenceIteratorIS1_EEmRKS1_
FNDA:4,_ZN3s216vectorIiE6insertENS_21ConstSequenceIteratorIiEEmRKi
FNDA:3,_ZN3s216vectorINS0_IiEEEC1ERKS2_
FNDA:3,_ZN3s216vectorINS0_IiEEEC2ERKS2_
FNDA:26,_ZN3s216vectorIiEC1ERKS1_
FNDA:26,_ZN3s216vectorIiEC2ERKS1_
FNDA:200,_ZN3s216vectorIiE9push_backERKi
FNDA:200,_ZN3s216vectorINS0_IiEEE9push_backEOS1_
FNDA:100,_ZN3s216vectorIiE9push_backEOi
FNDA:20,_ZN3s216vectorINS0_IiEEE5clearEv
FNDA:482,_ZN3s216vectorIiE5clearEv
FNDA:100,_ZN3s216vectorINS0_IiEEE8pop_backEv
FNDA:100,_ZN3s216vectorIiE8pop_backEv
FNDA:3,_ZN3s216vectorINS0_IiEEEC1EOS2_
FNDA:3,_ZN3s216vectorINS0_IiEEEC2EOS2_
FNDA:457,_ZN3s216vectorIiEC1EOS1_
FNDA:457,_ZN3s216vectorIiEC2EOS1_
FNDA:18,_ZN3s216vectorINS0_IiEEED1Ev
FNDA:18,_ZN3s216vectorINS0_IiEEED2Ev
FNDA:470,_ZN3s216vectorIiED1Ev
FNDA:470,_ZN3s216vectorIiED2Ev
FNDA:1,_ZN3s216vectorINS0_IiEEE4swapERS2_
FNDA:1,_ZN3s216vectorIiE4swapERS1_
FNDA:17,_ZNK3s216vectorINS0_IiEEE6cbeginEv
FNDA:52,_ZNK3s216vectorIiE6cbeginEv
FNDA:13,_ZNK3s216vectorINS0_IiEEE4cendEv
FNDA:44,_ZNK3s216vectorIiE4cendEv
FNDA:1,_ZN3s216vectorINS0_IiEEEaSERKS2_
FNDA:2,_ZN3s216vectorIiEaSERKS1_
FNDA:5,_ZN3s216vectorINS0_IiEEEC1Ev
FNDA:5,_ZN3s216vectorINS0_IiEEEC2Ev
FNDA:6,_ZN3s216vectorIiEC1Ev
FNDA:6,_ZN3s216vectorIiEC2Ev
FNF:60
FNH:60
DA:9,22
DA:12,472
DA:13,236
DA:14,236
DA:15,472
DA:16,236
DA:19,537
DA:20,301
DA:21,301
DA:24,7
DA:25,0
DA:26,0
DA:27,0
DA:28,0
DA:29,0
DA:30,0
DA:31,472
DA:34,58
DA:35,29
DA:36,29
DA:37,58
DA:38,29
DA:41,296
DA:42,267
DA:43,267
DA:45,3
DA:46,0
DA:47,0
DA:48,0
DA:49,0
DA:50,0
DA:51,0
DA:52,58
DA:55,920
DA:56,920
DA:57,460
DA:58,460
DA:59,460
DA:60,920
DA:63,976
DA:64,488
DA:65,488
DA:66,976
DA:69,3
DA:70,3
DA:71,3
DA:73,3
DA:75,3
DA:78,105
DA:79,102
DA:80,102
DA:82,1
DA:83,0
DA:84,0
DA:85,0
DA:86,0
DA:87,0
DA:88,0
DA:90,3
DA:91,3
DA:93,3
DA:94,3
DA:95,3
DA:96,3
DA:98,3
DA:99,0
DA:102,9
DA:103,9
DA:104,9
DA:105,9
DA:107,9
DA:108,9
DA:110,9
DA:111,9
DA:112,9
DA:114,9
DA:115,9
DA:116,9
DA:117,9
DA:119,9
DA:123,2
DA:124,2
DA:126,2
DA:128,2
DA:131,8
DA:132,6
DA:133,6
DA:144,2
DA:145,2
DA:147,2
DA:148,2
DA:149,2
DA:151,2
DA:183,2
DA:184,2
DA:185,0
DA:187,2
DA:188,0
DA:191,2
DA:192,2
DA:193,0
DA:195,2
DA:196,0
DA:199,209
DA:200,209
DA:201,0
DA:203,209
DA:204,0
DA:207,3
DA:208,3
DA:209,0
DA:211,3
DA:212,0
DA:225,2333
DA:226,2333
DA:230,493
DA:231,493
DA:235,2
DA:236,2
DA:260,54
DA:261,54
DA:281,3
DA:283,3
DA:284,0
DA:287,4
DA:289,4
DA:290,4
DA:291,11
DA:292,7
DA:293,7
DA:296,4
DA:297,13
DA:298,10
DA:299,10
DA:301,3
DA:303,3
DA:305,3
DA:306,1
DA:308,1
DA:311,1
DA:312,1
DA:313,0
DA:314,0
DA:315,0
DA:317,1
DA:319,7
DA:320,6
DA:321,0
DA:322,6
DA:323,5
DA:324,5
DA:325,6
DA:327,6
DA:328,5
DA:329,5
DA:330,1
DA:331,1
DA:332,1
DA:335,4
DA:336,4
DA:339,5
DA:341,5
DA:342,5
DA:343,15
DA:344,10
DA:345,10
DA:348,5
DA:349,6
DA:350,4
DA:351,4
DA:354,2
DA:355,0
DA:356,0
DA:357,0
DA:358,0
DA:359,0
DA:360,0
DA:362,2
DA:364,2
DA:366,3
DA:367,1
DA:368,3
DA:369,1
DA:370,1
DA:371,1
DA:374,3
DA:377,3
DA:378,3
DA:379,0
DA:380,0
DA:381,0
DA:383,3
DA:385,22
DA:386,19
DA:387,19
DA:388,1
DA:389,0
DA:390,0
DA:391,0
DA:392,0
DA:393,0
DA:394,0
DA:395,0
DA:397,30
DA:398,27
DA:399,1
DA:400,27
DA:401,7
DA:402,7
DA:403,27
DA:405,11
DA:406,8
DA:407,8
DA:408,3
DA:409,3
DA:410,3
DA:413,5
DA:414,5
DA:464,200
DA:465,200
DA:467,184
DA:468,184
DA:472,184
DA:473,16
DA:475,16
DA:478,16
DA:484,397
DA:485,381
DA:486,381
DA:488,16
DA:490,16
DA:491,16
DA:492,16
DA:494,200
DA:497,300
DA:498,300
DA:499,283
DA:500,283
DA:501,283
DA:502,17
DA:504,17
DA:506,17
DA:508,272
DA:509,255
DA:510,255
DA:512,17
DA:514,17
DA:515,17
DA:516,17
DA:518,300
DA:521,502
DA:522,1503
DA:523,1001
DA:524,1001
DA:526,502
DA:529,200
DA:530,200
DA:531,200
DA:532,200
DA:533,200
DA:534,200
DA:655,2
DA:656,2
DA:657,2
DA:658,2
DA:659,2
DA:672,69
DA:673,69
DA:677,57
DA:678,57
LF:270
LH:222
end_of_record
